#
# There is insufficient memory for the Java Runtime Environment to continue.
# Native memory allocation (malloc) failed to allocate 32744 bytes for ChunkPool::allocate
# Possible reasons:
#   The system is out of physical RAM or swap space
#   The process is running with CompressedOops enabled, and the Java Heap may be blocking the growth of the native heap
# Possible solutions:
#   Reduce memory load on the system
#   Increase physical memory or swap space
#   Check if swap backing store is full
#   Decrease Java heap size (-Xmx/-Xms)
#   Decrease number of Java threads
#   Decrease Java thread stack sizes (-Xss)
#   Set larger code cache with -XX:ReservedCodeCacheSize=
#   JVM is running with Unscaled Compressed Oops mode in which the Java heap is
#     placed in the first 4GB address space. The Java Heap base address is the
#     maximum limit for the native heap growth. Please use -XX:HeapBaseMinAddress
#     to set the Java Heap base and to place the Java Heap above 4GB virtual address.
# This output file may be truncated or incomplete.
#
#  Out of Memory Error (arena.cpp:79), pid=17264, tid=6576
#
# JRE version: OpenJDK Runtime Environment (17.0.9) (build 17.0.9+0--11185874)
# Java VM: OpenJDK 64-Bit Server VM (17.0.9+0--11185874, mixed mode, tiered, compressed oops, compressed class ptrs, g1 gc, windows-amd64)
# No core dump will be written. Minidumps are not enabled by default on client versions of Windows
#

---------------  S U M M A R Y ------------

Command Line: --add-opens=java.base/java.util=ALL-UNNAMED --add-opens=java.base/java.lang=ALL-UNNAMED --add-opens=java.base/java.lang.invoke=ALL-UNNAMED --add-opens=java.prefs/java.util.prefs=ALL-UNNAMED --add-opens=java.base/java.nio.charset=ALL-UNNAMED --add-opens=java.base/java.net=ALL-UNNAMED --add-opens=java.base/java.util.concurrent.atomic=ALL-UNNAMED -Xmx2048m -Dfile.encoding=UTF-8 -Duser.country=US -Duser.language=en -Duser.variant -javaagent:C:\Users\user\.gradle\wrapper\dists\gradle-8.4-bin\1w5dpkrfk8irigvoxmyhowfim\gradle-8.4\lib\agents\gradle-instrumentation-agent-8.4.jar org.gradle.launcher.daemon.bootstrap.GradleDaemon 8.4

Host: 13th Gen Intel(R) Core(TM) i5-13420H, 12 cores, 7G,  Windows 11 , 64 bit Build 22621 (10.0.22621.3958)
Time: Mon Oct 21 22:02:32 2024 West Asia Standard Time elapsed time: 37.662464 seconds (0d 0h 0m 37s)

---------------  T H R E A D  ---------------

Current thread (0x0000020988baed70):  JavaThread "C2 CompilerThread1" daemon [_thread_in_native, id=6576, stack(0x000000fba2700000,0x000000fba2800000)]


Current CompileTask:
C2:  37662 13807       4       org.gradle.internal.service.DefaultServiceRegistry$SingletonService::get (5 bytes)

Stack: [0x000000fba2700000,0x000000fba2800000]
Native frames: (J=compiled Java code, j=interpreted, Vv=VM code, C=native code)
V  [jvm.dll+0x6886e9]
V  [jvm.dll+0x841e4a]
V  [jvm.dll+0x843a8e]
V  [jvm.dll+0x8440f3]
V  [jvm.dll+0x24c14f]
V  [jvm.dll+0xac66c]
V  [jvm.dll+0xaca9c]
V  [jvm.dll+0xac55b]
V  [jvm.dll+0x82a76c]
V  [jvm.dll+0x5b099a]
V  [jvm.dll+0x5aff3c]
V  [jvm.dll+0x5a9065]
V  [jvm.dll+0x5a95ea]
V  [jvm.dll+0x21f6d8]
V  [jvm.dll+0x21d0c1]
V  [jvm.dll+0x1a674d]
V  [jvm.dll+0x22d088]
V  [jvm.dll+0x22b1c0]
V  [jvm.dll+0x7f62f7]
V  [jvm.dll+0x7f06aa]
V  [jvm.dll+0x687565]
C  [ucrtbase.dll+0x29333]
C  [KERNEL32.DLL+0x1257d]
C  [ntdll.dll+0x5af08]


---------------  P R O C E S S  ---------------

Threads class SMR info:
_java_thread_list=0x000002098e17d940, length=49, elements={
0x00000209e3f8b600, 0x00000209fe3b8690, 0x00000209fe3b9d20, 0x00000209fe3c9490,
0x00000209fe3cb060, 0x00000209fe3cbc20, 0x00000209fe3cc5e0, 0x00000209fe3eb2c0,
0x00000209fe3edcd0, 0x00000209fe3f06e0, 0x00000209fe510f70, 0x00000209fe765950,
0x0000020985219c60, 0x0000020987095830, 0x00000209843824a0, 0x0000020984df3440,
0x000002098437fd20, 0x00000209854284c0, 0x0000020985427aa0, 0x000002098657c5a0,
0x0000020986576a80, 0x00000209865779b0, 0x000002098657c090, 0x000002098657d9e0,
0x0000020986578df0, 0x0000020986579810, 0x0000020986579d20, 0x000002098657b160,
0x000002098657b670, 0x0000020988d90e30, 0x0000020988d8b820, 0x0000020988d8db90,
0x0000020988d8f4e0, 0x0000020988d8e0a0, 0x0000020988d8ff00, 0x0000020988d8cc60,
0x00000209874d5f10, 0x0000020989c03a00, 0x0000020989c04e40, 0x0000020989c06ca0,
0x0000020989c06790, 0x0000020989c09f40, 0x0000020988baed70, 0x0000020988bad830,
0x0000020989c03f10, 0x0000020989c0a450, 0x0000020989c05860, 0x0000020989c076c0,
0x0000020989c04420
}

Java Threads: ( => current thread )
  0x00000209e3f8b600 JavaThread "main" [_thread_blocked, id=7408, stack(0x000000fb9f800000,0x000000fb9f900000)]
  0x00000209fe3b8690 JavaThread "Reference Handler" daemon [_thread_blocked, id=4048, stack(0x000000fb9ff00000,0x000000fba0000000)]
  0x00000209fe3b9d20 JavaThread "Finalizer" daemon [_thread_blocked, id=3388, stack(0x000000fba0000000,0x000000fba0100000)]
  0x00000209fe3c9490 JavaThread "Signal Dispatcher" daemon [_thread_blocked, id=3392, stack(0x000000fba0100000,0x000000fba0200000)]
  0x00000209fe3cb060 JavaThread "Attach Listener" daemon [_thread_blocked, id=3276, stack(0x000000fba0200000,0x000000fba0300000)]
  0x00000209fe3cbc20 JavaThread "Service Thread" daemon [_thread_blocked, id=7336, stack(0x000000fba0300000,0x000000fba0400000)]
  0x00000209fe3cc5e0 JavaThread "Monitor Deflation Thread" daemon [_thread_blocked, id=5160, stack(0x000000fba0400000,0x000000fba0500000)]
  0x00000209fe3eb2c0 JavaThread "C2 CompilerThread0" daemon [_thread_in_native, id=16128, stack(0x000000fba0500000,0x000000fba0600000)]
  0x00000209fe3edcd0 JavaThread "C1 CompilerThread0" daemon [_thread_in_vm, id=5776, stack(0x000000fba0600000,0x000000fba0700000)]
  0x00000209fe3f06e0 JavaThread "Sweeper thread" daemon [_thread_blocked, id=6440, stack(0x000000fba0700000,0x000000fba0800000)]
  0x00000209fe510f70 JavaThread "Common-Cleaner" daemon [_thread_blocked, id=4092, stack(0x000000fba0800000,0x000000fba0900000)]
  0x00000209fe765950 JavaThread "Notification Thread" daemon [_thread_blocked, id=15112, stack(0x000000fba0900000,0x000000fba0a00000)]
  0x0000020985219c60 JavaThread "Daemon health stats" [_thread_blocked, id=4952, stack(0x000000fba1100000,0x000000fba1200000)]
  0x0000020987095830 JavaThread "Incoming local TCP Connector on port 50612" [_thread_in_native, id=7488, stack(0x000000fba1200000,0x000000fba1300000)]
  0x00000209843824a0 JavaThread "Daemon periodic checks" [_thread_blocked, id=16524, stack(0x000000fba1300000,0x000000fba1400000)]
  0x0000020984df3440 JavaThread "Daemon" [_thread_blocked, id=5880, stack(0x000000fba1400000,0x000000fba1500000)]
  0x000002098437fd20 JavaThread "Daemon worker" [_thread_in_Java, id=7320, stack(0x000000fba1700000,0x000000fba1800000)]
  0x00000209854284c0 JavaThread "Cache worker for journal cache (C:\Users\user\.gradle\caches\journal-1)" [_thread_blocked, id=6060, stack(0x000000fba2200000,0x000000fba2300000)]
  0x0000020985427aa0 JavaThread "File lock request listener" [_thread_in_native, id=6032, stack(0x000000fba2300000,0x000000fba2400000)]
  0x000002098657c5a0 JavaThread "Cache worker for file hash cache (C:\Users\user\.gradle\caches\8.4\fileHashes)" [_thread_blocked, id=16548, stack(0x000000fba2400000,0x000000fba2500000)]
  0x0000020986576a80 JavaThread "Cache worker for file content cache (C:\Users\user\.gradle\caches\8.4\fileContent)" [_thread_blocked, id=4508, stack(0x000000fba2a00000,0x000000fba2b00000)]
  0x00000209865779b0 JavaThread "Cache worker for execution history cache (C:\Users\user\.gradle\caches\8.4\executionHistory)" [_thread_blocked, id=16564, stack(0x000000fba2b00000,0x000000fba2c00000)]
  0x000002098657c090 JavaThread "Cache worker for kotlin-dsl (C:\Users\user\.gradle\caches\8.4\kotlin-dsl)" [_thread_blocked, id=6200, stack(0x000000fba2d00000,0x000000fba2e00000)]
  0x000002098657d9e0 JavaThread "jar transforms" [_thread_blocked, id=6316, stack(0x000000fba2e00000,0x000000fba2f00000)]
  0x0000020986578df0 JavaThread "jar transforms Thread 2" [_thread_blocked, id=5808, stack(0x000000fba2f00000,0x000000fba3000000)]
  0x0000020986579810 JavaThread "jar transforms Thread 3" [_thread_blocked, id=5788, stack(0x000000fba3000000,0x000000fba3100000)]
  0x0000020986579d20 JavaThread "jar transforms Thread 4" [_thread_blocked, id=5872, stack(0x000000fba3100000,0x000000fba3200000)]
  0x000002098657b160 JavaThread "jar transforms Thread 5" [_thread_blocked, id=5896, stack(0x000000fba3400000,0x000000fba3500000)]
  0x000002098657b670 JavaThread "jar transforms Thread 6" [_thread_blocked, id=16540, stack(0x000000fba3500000,0x000000fba3600000)]
  0x0000020988d90e30 JavaThread "jar transforms Thread 7" [_thread_blocked, id=6868, stack(0x000000fba4100000,0x000000fba4200000)]
  0x0000020988d8b820 JavaThread "jar transforms Thread 8" [_thread_blocked, id=8300, stack(0x000000fba4200000,0x000000fba4300000)]
  0x0000020988d8db90 JavaThread "jar transforms Thread 9" [_thread_blocked, id=3076, stack(0x000000fba4300000,0x000000fba4400000)]
  0x0000020988d8f4e0 JavaThread "jar transforms Thread 10" [_thread_blocked, id=7084, stack(0x000000fba4400000,0x000000fba4500000)]
  0x0000020988d8e0a0 JavaThread "jar transforms Thread 11" [_thread_blocked, id=7008, stack(0x000000fba4500000,0x000000fba4600000)]
  0x0000020988d8ff00 JavaThread "jar transforms Thread 12" [_thread_blocked, id=6964, stack(0x000000fba4600000,0x000000fba4700000)]
  0x0000020988d8cc60 JavaThread "Memory manager" [_thread_blocked, id=7144, stack(0x000000fba4800000,0x000000fba4900000)]
  0x00000209874d5f10 JavaThread "included builds" [_thread_blocked, id=7468, stack(0x000000fba2c00000,0x000000fba2d00000)]
  0x0000020989c03a00 JavaThread "Handler for socket connection from /127.0.0.1:50612 to /127.0.0.1:50708" [_thread_in_native, id=4184, stack(0x000000fba1500000,0x000000fba1600000)]
  0x0000020989c04e40 JavaThread "Cancel handler" [_thread_blocked, id=4220, stack(0x000000fba1600000,0x000000fba1700000)]
  0x0000020989c06ca0 JavaThread "Asynchronous log dispatcher for DefaultDaemonConnection: socket connection from /127.0.0.1:50612 to /127.0.0.1:50708" [_thread_blocked, id=6000, stack(0x000000fba1800000,0x000000fba1900000)]
  0x0000020989c06790 JavaThread "Stdin handler" [_thread_blocked, id=5584, stack(0x000000fba1900000,0x000000fba1a00000)]
  0x0000020989c09f40 JavaThread "Daemon client event forwarder" [_thread_blocked, id=6188, stack(0x000000fba1a00000,0x000000fba1b00000)]
=>0x0000020988baed70 JavaThread "C2 CompilerThread1" daemon [_thread_in_native, id=6576, stack(0x000000fba2700000,0x000000fba2800000)]
  0x0000020988bad830 JavaThread "C2 CompilerThread2" daemon [_thread_in_native, id=5312, stack(0x000000fba2800000,0x000000fba2900000)]
  0x0000020989c03f10 JavaThread "Cache worker for checksums cache (D:\viewpager2\.gradle\8.4\checksums)" [_thread_blocked, id=8908, stack(0x000000fba2900000,0x000000fba2a00000)]
  0x0000020989c0a450 JavaThread "Cache worker for file hash cache (D:\viewpager2\.gradle\8.4\fileHashes)" [_thread_blocked, id=7480, stack(0x000000fba3200000,0x000000fba3300000)]
  0x0000020989c05860 JavaThread "Cache worker for cache directory md-supplier (C:\Users\user\.gradle\caches\8.4\md-supplier)" [_thread_blocked, id=12456, stack(0x000000fba3300000,0x000000fba3400000)]
  0x0000020989c076c0 JavaThread "Cache worker for cache directory md-rule (C:\Users\user\.gradle\caches\8.4\md-rule)" [_thread_blocked, id=9044, stack(0x000000fba3600000,0x000000fba3700000)]
  0x0000020989c04420 JavaThread "Cache worker for dependencies-accessors (D:\viewpager2\.gradle\8.4\dependencies-accessors)" [_thread_blocked, id=11028, stack(0x000000fba3700000,0x000000fba3800000)]

Other Threads:
  0x00000209fe01e820 VMThread "VM Thread" [stack: 0x000000fb9fe00000,0x000000fb9ff00000] [id=3836]
  0x00000209e3f8c290 WatcherThread [stack: 0x000000fba0a00000,0x000000fba0b00000] [id=4140]
  0x00000209e3fe5b90 GCTaskThread "GC Thread#0" [stack: 0x000000fb9f900000,0x000000fb9fa00000] [id=7424]
  0x00000209fea4ecd0 GCTaskThread "GC Thread#1" [stack: 0x000000fba0d00000,0x000000fba0e00000] [id=4396]
  0x00000209feccd510 GCTaskThread "GC Thread#2" [stack: 0x000000fba0e00000,0x000000fba0f00000] [id=4412]
  0x00000209844a7350 GCTaskThread "GC Thread#3" [stack: 0x000000fba0f00000,0x000000fba1000000] [id=4540]
  0x00000209844a83d0 GCTaskThread "GC Thread#4" [stack: 0x000000fba1000000,0x000000fba1100000] [id=10052]
  0x00000209844a8690 GCTaskThread "GC Thread#5" [stack: 0x000000fba1b00000,0x000000fba1c00000] [id=6616]
  0x00000209844a6dd0 GCTaskThread "GC Thread#6" [stack: 0x000000fba1c00000,0x000000fba1d00000] [id=7056]
  0x00000209844a7b90 GCTaskThread "GC Thread#7" [stack: 0x000000fba1d00000,0x000000fba1e00000] [id=8808]
  0x00000209844a8110 GCTaskThread "GC Thread#8" [stack: 0x000000fba1e00000,0x000000fba1f00000] [id=7052]
  0x00000209844a7090 GCTaskThread "GC Thread#9" [stack: 0x000000fba1f00000,0x000000fba2000000] [id=16520]
  0x00000209e3ff6ae0 ConcurrentGCThread "G1 Main Marker" [stack: 0x000000fb9fa00000,0x000000fb9fb00000] [id=8600]
  0x00000209e3ff7500 ConcurrentGCThread "G1 Conc#0" [stack: 0x000000fb9fb00000,0x000000fb9fc00000] [id=7428]
  0x00000209844a7e50 ConcurrentGCThread "G1 Conc#1" [stack: 0x000000fba2000000,0x000000fba2100000] [id=16516]
  0x0000020984f52410 ConcurrentGCThread "G1 Conc#2" [stack: 0x000000fba2100000,0x000000fba2200000] [id=7416]
  0x00000209e401ec70 ConcurrentGCThread "G1 Refine#0" [stack: 0x000000fb9fc00000,0x000000fb9fd00000] [id=17320]
  0x0000020989826670 ConcurrentGCThread "G1 Refine#1" [stack: 0x000000fba6200000,0x000000fba6300000] [id=5084]
  0x00000209fde96c80 ConcurrentGCThread "G1 Service" [stack: 0x000000fb9fd00000,0x000000fb9fe00000] [id=17316]

Threads with active compile tasks:
C2 CompilerThread0    37687 13808   !   4       org.gradle.internal.service.DefaultServiceRegistry$ManagedObjectServiceProvider::getInstance (47 bytes)
C1 CompilerThread0    37687 13921       3       org.gradle.api.internal.artifacts.ivyservice.ivyresolve.CachingModuleComponentRepository$LocateInCacheRepositoryAccess::resolveComponentMetaDataFromCache (411 bytes)
C2 CompilerThread1    37687 13807       4       org.gradle.internal.service.DefaultServiceRegistry$SingletonService::get (5 bytes)
C2 CompilerThread2    37687 13844       4       org.gradle.api.internal.classpath.DefaultModuleRegistry::getModules (51 bytes)

VM state: not at safepoint (normal execution)

VM Mutex/Monitor currently owned by a thread:  ([mutex/lock_event])
[0x00000209e3f87590] CodeCache_lock - owner thread: 0x0000000000000000

Heap address: 0x0000000080000000, size: 2048 MB, Compressed Oops mode: 32-bit

CDS archive(s) not mapped
Compressed class space mapped at: 0x0000000100000000-0x0000000140000000, reserved size: 1073741824
Narrow klass base: 0x0000000000000000, Narrow klass shift: 3, Narrow klass range: 0x140000000

GC Precious Log:
 CPUs: 12 total, 12 available
 Memory: 7832M
 Large Page Support: Disabled
 NUMA Support: Disabled
 Compressed Oops: Enabled (32-bit)
 Heap Region Size: 1M
 Heap Min Capacity: 8M
 Heap Initial Capacity: 124M
 Heap Max Capacity: 2G
 Pre-touch: Disabled
 Parallel Workers: 10
 Concurrent Workers: 3
 Concurrent Refinement Workers: 10
 Periodic GC: Disabled

Heap:
 garbage-first heap   total 321536K, used 146746K [0x0000000080000000, 0x0000000100000000)
  region size 1024K, 24 young (24576K), 2 survivors (2048K)
 Metaspace       used 115700K, committed 116544K, reserved 1179648K
  class space    used 15973K, committed 16384K, reserved 1048576K

Heap Regions: E=young(eden), S=young(survivor), O=old, HS=humongous(starts), HC=humongous(continues), CS=collection set, F=free, OA=open archive, CA=closed archive, TAMS=top-at-mark-start (previous, next)
|   0|0x0000000080000000, 0x0000000080100000, 0x0000000080100000|100%|HS|  |TAMS 0x0000000080100000, 0x0000000080000000| Complete 
|   1|0x0000000080100000, 0x0000000080200000, 0x0000000080200000|100%|HC|  |TAMS 0x0000000080200000, 0x0000000080100000| Complete 
|   2|0x0000000080200000, 0x0000000080300000, 0x0000000080300000|100%|HC|  |TAMS 0x0000000080300000, 0x0000000080200000| Complete 
|   3|0x0000000080300000, 0x0000000080400000, 0x0000000080400000|100%|HC|  |TAMS 0x0000000080400000, 0x0000000080300000| Complete 
|   4|0x0000000080400000, 0x0000000080500000, 0x0000000080500000|100%| O|  |TAMS 0x0000000080500000, 0x0000000080400000| Untracked 
|   5|0x0000000080500000, 0x0000000080600000, 0x0000000080600000|100%| O|  |TAMS 0x0000000080600000, 0x0000000080500000| Untracked 
|   6|0x0000000080600000, 0x0000000080700000, 0x0000000080700000|100%| O|  |TAMS 0x0000000080700000, 0x0000000080600000| Untracked 
|   7|0x0000000080700000, 0x0000000080800000, 0x0000000080800000|100%| O|  |TAMS 0x0000000080800000, 0x0000000080700000| Untracked 
|   8|0x0000000080800000, 0x0000000080900000, 0x0000000080900000|100%| O|  |TAMS 0x0000000080900000, 0x0000000080800000| Untracked 
|   9|0x0000000080900000, 0x0000000080a00000, 0x0000000080a00000|100%| O|  |TAMS 0x0000000080a00000, 0x0000000080900000| Untracked 
|  10|0x0000000080a00000, 0x0000000080b00000, 0x0000000080b00000|100%| O|  |TAMS 0x0000000080b00000, 0x0000000080a00000| Untracked 
|  11|0x0000000080b00000, 0x0000000080c00000, 0x0000000080c00000|100%| O|  |TAMS 0x0000000080c00000, 0x0000000080b00000| Untracked 
|  12|0x0000000080c00000, 0x0000000080d00000, 0x0000000080d00000|100%| O|  |TAMS 0x0000000080d00000, 0x0000000080c00000| Untracked 
|  13|0x0000000080d00000, 0x0000000080e00000, 0x0000000080e00000|100%| O|  |TAMS 0x0000000080e00000, 0x0000000080d00000| Untracked 
|  14|0x0000000080e00000, 0x0000000080f00000, 0x0000000080f00000|100%| O|  |TAMS 0x0000000080f00000, 0x0000000080e00000| Untracked 
|  15|0x0000000080f00000, 0x0000000081000000, 0x0000000081000000|100%| O|  |TAMS 0x0000000081000000, 0x0000000080f00000| Untracked 
|  16|0x0000000081000000, 0x0000000081100000, 0x0000000081100000|100%| O|  |TAMS 0x0000000081100000, 0x0000000081000000| Untracked 
|  17|0x0000000081100000, 0x0000000081200000, 0x0000000081200000|100%| O|  |TAMS 0x0000000081200000, 0x0000000081100000| Untracked 
|  18|0x0000000081200000, 0x0000000081300000, 0x0000000081300000|100%| O|  |TAMS 0x0000000081300000, 0x0000000081200000| Untracked 
|  19|0x0000000081300000, 0x0000000081400000, 0x0000000081400000|100%| O|  |TAMS 0x0000000081400000, 0x0000000081300000| Untracked 
|  20|0x0000000081400000, 0x0000000081500000, 0x0000000081500000|100%| O|  |TAMS 0x0000000081500000, 0x0000000081400000| Untracked 
|  21|0x0000000081500000, 0x0000000081600000, 0x0000000081600000|100%| O|  |TAMS 0x0000000081600000, 0x0000000081500000| Untracked 
|  22|0x0000000081600000, 0x0000000081700000, 0x0000000081700000|100%| O|  |TAMS 0x0000000081700000, 0x0000000081600000| Untracked 
|  23|0x0000000081700000, 0x0000000081800000, 0x0000000081800000|100%| O|  |TAMS 0x0000000081800000, 0x0000000081700000| Untracked 
|  24|0x0000000081800000, 0x0000000081900000, 0x0000000081900000|100%| O|  |TAMS 0x0000000081900000, 0x0000000081800000| Untracked 
|  25|0x0000000081900000, 0x0000000081a00000, 0x0000000081a00000|100%| O|  |TAMS 0x0000000081a00000, 0x0000000081900000| Untracked 
|  26|0x0000000081a00000, 0x0000000081b00000, 0x0000000081b00000|100%| O|  |TAMS 0x0000000081b00000, 0x0000000081a00000| Untracked 
|  27|0x0000000081b00000, 0x0000000081c00000, 0x0000000081c00000|100%| O|  |TAMS 0x0000000081c00000, 0x0000000081b00000| Untracked 
|  28|0x0000000081c00000, 0x0000000081d00000, 0x0000000081d00000|100%| O|  |TAMS 0x0000000081d00000, 0x0000000081c00000| Untracked 
|  29|0x0000000081d00000, 0x0000000081e00000, 0x0000000081e00000|100%| O|  |TAMS 0x0000000081e00000, 0x0000000081d00000| Untracked 
|  30|0x0000000081e00000, 0x0000000081f00000, 0x0000000081f00000|100%| O|  |TAMS 0x0000000081f00000, 0x0000000081e00000| Untracked 
|  31|0x0000000081f00000, 0x0000000082000000, 0x0000000082000000|100%| O|  |TAMS 0x0000000082000000, 0x0000000081f00000| Untracked 
|  32|0x0000000082000000, 0x0000000082100000, 0x0000000082100000|100%| O|  |TAMS 0x0000000082100000, 0x0000000082000000| Untracked 
|  33|0x0000000082100000, 0x0000000082200000, 0x0000000082200000|100%| O|  |TAMS 0x0000000082200000, 0x0000000082100000| Untracked 
|  34|0x0000000082200000, 0x0000000082300000, 0x0000000082300000|100%| O|  |TAMS 0x0000000082300000, 0x0000000082200000| Untracked 
|  35|0x0000000082300000, 0x0000000082400000, 0x0000000082400000|100%| O|  |TAMS 0x0000000082400000, 0x0000000082300000| Untracked 
|  36|0x0000000082400000, 0x0000000082500000, 0x0000000082500000|100%| O|  |TAMS 0x0000000082500000, 0x0000000082400000| Untracked 
|  37|0x0000000082500000, 0x0000000082600000, 0x0000000082600000|100%| O|  |TAMS 0x0000000082600000, 0x0000000082500000| Untracked 
|  38|0x0000000082600000, 0x0000000082700000, 0x0000000082700000|100%|HS|  |TAMS 0x0000000082700000, 0x0000000082600000| Complete 
|  39|0x0000000082700000, 0x0000000082800000, 0x0000000082800000|100%|HS|  |TAMS 0x0000000082800000, 0x0000000082700000| Complete 
|  40|0x0000000082800000, 0x0000000082900000, 0x0000000082900000|100%|HS|  |TAMS 0x0000000082900000, 0x0000000082800000| Complete 
|  41|0x0000000082900000, 0x0000000082a00000, 0x0000000082a00000|100%|HC|  |TAMS 0x0000000082a00000, 0x0000000082900000| Complete 
|  42|0x0000000082a00000, 0x0000000082b00000, 0x0000000082b00000|100%|HS|  |TAMS 0x0000000082b00000, 0x0000000082a00000| Complete 
|  43|0x0000000082b00000, 0x0000000082c00000, 0x0000000082c00000|100%|HC|  |TAMS 0x0000000082c00000, 0x0000000082b00000| Complete 
|  44|0x0000000082c00000, 0x0000000082d00000, 0x0000000082d00000|100%|HS|  |TAMS 0x0000000082d00000, 0x0000000082c00000| Complete 
|  45|0x0000000082d00000, 0x0000000082e00000, 0x0000000082e00000|100%|HS|  |TAMS 0x0000000082e00000, 0x0000000082d00000| Complete 
|  46|0x0000000082e00000, 0x0000000082f00000, 0x0000000082f00000|100%|HC|  |TAMS 0x0000000082f00000, 0x0000000082e00000| Complete 
|  47|0x0000000082f00000, 0x0000000083000000, 0x0000000083000000|100%|HC|  |TAMS 0x0000000083000000, 0x0000000082f00000| Complete 
|  48|0x0000000083000000, 0x0000000083100000, 0x0000000083100000|100%|HC|  |TAMS 0x0000000083100000, 0x0000000083000000| Complete 
|  49|0x0000000083100000, 0x0000000083200000, 0x0000000083200000|100%| O|  |TAMS 0x0000000083200000, 0x0000000083100000| Untracked 
|  50|0x0000000083200000, 0x0000000083300000, 0x0000000083300000|100%| O|  |TAMS 0x0000000083300000, 0x0000000083200000| Untracked 
|  51|0x0000000083300000, 0x0000000083400000, 0x0000000083400000|100%| O|  |TAMS 0x0000000083400000, 0x0000000083300000| Untracked 
|  52|0x0000000083400000, 0x0000000083500000, 0x0000000083500000|100%| O|  |TAMS 0x0000000083500000, 0x0000000083400000| Untracked 
|  53|0x0000000083500000, 0x0000000083600000, 0x0000000083600000|100%| O|  |TAMS 0x0000000083600000, 0x0000000083500000| Untracked 
|  54|0x0000000083600000, 0x0000000083700000, 0x0000000083700000|100%| O|  |TAMS 0x0000000083700000, 0x0000000083600000| Untracked 
|  55|0x0000000083700000, 0x0000000083800000, 0x0000000083800000|100%|HS|  |TAMS 0x0000000083800000, 0x0000000083700000| Complete 
|  56|0x0000000083800000, 0x0000000083900000, 0x0000000083900000|100%| O|  |TAMS 0x0000000083900000, 0x0000000083800000| Untracked 
|  57|0x0000000083900000, 0x0000000083a00000, 0x0000000083a00000|100%| O|  |TAMS 0x0000000083a00000, 0x0000000083900000| Untracked 
|  58|0x0000000083a00000, 0x0000000083b00000, 0x0000000083b00000|100%| O|  |TAMS 0x0000000083b00000, 0x0000000083a00000| Untracked 
|  59|0x0000000083b00000, 0x0000000083c00000, 0x0000000083c00000|100%|HS|  |TAMS 0x0000000083c00000, 0x0000000083b00000| Complete 
|  60|0x0000000083c00000, 0x0000000083d00000, 0x0000000083d00000|100%| O|  |TAMS 0x0000000083d00000, 0x0000000083c00000| Untracked 
|  61|0x0000000083d00000, 0x0000000083e00000, 0x0000000083e00000|100%| O|  |TAMS 0x0000000083e00000, 0x0000000083d00000| Untracked 
|  62|0x0000000083e00000, 0x0000000083f00000, 0x0000000083f00000|100%| O|  |TAMS 0x0000000083f00000, 0x0000000083e00000| Untracked 
|  63|0x0000000083f00000, 0x0000000084000000, 0x0000000084000000|100%| O|  |TAMS 0x0000000084000000, 0x0000000083f00000| Untracked 
|  64|0x0000000084000000, 0x0000000084100000, 0x0000000084100000|100%| O|  |TAMS 0x0000000084100000, 0x0000000084000000| Untracked 
|  65|0x0000000084100000, 0x0000000084200000, 0x0000000084200000|100%| O|  |TAMS 0x0000000084200000, 0x0000000084100000| Untracked 
|  66|0x0000000084200000, 0x0000000084300000, 0x0000000084300000|100%| O|  |TAMS 0x0000000084300000, 0x0000000084200000| Untracked 
|  67|0x0000000084300000, 0x0000000084400000, 0x0000000084400000|100%| O|  |TAMS 0x0000000084400000, 0x0000000084300000| Untracked 
|  68|0x0000000084400000, 0x0000000084500000, 0x0000000084500000|100%| O|  |TAMS 0x0000000084500000, 0x0000000084400000| Untracked 
|  69|0x0000000084500000, 0x0000000084600000, 0x0000000084600000|100%| O|  |TAMS 0x0000000084600000, 0x0000000084500000| Untracked 
|  70|0x0000000084600000, 0x0000000084700000, 0x0000000084700000|100%|HS|  |TAMS 0x0000000084700000, 0x0000000084600000| Complete 
|  71|0x0000000084700000, 0x0000000084800000, 0x0000000084800000|100%|HC|  |TAMS 0x0000000084800000, 0x0000000084700000| Complete 
|  72|0x0000000084800000, 0x0000000084900000, 0x0000000084900000|100%|HC|  |TAMS 0x0000000084900000, 0x0000000084800000| Complete 
|  73|0x0000000084900000, 0x0000000084a00000, 0x0000000084a00000|100%|HC|  |TAMS 0x0000000084a00000, 0x0000000084900000| Complete 
|  74|0x0000000084a00000, 0x0000000084b00000, 0x0000000084b00000|100%| O|  |TAMS 0x0000000084b00000, 0x0000000084a00000| Untracked 
|  75|0x0000000084b00000, 0x0000000084c00000, 0x0000000084c00000|100%| O|  |TAMS 0x0000000084c00000, 0x0000000084b00000| Untracked 
|  76|0x0000000084c00000, 0x0000000084d00000, 0x0000000084d00000|100%| O|  |TAMS 0x0000000084d00000, 0x0000000084c00000| Untracked 
|  77|0x0000000084d00000, 0x0000000084e00000, 0x0000000084e00000|100%| O|  |TAMS 0x0000000084e00000, 0x0000000084d00000| Untracked 
|  78|0x0000000084e00000, 0x0000000084f00000, 0x0000000084f00000|100%| O|  |TAMS 0x0000000084f00000, 0x0000000084e00000| Untracked 
|  79|0x0000000084f00000, 0x0000000085000000, 0x0000000085000000|100%| O|  |TAMS 0x0000000085000000, 0x0000000084f00000| Untracked 
|  80|0x0000000085000000, 0x0000000085100000, 0x0000000085100000|100%| O|  |TAMS 0x0000000085100000, 0x0000000085000000| Untracked 
|  81|0x0000000085100000, 0x0000000085200000, 0x0000000085200000|100%| O|  |TAMS 0x0000000085100000, 0x0000000085100000| Untracked 
|  82|0x0000000085200000, 0x0000000085300000, 0x0000000085300000|100%| O|  |TAMS 0x0000000085200000, 0x0000000085200000| Untracked 
|  83|0x0000000085300000, 0x0000000085400000, 0x0000000085400000|100%| O|  |TAMS 0x0000000085400000, 0x0000000085300000| Untracked 
|  84|0x0000000085400000, 0x0000000085500000, 0x0000000085500000|100%| O|  |TAMS 0x0000000085500000, 0x0000000085400000| Untracked 
|  85|0x0000000085500000, 0x0000000085600000, 0x0000000085600000|100%| O|  |TAMS 0x0000000085600000, 0x0000000085500000| Untracked 
|  86|0x0000000085600000, 0x0000000085700000, 0x0000000085700000|100%| O|  |TAMS 0x0000000085700000, 0x0000000085600000| Untracked 
|  87|0x0000000085700000, 0x0000000085800000, 0x0000000085800000|100%| O|  |TAMS 0x0000000085800000, 0x0000000085700000| Untracked 
|  88|0x0000000085800000, 0x0000000085900000, 0x0000000085900000|100%| O|  |TAMS 0x0000000085900000, 0x0000000085800000| Untracked 
|  89|0x0000000085900000, 0x0000000085a00000, 0x0000000085a00000|100%| O|  |TAMS 0x0000000085a00000, 0x0000000085900000| Untracked 
|  90|0x0000000085a00000, 0x0000000085b00000, 0x0000000085b00000|100%| O|  |TAMS 0x0000000085b00000, 0x0000000085a00000| Untracked 
|  91|0x0000000085b00000, 0x0000000085c00000, 0x0000000085c00000|100%| O|  |TAMS 0x0000000085c00000, 0x0000000085b00000| Untracked 
|  92|0x0000000085c00000, 0x0000000085d00000, 0x0000000085d00000|100%| O|  |TAMS 0x0000000085d00000, 0x0000000085c00000| Untracked 
|  93|0x0000000085d00000, 0x0000000085e00000, 0x0000000085e00000|100%| O|  |TAMS 0x0000000085e00000, 0x0000000085d00000| Untracked 
|  94|0x0000000085e00000, 0x0000000085f00000, 0x0000000085f00000|100%| O|  |TAMS 0x0000000085f00000, 0x0000000085e00000| Untracked 
|  95|0x0000000085f00000, 0x0000000086000000, 0x0000000086000000|100%| O|  |TAMS 0x0000000086000000, 0x0000000085f00000| Untracked 
|  96|0x0000000086000000, 0x0000000086100000, 0x0000000086100000|100%| O|  |TAMS 0x0000000086100000, 0x0000000086000000| Untracked 
|  97|0x0000000086100000, 0x0000000086200000, 0x0000000086200000|100%| O|  |TAMS 0x0000000086200000, 0x0000000086100000| Untracked 
|  98|0x0000000086200000, 0x0000000086300000, 0x0000000086300000|100%| O|  |TAMS 0x0000000086300000, 0x0000000086200000| Untracked 
|  99|0x0000000086300000, 0x0000000086400000, 0x0000000086400000|100%| O|  |TAMS 0x0000000086400000, 0x0000000086300000| Untracked 
| 100|0x0000000086400000, 0x0000000086500000, 0x0000000086500000|100%| O|  |TAMS 0x0000000086500000, 0x0000000086400000| Untracked 
| 101|0x0000000086500000, 0x0000000086600000, 0x0000000086600000|100%| O|  |TAMS 0x0000000086600000, 0x0000000086500000| Untracked 
| 102|0x0000000086600000, 0x0000000086700000, 0x0000000086700000|100%| O|  |TAMS 0x0000000086700000, 0x0000000086600000| Untracked 
| 103|0x0000000086700000, 0x0000000086800000, 0x0000000086800000|100%| O|  |TAMS 0x0000000086700000, 0x0000000086700000| Untracked 
| 104|0x0000000086800000, 0x0000000086800000, 0x0000000086900000|  0%| F|  |TAMS 0x0000000086800000, 0x0000000086800000| Untracked 
| 105|0x0000000086900000, 0x0000000086900000, 0x0000000086a00000|  0%| F|  |TAMS 0x0000000086900000, 0x0000000086900000| Untracked 
| 106|0x0000000086a00000, 0x0000000086a00000, 0x0000000086b00000|  0%| F|  |TAMS 0x0000000086a00000, 0x0000000086a00000| Untracked 
| 107|0x0000000086b00000, 0x0000000086b00000, 0x0000000086c00000|  0%| F|  |TAMS 0x0000000086b00000, 0x0000000086b00000| Untracked 
| 108|0x0000000086c00000, 0x0000000086d00000, 0x0000000086d00000|100%| O|  |TAMS 0x0000000086c00000, 0x0000000086c00000| Untracked 
| 109|0x0000000086d00000, 0x0000000086e00000, 0x0000000086e00000|100%| O|  |TAMS 0x0000000086e00000, 0x0000000086d00000| Untracked 
| 110|0x0000000086e00000, 0x0000000086f00000, 0x0000000086f00000|100%| O|  |TAMS 0x0000000086f00000, 0x0000000086e00000| Untracked 
| 111|0x0000000086f00000, 0x0000000086f00000, 0x0000000087000000|  0%| F|  |TAMS 0x0000000086f00000, 0x0000000086f00000| Untracked 
| 112|0x0000000087000000, 0x0000000087000000, 0x0000000087100000|  0%| F|  |TAMS 0x0000000087000000, 0x0000000087000000| Untracked 
| 113|0x0000000087100000, 0x0000000087100000, 0x0000000087200000|  0%| F|  |TAMS 0x0000000087100000, 0x0000000087100000| Untracked 
| 114|0x0000000087200000, 0x0000000087200000, 0x0000000087300000|  0%| F|  |TAMS 0x0000000087200000, 0x0000000087200000| Untracked 
| 115|0x0000000087300000, 0x0000000087300000, 0x0000000087400000|  0%| F|  |TAMS 0x0000000087300000, 0x0000000087300000| Untracked 
| 116|0x0000000087400000, 0x0000000087400000, 0x0000000087500000|  0%| F|  |TAMS 0x0000000087400000, 0x0000000087400000| Untracked 
| 117|0x0000000087500000, 0x0000000087600000, 0x0000000087600000|100%| O|  |TAMS 0x0000000087500000, 0x0000000087500000| Untracked 
| 118|0x0000000087600000, 0x0000000087600000, 0x0000000087700000|  0%| F|  |TAMS 0x0000000087600000, 0x0000000087600000| Untracked 
| 119|0x0000000087700000, 0x0000000087800000, 0x0000000087800000|100%| O|  |TAMS 0x0000000087800000, 0x0000000087700000| Untracked 
| 120|0x0000000087800000, 0x0000000087900000, 0x0000000087900000|100%| O|  |TAMS 0x0000000087900000, 0x0000000087800000| Untracked 
| 121|0x0000000087900000, 0x0000000087a00000, 0x0000000087a00000|100%| O|  |TAMS 0x0000000087a00000, 0x0000000087900000| Untracked 
| 122|0x0000000087a00000, 0x0000000087b00000, 0x0000000087b00000|100%| O|  |TAMS 0x0000000087a2e800, 0x0000000087a00000| Untracked 
| 123|0x0000000087b00000, 0x0000000087c00000, 0x0000000087c00000|100%| O|  |TAMS 0x0000000087b00000, 0x0000000087b00000| Untracked 
| 124|0x0000000087c00000, 0x0000000087d00000, 0x0000000087d00000|100%| O|  |TAMS 0x0000000087c00000, 0x0000000087c00000| Untracked 
| 125|0x0000000087d00000, 0x0000000087e00000, 0x0000000087e00000|100%| O|  |TAMS 0x0000000087d00000, 0x0000000087d00000| Untracked 
| 126|0x0000000087e00000, 0x0000000087f00000, 0x0000000087f00000|100%| O|  |TAMS 0x0000000087e00000, 0x0000000087e00000| Untracked 
| 127|0x0000000087f00000, 0x0000000088000000, 0x0000000088000000|100%| O|  |TAMS 0x0000000087f00000, 0x0000000087f00000| Untracked 
| 128|0x0000000088000000, 0x0000000088100000, 0x0000000088100000|100%| O|  |TAMS 0x0000000088000000, 0x0000000088000000| Untracked 
| 129|0x0000000088100000, 0x000000008818fc00, 0x0000000088200000| 56%| O|  |TAMS 0x0000000088100000, 0x0000000088100000| Untracked 
| 130|0x0000000088200000, 0x0000000088200000, 0x0000000088300000|  0%| F|  |TAMS 0x0000000088200000, 0x0000000088200000| Untracked 
| 131|0x0000000088300000, 0x0000000088300000, 0x0000000088400000|  0%| F|  |TAMS 0x0000000088300000, 0x0000000088300000| Untracked 
| 132|0x0000000088400000, 0x0000000088400000, 0x0000000088500000|  0%| F|  |TAMS 0x0000000088400000, 0x0000000088400000| Untracked 
| 133|0x0000000088500000, 0x0000000088500000, 0x0000000088600000|  0%| F|  |TAMS 0x0000000088500000, 0x0000000088500000| Untracked 
| 134|0x0000000088600000, 0x0000000088600000, 0x0000000088700000|  0%| F|  |TAMS 0x0000000088600000, 0x0000000088600000| Untracked 
| 135|0x0000000088700000, 0x0000000088700000, 0x0000000088800000|  0%| F|  |TAMS 0x0000000088700000, 0x0000000088700000| Untracked 
| 136|0x0000000088800000, 0x0000000088900000, 0x0000000088900000|100%| O|  |TAMS 0x0000000088900000, 0x0000000088800000| Untracked 
| 137|0x0000000088900000, 0x0000000088a00000, 0x0000000088a00000|100%| O|  |TAMS 0x0000000088a00000, 0x0000000088900000| Untracked 
| 138|0x0000000088a00000, 0x0000000088a00000, 0x0000000088b00000|  0%| F|  |TAMS 0x0000000088a00000, 0x0000000088a00000| Untracked 
| 139|0x0000000088b00000, 0x0000000088b00000, 0x0000000088c00000|  0%| F|  |TAMS 0x0000000088b00000, 0x0000000088b00000| Untracked 
| 140|0x0000000088c00000, 0x0000000088c00000, 0x0000000088d00000|  0%| F|  |TAMS 0x0000000088c00000, 0x0000000088c00000| Untracked 
| 141|0x0000000088d00000, 0x0000000088d00000, 0x0000000088e00000|  0%| F|  |TAMS 0x0000000088d00000, 0x0000000088d00000| Untracked 
| 142|0x0000000088e00000, 0x0000000088e00000, 0x0000000088f00000|  0%| F|  |TAMS 0x0000000088e00000, 0x0000000088e00000| Untracked 
| 143|0x0000000088f00000, 0x0000000088f00000, 0x0000000089000000|  0%| F|  |TAMS 0x0000000088f00000, 0x0000000088f00000| Untracked 
| 144|0x0000000089000000, 0x0000000089000000, 0x0000000089100000|  0%| F|  |TAMS 0x0000000089000000, 0x0000000089000000| Untracked 
| 145|0x0000000089100000, 0x0000000089100000, 0x0000000089200000|  0%| F|  |TAMS 0x0000000089100000, 0x0000000089100000| Untracked 
| 146|0x0000000089200000, 0x0000000089200000, 0x0000000089300000|  0%| F|  |TAMS 0x0000000089200000, 0x0000000089200000| Untracked 
| 147|0x0000000089300000, 0x0000000089300000, 0x0000000089400000|  0%| F|  |TAMS 0x0000000089300000, 0x0000000089300000| Untracked 
| 148|0x0000000089400000, 0x0000000089400000, 0x0000000089500000|  0%| F|  |TAMS 0x0000000089400000, 0x0000000089400000| Untracked 
| 149|0x0000000089500000, 0x0000000089500000, 0x0000000089600000|  0%| F|  |TAMS 0x0000000089500000, 0x0000000089500000| Untracked 
| 150|0x0000000089600000, 0x0000000089600000, 0x0000000089700000|  0%| F|  |TAMS 0x0000000089600000, 0x0000000089600000| Untracked 
| 151|0x0000000089700000, 0x0000000089700000, 0x0000000089800000|  0%| F|  |TAMS 0x0000000089700000, 0x0000000089700000| Untracked 
| 152|0x0000000089800000, 0x0000000089800000, 0x0000000089900000|  0%| F|  |TAMS 0x0000000089800000, 0x0000000089800000| Untracked 
| 153|0x0000000089900000, 0x0000000089900000, 0x0000000089a00000|  0%| F|  |TAMS 0x0000000089900000, 0x0000000089900000| Untracked 
| 154|0x0000000089a00000, 0x0000000089a00000, 0x0000000089b00000|  0%| F|  |TAMS 0x0000000089a00000, 0x0000000089a00000| Untracked 
| 155|0x0000000089b00000, 0x0000000089b00000, 0x0000000089c00000|  0%| F|  |TAMS 0x0000000089b00000, 0x0000000089b00000| Untracked 
| 156|0x0000000089c00000, 0x0000000089c00000, 0x0000000089d00000|  0%| F|  |TAMS 0x0000000089c00000, 0x0000000089c00000| Untracked 
| 157|0x0000000089d00000, 0x0000000089d00000, 0x0000000089e00000|  0%| F|  |TAMS 0x0000000089d00000, 0x0000000089d00000| Untracked 
| 158|0x0000000089e00000, 0x0000000089e00000, 0x0000000089f00000|  0%| F|  |TAMS 0x0000000089e00000, 0x0000000089e00000| Untracked 
| 159|0x0000000089f00000, 0x0000000089f00000, 0x000000008a000000|  0%| F|  |TAMS 0x0000000089f00000, 0x0000000089f00000| Untracked 
| 160|0x000000008a000000, 0x000000008a000000, 0x000000008a100000|  0%| F|  |TAMS 0x000000008a000000, 0x000000008a000000| Untracked 
| 161|0x000000008a100000, 0x000000008a100000, 0x000000008a200000|  0%| F|  |TAMS 0x000000008a100000, 0x000000008a100000| Untracked 
| 162|0x000000008a200000, 0x000000008a200000, 0x000000008a300000|  0%| F|  |TAMS 0x000000008a200000, 0x000000008a200000| Untracked 
| 163|0x000000008a300000, 0x000000008a300000, 0x000000008a400000|  0%| F|  |TAMS 0x000000008a300000, 0x000000008a300000| Untracked 
| 164|0x000000008a400000, 0x000000008a400000, 0x000000008a500000|  0%| F|  |TAMS 0x000000008a400000, 0x000000008a400000| Untracked 
| 165|0x000000008a500000, 0x000000008a500000, 0x000000008a600000|  0%| F|  |TAMS 0x000000008a500000, 0x000000008a500000| Untracked 
| 166|0x000000008a600000, 0x000000008a600000, 0x000000008a700000|  0%| F|  |TAMS 0x000000008a600000, 0x000000008a600000| Untracked 
| 167|0x000000008a700000, 0x000000008a700000, 0x000000008a800000|  0%| F|  |TAMS 0x000000008a700000, 0x000000008a700000| Untracked 
| 168|0x000000008a800000, 0x000000008a800000, 0x000000008a900000|  0%| F|  |TAMS 0x000000008a800000, 0x000000008a800000| Untracked 
| 169|0x000000008a900000, 0x000000008a900000, 0x000000008aa00000|  0%| F|  |TAMS 0x000000008a900000, 0x000000008a900000| Untracked 
| 170|0x000000008aa00000, 0x000000008aa00000, 0x000000008ab00000|  0%| F|  |TAMS 0x000000008aa00000, 0x000000008aa00000| Untracked 
| 171|0x000000008ab00000, 0x000000008ab00000, 0x000000008ac00000|  0%| F|  |TAMS 0x000000008ab00000, 0x000000008ab00000| Untracked 
| 172|0x000000008ac00000, 0x000000008ac00000, 0x000000008ad00000|  0%| F|  |TAMS 0x000000008ac00000, 0x000000008ac00000| Untracked 
| 173|0x000000008ad00000, 0x000000008ad00000, 0x000000008ae00000|  0%| F|  |TAMS 0x000000008ad00000, 0x000000008ad00000| Untracked 
| 174|0x000000008ae00000, 0x000000008ae00000, 0x000000008af00000|  0%| F|  |TAMS 0x000000008ae00000, 0x000000008ae00000| Untracked 
| 175|0x000000008af00000, 0x000000008af00000, 0x000000008b000000|  0%| F|  |TAMS 0x000000008af00000, 0x000000008af00000| Untracked 
| 176|0x000000008b000000, 0x000000008b000000, 0x000000008b100000|  0%| F|  |TAMS 0x000000008b000000, 0x000000008b000000| Untracked 
| 177|0x000000008b100000, 0x000000008b100000, 0x000000008b200000|  0%| F|  |TAMS 0x000000008b100000, 0x000000008b100000| Untracked 
| 178|0x000000008b200000, 0x000000008b200000, 0x000000008b300000|  0%| F|  |TAMS 0x000000008b200000, 0x000000008b200000| Untracked 
| 179|0x000000008b300000, 0x000000008b300000, 0x000000008b400000|  0%| F|  |TAMS 0x000000008b300000, 0x000000008b300000| Untracked 
| 180|0x000000008b400000, 0x000000008b400000, 0x000000008b500000|  0%| F|  |TAMS 0x000000008b400000, 0x000000008b400000| Untracked 
| 181|0x000000008b500000, 0x000000008b500000, 0x000000008b600000|  0%| F|  |TAMS 0x000000008b500000, 0x000000008b500000| Untracked 
| 182|0x000000008b600000, 0x000000008b600000, 0x000000008b700000|  0%| F|  |TAMS 0x000000008b600000, 0x000000008b600000| Untracked 
| 183|0x000000008b700000, 0x000000008b700000, 0x000000008b800000|  0%| F|  |TAMS 0x000000008b700000, 0x000000008b700000| Untracked 
| 184|0x000000008b800000, 0x000000008b800000, 0x000000008b900000|  0%| F|  |TAMS 0x000000008b800000, 0x000000008b800000| Untracked 
| 185|0x000000008b900000, 0x000000008b900000, 0x000000008ba00000|  0%| F|  |TAMS 0x000000008b900000, 0x000000008b900000| Untracked 
| 186|0x000000008ba00000, 0x000000008ba00000, 0x000000008bb00000|  0%| F|  |TAMS 0x000000008ba00000, 0x000000008ba00000| Untracked 
| 187|0x000000008bb00000, 0x000000008bb00000, 0x000000008bc00000|  0%| F|  |TAMS 0x000000008bb00000, 0x000000008bb00000| Untracked 
| 188|0x000000008bc00000, 0x000000008bc00000, 0x000000008bd00000|  0%| F|  |TAMS 0x000000008bc00000, 0x000000008bc00000| Untracked 
| 189|0x000000008bd00000, 0x000000008bd00000, 0x000000008be00000|  0%| F|  |TAMS 0x000000008bd00000, 0x000000008bd00000| Untracked 
| 190|0x000000008be00000, 0x000000008be00000, 0x000000008bf00000|  0%| F|  |TAMS 0x000000008be00000, 0x000000008be00000| Untracked 
| 191|0x000000008bf00000, 0x000000008bf00000, 0x000000008c000000|  0%| F|  |TAMS 0x000000008bf00000, 0x000000008bf00000| Untracked 
| 192|0x000000008c000000, 0x000000008c000000, 0x000000008c100000|  0%| F|  |TAMS 0x000000008c000000, 0x000000008c000000| Untracked 
| 193|0x000000008c100000, 0x000000008c100000, 0x000000008c200000|  0%| F|  |TAMS 0x000000008c100000, 0x000000008c100000| Untracked 
| 194|0x000000008c200000, 0x000000008c200000, 0x000000008c300000|  0%| F|  |TAMS 0x000000008c200000, 0x000000008c200000| Untracked 
| 195|0x000000008c300000, 0x000000008c300000, 0x000000008c400000|  0%| F|  |TAMS 0x000000008c300000, 0x000000008c300000| Untracked 
| 196|0x000000008c400000, 0x000000008c400000, 0x000000008c500000|  0%| F|  |TAMS 0x000000008c400000, 0x000000008c400000| Untracked 
| 197|0x000000008c500000, 0x000000008c500000, 0x000000008c600000|  0%| F|  |TAMS 0x000000008c500000, 0x000000008c500000| Untracked 
| 198|0x000000008c600000, 0x000000008c600000, 0x000000008c700000|  0%| F|  |TAMS 0x000000008c600000, 0x000000008c600000| Untracked 
| 199|0x000000008c700000, 0x000000008c700000, 0x000000008c800000|  0%| F|  |TAMS 0x000000008c700000, 0x000000008c700000| Untracked 
| 200|0x000000008c800000, 0x000000008c800000, 0x000000008c900000|  0%| F|  |TAMS 0x000000008c800000, 0x000000008c800000| Untracked 
| 201|0x000000008c900000, 0x000000008c900000, 0x000000008ca00000|  0%| F|  |TAMS 0x000000008c900000, 0x000000008c900000| Untracked 
| 202|0x000000008ca00000, 0x000000008ca00000, 0x000000008cb00000|  0%| F|  |TAMS 0x000000008ca00000, 0x000000008ca00000| Untracked 
| 203|0x000000008cb00000, 0x000000008cb00000, 0x000000008cc00000|  0%| F|  |TAMS 0x000000008cb00000, 0x000000008cb00000| Untracked 
| 204|0x000000008cc00000, 0x000000008cc00000, 0x000000008cd00000|  0%| F|  |TAMS 0x000000008cc00000, 0x000000008cc00000| Untracked 
| 205|0x000000008cd00000, 0x000000008cd00000, 0x000000008ce00000|  0%| F|  |TAMS 0x000000008cd00000, 0x000000008cd00000| Untracked 
| 206|0x000000008ce00000, 0x000000008ce00000, 0x000000008cf00000|  0%| F|  |TAMS 0x000000008ce00000, 0x000000008ce00000| Untracked 
| 207|0x000000008cf00000, 0x000000008cf00000, 0x000000008d000000|  0%| F|  |TAMS 0x000000008cf00000, 0x000000008cf00000| Untracked 
| 208|0x000000008d000000, 0x000000008d000000, 0x000000008d100000|  0%| F|  |TAMS 0x000000008d000000, 0x000000008d000000| Untracked 
| 209|0x000000008d100000, 0x000000008d100000, 0x000000008d200000|  0%| F|  |TAMS 0x000000008d100000, 0x000000008d100000| Untracked 
| 210|0x000000008d200000, 0x000000008d200000, 0x000000008d300000|  0%| F|  |TAMS 0x000000008d200000, 0x000000008d200000| Untracked 
| 211|0x000000008d300000, 0x000000008d300000, 0x000000008d400000|  0%| F|  |TAMS 0x000000008d300000, 0x000000008d300000| Untracked 
| 212|0x000000008d400000, 0x000000008d400000, 0x000000008d500000|  0%| F|  |TAMS 0x000000008d400000, 0x000000008d400000| Untracked 
| 213|0x000000008d500000, 0x000000008d500000, 0x000000008d600000|  0%| F|  |TAMS 0x000000008d500000, 0x000000008d500000| Untracked 
| 214|0x000000008d600000, 0x000000008d600000, 0x000000008d700000|  0%| F|  |TAMS 0x000000008d600000, 0x000000008d600000| Untracked 
| 215|0x000000008d700000, 0x000000008d700000, 0x000000008d800000|  0%| F|  |TAMS 0x000000008d700000, 0x000000008d700000| Untracked 
| 216|0x000000008d800000, 0x000000008d800000, 0x000000008d900000|  0%| F|  |TAMS 0x000000008d800000, 0x000000008d800000| Untracked 
| 217|0x000000008d900000, 0x000000008d900000, 0x000000008da00000|  0%| F|  |TAMS 0x000000008d900000, 0x000000008d900000| Untracked 
| 218|0x000000008da00000, 0x000000008da00000, 0x000000008db00000|  0%| F|  |TAMS 0x000000008da00000, 0x000000008da00000| Untracked 
| 219|0x000000008db00000, 0x000000008db00000, 0x000000008dc00000|  0%| F|  |TAMS 0x000000008db00000, 0x000000008db00000| Untracked 
| 220|0x000000008dc00000, 0x000000008dc00000, 0x000000008dd00000|  0%| F|  |TAMS 0x000000008dc00000, 0x000000008dc00000| Untracked 
| 221|0x000000008dd00000, 0x000000008dd00000, 0x000000008de00000|  0%| F|  |TAMS 0x000000008dd00000, 0x000000008dd00000| Untracked 
| 222|0x000000008de00000, 0x000000008de00000, 0x000000008df00000|  0%| F|  |TAMS 0x000000008de00000, 0x000000008de00000| Untracked 
| 223|0x000000008df00000, 0x000000008df00000, 0x000000008e000000|  0%| F|  |TAMS 0x000000008df00000, 0x000000008df00000| Untracked 
| 224|0x000000008e000000, 0x000000008e000000, 0x000000008e100000|  0%| F|  |TAMS 0x000000008e000000, 0x000000008e000000| Untracked 
| 225|0x000000008e100000, 0x000000008e100000, 0x000000008e200000|  0%| F|  |TAMS 0x000000008e100000, 0x000000008e100000| Untracked 
| 226|0x000000008e200000, 0x000000008e200000, 0x000000008e300000|  0%| F|  |TAMS 0x000000008e200000, 0x000000008e200000| Untracked 
| 227|0x000000008e300000, 0x000000008e300000, 0x000000008e400000|  0%| F|  |TAMS 0x000000008e300000, 0x000000008e300000| Untracked 
| 228|0x000000008e400000, 0x000000008e400000, 0x000000008e500000|  0%| F|  |TAMS 0x000000008e400000, 0x000000008e400000| Untracked 
| 229|0x000000008e500000, 0x000000008e500000, 0x000000008e600000|  0%| F|  |TAMS 0x000000008e500000, 0x000000008e500000| Untracked 
| 230|0x000000008e600000, 0x000000008e600000, 0x000000008e700000|  0%| F|  |TAMS 0x000000008e600000, 0x000000008e600000| Untracked 
| 231|0x000000008e700000, 0x000000008e700000, 0x000000008e800000|  0%| F|  |TAMS 0x000000008e700000, 0x000000008e700000| Untracked 
| 232|0x000000008e800000, 0x000000008e800000, 0x000000008e900000|  0%| F|  |TAMS 0x000000008e800000, 0x000000008e800000| Untracked 
| 233|0x000000008e900000, 0x000000008e900000, 0x000000008ea00000|  0%| F|  |TAMS 0x000000008e900000, 0x000000008e900000| Untracked 
| 234|0x000000008ea00000, 0x000000008ea00000, 0x000000008eb00000|  0%| F|  |TAMS 0x000000008ea00000, 0x000000008ea00000| Untracked 
| 235|0x000000008eb00000, 0x000000008eb00000, 0x000000008ec00000|  0%| F|  |TAMS 0x000000008eb00000, 0x000000008eb00000| Untracked 
| 236|0x000000008ec00000, 0x000000008ec00000, 0x000000008ed00000|  0%| F|  |TAMS 0x000000008ec00000, 0x000000008ec00000| Untracked 
| 237|0x000000008ed00000, 0x000000008ed00000, 0x000000008ee00000|  0%| F|  |TAMS 0x000000008ed00000, 0x000000008ed00000| Untracked 
| 238|0x000000008ee00000, 0x000000008ee00000, 0x000000008ef00000|  0%| F|  |TAMS 0x000000008ee00000, 0x000000008ee00000| Untracked 
| 239|0x000000008ef00000, 0x000000008ef00000, 0x000000008f000000|  0%| F|  |TAMS 0x000000008ef00000, 0x000000008ef00000| Untracked 
| 240|0x000000008f000000, 0x000000008f000000, 0x000000008f100000|  0%| F|  |TAMS 0x000000008f000000, 0x000000008f000000| Untracked 
| 241|0x000000008f100000, 0x000000008f100000, 0x000000008f200000|  0%| F|  |TAMS 0x000000008f100000, 0x000000008f100000| Untracked 
| 242|0x000000008f200000, 0x000000008f200000, 0x000000008f300000|  0%| F|  |TAMS 0x000000008f200000, 0x000000008f200000| Untracked 
| 243|0x000000008f300000, 0x000000008f300000, 0x000000008f400000|  0%| F|  |TAMS 0x000000008f300000, 0x000000008f300000| Untracked 
| 244|0x000000008f400000, 0x000000008f400000, 0x000000008f500000|  0%| F|  |TAMS 0x000000008f400000, 0x000000008f400000| Untracked 
| 245|0x000000008f500000, 0x000000008f500000, 0x000000008f600000|  0%| F|  |TAMS 0x000000008f500000, 0x000000008f500000| Untracked 
| 246|0x000000008f600000, 0x000000008f600000, 0x000000008f700000|  0%| F|  |TAMS 0x000000008f600000, 0x000000008f600000| Untracked 
| 247|0x000000008f700000, 0x000000008f700000, 0x000000008f800000|  0%| F|  |TAMS 0x000000008f700000, 0x000000008f700000| Untracked 
| 248|0x000000008f800000, 0x000000008f800000, 0x000000008f900000|  0%| F|  |TAMS 0x000000008f800000, 0x000000008f800000| Untracked 
| 249|0x000000008f900000, 0x000000008f900000, 0x000000008fa00000|  0%| F|  |TAMS 0x000000008f900000, 0x000000008f900000| Untracked 
| 250|0x000000008fa00000, 0x000000008fa00000, 0x000000008fb00000|  0%| F|  |TAMS 0x000000008fa00000, 0x000000008fa00000| Untracked 
| 251|0x000000008fb00000, 0x000000008fb00000, 0x000000008fc00000|  0%| F|  |TAMS 0x000000008fb00000, 0x000000008fb00000| Untracked 
| 252|0x000000008fc00000, 0x000000008fc00000, 0x000000008fd00000|  0%| F|  |TAMS 0x000000008fc00000, 0x000000008fc00000| Untracked 
| 253|0x000000008fd00000, 0x000000008fd00000, 0x000000008fe00000|  0%| F|  |TAMS 0x000000008fd00000, 0x000000008fd00000| Untracked 
| 254|0x000000008fe00000, 0x000000008fe00000, 0x000000008ff00000|  0%| F|  |TAMS 0x000000008fe00000, 0x000000008fe00000| Untracked 
| 255|0x000000008ff00000, 0x000000008ff00000, 0x0000000090000000|  0%| F|  |TAMS 0x000000008ff00000, 0x000000008ff00000| Untracked 
| 256|0x0000000090000000, 0x0000000090000000, 0x0000000090100000|  0%| F|  |TAMS 0x0000000090000000, 0x0000000090000000| Untracked 
| 257|0x0000000090100000, 0x0000000090100000, 0x0000000090200000|  0%| F|  |TAMS 0x0000000090100000, 0x0000000090100000| Untracked 
| 258|0x0000000090200000, 0x0000000090200000, 0x0000000090300000|  0%| F|  |TAMS 0x0000000090200000, 0x0000000090200000| Untracked 
| 259|0x0000000090300000, 0x0000000090300000, 0x0000000090400000|  0%| F|  |TAMS 0x0000000090300000, 0x0000000090300000| Untracked 
| 260|0x0000000090400000, 0x0000000090400000, 0x0000000090500000|  0%| F|  |TAMS 0x0000000090400000, 0x0000000090400000| Untracked 
| 261|0x0000000090500000, 0x0000000090500000, 0x0000000090600000|  0%| F|  |TAMS 0x0000000090500000, 0x0000000090500000| Untracked 
| 262|0x0000000090600000, 0x0000000090600000, 0x0000000090700000|  0%| F|  |TAMS 0x0000000090600000, 0x0000000090600000| Untracked 
| 263|0x0000000090700000, 0x0000000090700000, 0x0000000090800000|  0%| F|  |TAMS 0x0000000090700000, 0x0000000090700000| Untracked 
| 264|0x0000000090800000, 0x0000000090800000, 0x0000000090900000|  0%| F|  |TAMS 0x0000000090800000, 0x0000000090800000| Untracked 
| 265|0x0000000090900000, 0x0000000090900000, 0x0000000090a00000|  0%| F|  |TAMS 0x0000000090900000, 0x0000000090900000| Untracked 
| 266|0x0000000090a00000, 0x0000000090a00000, 0x0000000090b00000|  0%| F|  |TAMS 0x0000000090a00000, 0x0000000090a00000| Untracked 
| 267|0x0000000090b00000, 0x0000000090b00000, 0x0000000090c00000|  0%| F|  |TAMS 0x0000000090b00000, 0x0000000090b00000| Untracked 
| 268|0x0000000090c00000, 0x0000000090c00000, 0x0000000090d00000|  0%| F|  |TAMS 0x0000000090c00000, 0x0000000090c00000| Untracked 
| 269|0x0000000090d00000, 0x0000000090d00000, 0x0000000090e00000|  0%| F|  |TAMS 0x0000000090d00000, 0x0000000090d00000| Untracked 
| 270|0x0000000090e00000, 0x0000000090e00000, 0x0000000090f00000|  0%| F|  |TAMS 0x0000000090e00000, 0x0000000090e00000| Untracked 
| 271|0x0000000090f00000, 0x0000000090f00000, 0x0000000091000000|  0%| F|  |TAMS 0x0000000090f00000, 0x0000000090f00000| Untracked 
| 272|0x0000000091000000, 0x0000000091000000, 0x0000000091100000|  0%| F|  |TAMS 0x0000000091000000, 0x0000000091000000| Untracked 
| 273|0x0000000091100000, 0x0000000091100000, 0x0000000091200000|  0%| F|  |TAMS 0x0000000091100000, 0x0000000091100000| Untracked 
| 274|0x0000000091200000, 0x0000000091200000, 0x0000000091300000|  0%| F|  |TAMS 0x0000000091200000, 0x0000000091200000| Untracked 
| 275|0x0000000091300000, 0x0000000091300000, 0x0000000091400000|  0%| F|  |TAMS 0x0000000091300000, 0x0000000091300000| Untracked 
| 276|0x0000000091400000, 0x0000000091400000, 0x0000000091500000|  0%| F|  |TAMS 0x0000000091400000, 0x0000000091400000| Untracked 
| 277|0x0000000091500000, 0x0000000091500000, 0x0000000091600000|  0%| F|  |TAMS 0x0000000091500000, 0x0000000091500000| Untracked 
| 278|0x0000000091600000, 0x0000000091600000, 0x0000000091700000|  0%| F|  |TAMS 0x0000000091600000, 0x0000000091600000| Untracked 
| 279|0x0000000091700000, 0x0000000091700000, 0x0000000091800000|  0%| F|  |TAMS 0x0000000091700000, 0x0000000091700000| Untracked 
| 280|0x0000000091800000, 0x0000000091800000, 0x0000000091900000|  0%| F|  |TAMS 0x0000000091800000, 0x0000000091800000| Untracked 
| 281|0x0000000091900000, 0x0000000091900000, 0x0000000091a00000|  0%| F|  |TAMS 0x0000000091900000, 0x0000000091900000| Untracked 
| 282|0x0000000091a00000, 0x0000000091a00000, 0x0000000091b00000|  0%| F|  |TAMS 0x0000000091a00000, 0x0000000091a00000| Untracked 
| 283|0x0000000091b00000, 0x0000000091b00000, 0x0000000091c00000|  0%| F|  |TAMS 0x0000000091b00000, 0x0000000091b00000| Untracked 
| 284|0x0000000091c00000, 0x0000000091c00000, 0x0000000091d00000|  0%| F|  |TAMS 0x0000000091c00000, 0x0000000091c00000| Untracked 
| 285|0x0000000091d00000, 0x0000000091d00000, 0x0000000091e00000|  0%| F|  |TAMS 0x0000000091d00000, 0x0000000091d00000| Untracked 
| 286|0x0000000091e00000, 0x0000000091e00000, 0x0000000091f00000|  0%| F|  |TAMS 0x0000000091e00000, 0x0000000091e00000| Untracked 
| 287|0x0000000091f00000, 0x0000000091f00000, 0x0000000092000000|  0%| F|  |TAMS 0x0000000091f00000, 0x0000000091f00000| Untracked 
| 288|0x0000000092000000, 0x0000000092000000, 0x0000000092100000|  0%| F|  |TAMS 0x0000000092000000, 0x0000000092000000| Untracked 
| 289|0x0000000092100000, 0x0000000092100000, 0x0000000092200000|  0%| F|  |TAMS 0x0000000092100000, 0x0000000092100000| Untracked 
| 290|0x0000000092200000, 0x0000000092300000, 0x0000000092300000|100%| E|  |TAMS 0x0000000092200000, 0x0000000092200000| Complete 
| 291|0x0000000092300000, 0x0000000092400000, 0x0000000092400000|100%| E|CS|TAMS 0x0000000092300000, 0x0000000092300000| Complete 
| 292|0x0000000092400000, 0x0000000092500000, 0x0000000092500000|100%| E|CS|TAMS 0x0000000092400000, 0x0000000092400000| Complete 
| 293|0x0000000092500000, 0x0000000092600000, 0x0000000092600000|100%| E|CS|TAMS 0x0000000092500000, 0x0000000092500000| Complete 
| 294|0x0000000092600000, 0x0000000092700000, 0x0000000092700000|100%| E|CS|TAMS 0x0000000092600000, 0x0000000092600000| Complete 
| 295|0x0000000092700000, 0x0000000092800000, 0x0000000092800000|100%| E|CS|TAMS 0x0000000092700000, 0x0000000092700000| Complete 
| 296|0x0000000092800000, 0x0000000092900000, 0x0000000092900000|100%| E|CS|TAMS 0x0000000092800000, 0x0000000092800000| Complete 
| 297|0x0000000092900000, 0x0000000092a00000, 0x0000000092a00000|100%| E|CS|TAMS 0x0000000092900000, 0x0000000092900000| Complete 
| 298|0x0000000092a00000, 0x0000000092b00000, 0x0000000092b00000|100%| E|CS|TAMS 0x0000000092a00000, 0x0000000092a00000| Complete 
| 299|0x0000000092b00000, 0x0000000092c00000, 0x0000000092c00000|100%| E|CS|TAMS 0x0000000092b00000, 0x0000000092b00000| Complete 
| 300|0x0000000092c00000, 0x0000000092d00000, 0x0000000092d00000|100%| E|CS|TAMS 0x0000000092c00000, 0x0000000092c00000| Complete 
| 301|0x0000000092d00000, 0x0000000092e00000, 0x0000000092e00000|100%| E|CS|TAMS 0x0000000092d00000, 0x0000000092d00000| Complete 
| 302|0x0000000092e00000, 0x0000000092f00000, 0x0000000092f00000|100%| E|CS|TAMS 0x0000000092e00000, 0x0000000092e00000| Complete 
| 303|0x0000000092f00000, 0x0000000093000000, 0x0000000093000000|100%| E|CS|TAMS 0x0000000092f00000, 0x0000000092f00000| Complete 
| 304|0x0000000093000000, 0x0000000093100000, 0x0000000093100000|100%| E|CS|TAMS 0x0000000093000000, 0x0000000093000000| Complete 
| 305|0x0000000093100000, 0x0000000093200000, 0x0000000093200000|100%| E|CS|TAMS 0x0000000093100000, 0x0000000093100000| Complete 
| 306|0x0000000093200000, 0x0000000093300000, 0x0000000093300000|100%| E|CS|TAMS 0x0000000093200000, 0x0000000093200000| Complete 
| 307|0x0000000093300000, 0x0000000093400000, 0x0000000093400000|100%| E|CS|TAMS 0x0000000093300000, 0x0000000093300000| Complete 
| 308|0x0000000093400000, 0x0000000093500000, 0x0000000093500000|100%| E|CS|TAMS 0x0000000093400000, 0x0000000093400000| Complete 
| 309|0x0000000093500000, 0x00000000935bed80, 0x0000000093600000| 74%| S|CS|TAMS 0x0000000093500000, 0x0000000093500000| Complete 
| 310|0x0000000093600000, 0x0000000093700000, 0x0000000093700000|100%| S|CS|TAMS 0x0000000093600000, 0x0000000093600000| Complete 
| 311|0x0000000093700000, 0x0000000093800000, 0x0000000093800000|100%| E|CS|TAMS 0x0000000093700000, 0x0000000093700000| Complete 
| 312|0x0000000093800000, 0x0000000093900000, 0x0000000093900000|100%| E|CS|TAMS 0x0000000093800000, 0x0000000093800000| Complete 
| 313|0x0000000093900000, 0x0000000093a00000, 0x0000000093a00000|100%| E|CS|TAMS 0x0000000093900000, 0x0000000093900000| Complete 

Card table byte_map: [0x00000209f6d90000,0x00000209f7190000] _byte_map_base: 0x00000209f6990000

Marking Bits (Prev, Next): (CMBitMap*) 0x00000209e3fe61f0, (CMBitMap*) 0x00000209e3fe61b0
 Prev Bits: [0x00000209f9590000, 0x00000209fb590000)
 Next Bits: [0x00000209f7590000, 0x00000209f9590000)

Polling page: 0x00000209e3680000

Metaspace:

Usage:
  Non-class:     97.39 MB used.
      Class:     15.60 MB used.
       Both:    112.99 MB used.

Virtual space:
  Non-class space:      128.00 MB reserved,      97.81 MB ( 76%) committed,  2 nodes.
      Class space:        1.00 GB reserved,      16.00 MB (  2%) committed,  1 nodes.
             Both:        1.12 GB reserved,     113.81 MB ( 10%) committed. 

Chunk freelists:
   Non-Class:  14.20 MB
       Class:  15.83 MB
        Both:  30.03 MB

MaxMetaspaceSize: unlimited
CompressedClassSpaceSize: 1.00 GB
Initial GC threshold: 21.00 MB
Current GC threshold: 185.44 MB
CDS: off
MetaspaceReclaimPolicy: balanced
 - commit_granule_bytes: 65536.
 - commit_granule_words: 8192.
 - virtual_space_node_default_size: 8388608.
 - enlarge_chunks_in_place: 1.
 - new_chunks_are_fully_committed: 0.
 - uncommit_free_chunks: 1.
 - use_allocation_guard: 0.
 - handle_deallocations: 1.


Internal statistics:

num_allocs_failed_limit: 9.
num_arena_births: 1416.
num_arena_deaths: 22.
num_vsnodes_births: 3.
num_vsnodes_deaths: 0.
num_space_committed: 1820.
num_space_uncommitted: 0.
num_chunks_returned_to_freelist: 41.
num_chunks_taken_from_freelist: 5877.
num_chunk_merges: 24.
num_chunk_splits: 3821.
num_chunks_enlarged: 2460.
num_inconsistent_stats: 0.

CodeHeap 'non-profiled nmethods': size=120000Kb used=7147Kb max_used=7147Kb free=112852Kb
 bounds [0x00000209eef10000, 0x00000209ef610000, 0x00000209f6440000]
CodeHeap 'profiled nmethods': size=120000Kb used=21558Kb max_used=21558Kb free=98441Kb
 bounds [0x00000209e7440000, 0x00000209e8950000, 0x00000209ee970000]
CodeHeap 'non-nmethods': size=5760Kb used=1759Kb max_used=1815Kb free=4000Kb
 bounds [0x00000209ee970000, 0x00000209eebe0000, 0x00000209eef10000]
 total_blobs=12502 nmethods=11643 adapters=771
 compilation: enabled
              stopped_count=0, restarted_count=0
 full_count=0

Compilation events (20 events):
Event: 37.646 Thread 0x00000209fe3edcd0 13842       3       org.gradle.api.internal.DefaultNamedDomainObjectCollection$UnfilteredIndex::put (13 bytes)
Event: 37.646 Thread 0x00000209fe3edcd0 nmethod 13842 0x00000209e8917a90 code [0x00000209e8917c40, 0x00000209e8917e08]
Event: 37.646 Thread 0x00000209fe3edcd0 13837       3       org.gradle.api.internal.artifacts.configurations.DefaultConfigurationContainer::getByName (9 bytes)
Event: 37.646 Thread 0x00000209fe3edcd0 nmethod 13837 0x00000209e8917f10 code [0x00000209e8918100, 0x00000209e8918758]
Event: 37.646 Thread 0x00000209fe3edcd0 13843       1       org.gradle.internal.operations.OperationStartEvent::getStartTime (5 bytes)
Event: 37.646 Thread 0x00000209fe3edcd0 nmethod 13843 0x00000209ef609810 code [0x00000209ef6099a0, 0x00000209ef609a78]
Event: 37.656 Thread 0x00000209fe3edcd0 13845       3       org.gradle.api.specs.NotSpec::isSatisfiedBy (19 bytes)
Event: 37.656 Thread 0x00000209fe3edcd0 nmethod 13845 0x00000209e8918910 code [0x00000209e8918ac0, 0x00000209e8918ce8]
Event: 37.656 Thread 0x00000209fe3edcd0 13847       3       org.gradle.api.internal.DependencyClassPathProvider::lambda$initGradleApi$0 (10 bytes)
Event: 37.657 Thread 0x00000209fe3edcd0 nmethod 13847 0x00000209e8918d90 code [0x00000209e8918f40, 0x00000209e8919118]
Event: 37.657 Thread 0x00000209fe3edcd0 13846       3       org.gradle.api.internal.DependencyClassPathProvider$$Lambda$483/0x0000000100599608::isSatisfiedBy (8 bytes)
Event: 37.657 Thread 0x00000209fe3edcd0 nmethod 13846 0x00000209e8919290 code [0x00000209e8919460, 0x00000209e89197b8]
Event: 37.657 Thread 0x00000209fe3edcd0 13849       3       org.gradle.kotlin.dsl.provider.KotlinScriptClassPathProviderKt::access$isKotlinJar (5 bytes)
Event: 37.657 Thread 0x00000209fe3edcd0 nmethod 13849 0x00000209e8919910 code [0x00000209e8919aa0, 0x00000209e8919ba8]
Event: 37.657 Thread 0x00000209fe3edcd0 13850       3       org.gradle.kotlin.dsl.provider.KotlinScriptClassPathProviderKt::isKotlinJar (30 bytes)
Event: 37.657 Thread 0x00000209fe3edcd0 nmethod 13850 0x00000209e8919c90 code [0x00000209e8919e60, 0x00000209e891a158]
Event: 37.657 Thread 0x00000209fe3edcd0 13851       3       org.gradle.kotlin.dsl.support.ProjectExtensionsKt::isGradleKotlinDslJarName (16 bytes)
Event: 37.658 Thread 0x00000209fe3edcd0 nmethod 13851 0x00000209e891a290 code [0x00000209e891a4c0, 0x00000209e891aae8]
Event: 37.659 Thread 0x00000209fe3edcd0 13854       3       org.gradle.internal.service.DefaultServiceRegistry$ConstructorService::<init> (59 bytes)
Event: 37.660 Thread 0x00000209fe3edcd0 nmethod 13854 0x00000209e891ad90 code [0x00000209e891b0c0, 0x00000209e891c658]

GC Heap History (20 events):
Event: 7.339 GC heap before
{Heap before GC invocations=43 (full 0):
 garbage-first heap   total 218112K, used 166918K [0x0000000080000000, 0x0000000100000000)
  region size 1024K, 80 young (81920K), 1 survivors (1024K)
 Metaspace       used 90659K, committed 91392K, reserved 1179648K
  class space    used 12554K, committed 12928K, reserved 1048576K
}
Event: 7.342 GC heap after
{Heap after GC invocations=44 (full 0):
 garbage-first heap   total 218112K, used 87742K [0x0000000080000000, 0x0000000100000000)
  region size 1024K, 4 young (4096K), 4 survivors (4096K)
 Metaspace       used 90659K, committed 91392K, reserved 1179648K
  class space    used 12554K, committed 12928K, reserved 1048576K
}
Event: 7.956 GC heap before
{Heap before GC invocations=44 (full 0):
 garbage-first heap   total 218112K, used 175806K [0x0000000080000000, 0x0000000100000000)
  region size 1024K, 90 young (92160K), 4 survivors (4096K)
 Metaspace       used 97408K, committed 98112K, reserved 1179648K
  class space    used 13590K, committed 13952K, reserved 1048576K
}
Event: 7.960 GC heap after
{Heap after GC invocations=45 (full 0):
 garbage-first heap   total 218112K, used 91935K [0x0000000080000000, 0x0000000100000000)
  region size 1024K, 8 young (8192K), 8 survivors (8192K)
 Metaspace       used 97408K, committed 98112K, reserved 1179648K
  class space    used 13590K, committed 13952K, reserved 1048576K
}
Event: 8.586 GC heap before
{Heap before GC invocations=45 (full 0):
 garbage-first heap   total 218112K, used 176927K [0x0000000080000000, 0x0000000100000000)
  region size 1024K, 91 young (93184K), 8 survivors (8192K)
 Metaspace       used 103266K, committed 104128K, reserved 1179648K
  class space    used 14517K, committed 14912K, reserved 1048576K
}
Event: 8.595 GC heap after
{Heap after GC invocations=46 (full 0):
 garbage-first heap   total 218112K, used 99917K [0x0000000080000000, 0x0000000100000000)
  region size 1024K, 12 young (12288K), 12 survivors (12288K)
 Metaspace       used 103266K, committed 104128K, reserved 1179648K
  class space    used 14517K, committed 14912K, reserved 1048576K
}
Event: 8.983 GC heap before
{Heap before GC invocations=46 (full 0):
 garbage-first heap   total 218112K, used 183885K [0x0000000080000000, 0x0000000100000000)
  region size 1024K, 88 young (90112K), 12 survivors (12288K)
 Metaspace       used 106267K, committed 107072K, reserved 1179648K
  class space    used 14807K, committed 15232K, reserved 1048576K
}
Event: 8.993 GC heap after
{Heap after GC invocations=47 (full 0):
 garbage-first heap   total 218112K, used 116634K [0x0000000080000000, 0x0000000100000000)
  region size 1024K, 11 young (11264K), 11 survivors (11264K)
 Metaspace       used 106267K, committed 107072K, reserved 1179648K
  class space    used 14807K, committed 15232K, reserved 1048576K
}
Event: 9.323 GC heap before
{Heap before GC invocations=47 (full 0):
 garbage-first heap   total 218112K, used 160666K [0x0000000080000000, 0x0000000100000000)
  region size 1024K, 56 young (57344K), 11 survivors (11264K)
 Metaspace       used 109097K, committed 109824K, reserved 1179648K
  class space    used 15158K, committed 15488K, reserved 1048576K
}
Event: 9.332 GC heap after
{Heap after GC invocations=48 (full 0):
 garbage-first heap   total 218112K, used 129561K [0x0000000080000000, 0x0000000100000000)
  region size 1024K, 8 young (8192K), 8 survivors (8192K)
 Metaspace       used 109097K, committed 109824K, reserved 1179648K
  class space    used 15158K, committed 15488K, reserved 1048576K
}
Event: 9.636 GC heap before
{Heap before GC invocations=49 (full 0):
 garbage-first heap   total 242688K, used 183833K [0x0000000080000000, 0x0000000100000000)
  region size 1024K, 45 young (46080K), 8 survivors (8192K)
 Metaspace       used 111461K, committed 112256K, reserved 1179648K
  class space    used 15420K, committed 15808K, reserved 1048576K
}
Event: 9.641 GC heap after
{Heap after GC invocations=50 (full 0):
 garbage-first heap   total 242688K, used 133461K [0x0000000080000000, 0x0000000100000000)
  region size 1024K, 4 young (4096K), 4 survivors (4096K)
 Metaspace       used 111461K, committed 112256K, reserved 1179648K
  class space    used 15420K, committed 15808K, reserved 1048576K
}
Event: 9.662 GC heap before
{Heap before GC invocations=50 (full 0):
 garbage-first heap   total 242688K, used 139605K [0x0000000080000000, 0x0000000100000000)
  region size 1024K, 11 young (11264K), 4 survivors (4096K)
 Metaspace       used 111594K, committed 112384K, reserved 1179648K
  class space    used 15440K, committed 15872K, reserved 1048576K
}
Event: 9.664 GC heap after
{Heap after GC invocations=51 (full 0):
 garbage-first heap   total 242688K, used 132358K [0x0000000080000000, 0x0000000100000000)
  region size 1024K, 2 young (2048K), 2 survivors (2048K)
 Metaspace       used 111594K, committed 112384K, reserved 1179648K
  class space    used 15440K, committed 15872K, reserved 1048576K
}
Event: 10.001 GC heap before
{Heap before GC invocations=51 (full 0):
 garbage-first heap   total 242688K, used 184582K [0x0000000080000000, 0x0000000100000000)
  region size 1024K, 54 young (55296K), 2 survivors (2048K)
 Metaspace       used 113084K, committed 113856K, reserved 1179648K
  class space    used 15610K, committed 16000K, reserved 1048576K
}
Event: 10.006 GC heap after
{Heap after GC invocations=52 (full 0):
 garbage-first heap   total 321536K, used 139181K [0x0000000080000000, 0x0000000100000000)
  region size 1024K, 7 young (7168K), 7 survivors (7168K)
 Metaspace       used 113084K, committed 113856K, reserved 1179648K
  class space    used 15610K, committed 16000K, reserved 1048576K
}
Event: 11.597 GC heap before
{Heap before GC invocations=53 (full 0):
 garbage-first heap   total 321536K, used 227245K [0x0000000080000000, 0x0000000100000000)
  region size 1024K, 98 young (100352K), 7 survivors (7168K)
 Metaspace       used 115105K, committed 115904K, reserved 1179648K
  class space    used 15885K, committed 16256K, reserved 1048576K
}
Event: 11.603 GC heap after
{Heap after GC invocations=54 (full 0):
 garbage-first heap   total 321536K, used 139990K [0x0000000080000000, 0x0000000100000000)
  region size 1024K, 12 young (12288K), 12 survivors (12288K)
 Metaspace       used 115105K, committed 115904K, reserved 1179648K
  class space    used 15885K, committed 16256K, reserved 1048576K
}
Event: 11.651 GC heap before
{Heap before GC invocations=54 (full 0):
 garbage-first heap   total 321536K, used 143062K [0x0000000080000000, 0x0000000100000000)
  region size 1024K, 15 young (15360K), 12 survivors (12288K)
 Metaspace       used 115483K, committed 116352K, reserved 1179648K
  class space    used 15951K, committed 16384K, reserved 1048576K
}
Event: 11.655 GC heap after
{Heap after GC invocations=55 (full 0):
 garbage-first heap   total 321536K, used 125242K [0x0000000080000000, 0x0000000100000000)
  region size 1024K, 2 young (2048K), 2 survivors (2048K)
 Metaspace       used 115483K, committed 116352K, reserved 1179648K
  class space    used 15951K, committed 16384K, reserved 1048576K
}

Dll operation events (3 events):
Event: 0.006 Loaded shared library C:\Program Files\Android\Android Studio4\jbr\bin\java.dll
Event: 0.081 Loaded shared library C:\Program Files\Android\Android Studio4\jbr\bin\zip.dll
Event: 0.239 Loaded shared library C:\Program Files\Android\Android Studio4\jbr\bin\verify.dll

Deoptimization events (20 events):
Event: 37.607 Thread 0x000002098437fd20 DEOPT PACKING pc=0x00000209ef1d5ebc sp=0x000000fba17fe3a0
Event: 37.607 Thread 0x000002098437fd20 DEOPT UNPACKING pc=0x00000209ee9c69a3 sp=0x000000fba17fe2c0 mode 2
Event: 37.607 Thread 0x000002098437fd20 Uncommon trap: trap_request=0xffffffde fr.pc=0x00000209ef18e640 relative=0x0000000000000200
Event: 37.607 Thread 0x000002098437fd20 Uncommon trap: reason=class_check action=maybe_recompile pc=0x00000209ef18e640 method=java.util.stream.AbstractPipeline.copyIntoWithCancel(Ljava/util/stream/Sink;Ljava/util/Spliterator;)Z @ 32 c2
Event: 37.607 Thread 0x000002098437fd20 DEOPT PACKING pc=0x00000209ef18e640 sp=0x000000fba17fe330
Event: 37.607 Thread 0x000002098437fd20 DEOPT UNPACKING pc=0x00000209ee9c69a3 sp=0x000000fba17fe2c0 mode 2
Event: 37.611 Thread 0x000002098437fd20 Uncommon trap: trap_request=0xffffff45 fr.pc=0x00000209ef086b00 relative=0x0000000000000500
Event: 37.611 Thread 0x000002098437fd20 Uncommon trap: reason=unstable_if action=reinterpret pc=0x00000209ef086b00 method=org.gradle.cache.internal.DefaultCrossBuildInMemoryCacheFactory$AbstractCrossBuildInMemoryCache.getIfPresentWithoutLock(Ljava/lang/Object;)Ljava/lang/Object; @ 24 c2
Event: 37.611 Thread 0x000002098437fd20 DEOPT PACKING pc=0x00000209ef086b00 sp=0x000000fba17fb130
Event: 37.611 Thread 0x000002098437fd20 DEOPT UNPACKING pc=0x00000209ee9c69a3 sp=0x000000fba17fb0e8 mode 2
Event: 37.614 Thread 0x000002098437fd20 Uncommon trap: trap_request=0xffffffc6 fr.pc=0x00000209ef1fe368 relative=0x0000000000000788
Event: 37.614 Thread 0x000002098437fd20 Uncommon trap: reason=bimorphic_or_optimized_type_check action=maybe_recompile pc=0x00000209ef1fe368 method=java.util.stream.MatchOps$MatchOp.evaluateSequential(Ljava/util/stream/PipelineHelper;Ljava/util/Spliterator;)Ljava/lang/Boolean; @ 14 c2
Event: 37.614 Thread 0x000002098437fd20 DEOPT PACKING pc=0x00000209ef1fe368 sp=0x000000fba17fb850
Event: 37.614 Thread 0x000002098437fd20 DEOPT UNPACKING pc=0x00000209ee9c69a3 sp=0x000000fba17fb788 mode 2
Event: 37.638 Thread 0x000002098437fd20 Uncommon trap: trap_request=0xffffff45 fr.pc=0x00000209eef9cc14 relative=0x0000000000000694
Event: 37.638 Thread 0x000002098437fd20 Uncommon trap: reason=unstable_if action=reinterpret pc=0x00000209eef9cc14 method=org.gradle.tooling.internal.provider.runner.PluginApplicationTracker.started(Lorg/gradle/internal/operations/BuildOperationDescriptor;Lorg/gradle/internal/operations/Operati
Event: 37.638 Thread 0x000002098437fd20 DEOPT PACKING pc=0x00000209eef9cc14 sp=0x000000fba17fa600
Event: 37.638 Thread 0x000002098437fd20 DEOPT UNPACKING pc=0x00000209ee9c69a3 sp=0x000000fba17fa5a0 mode 2
Event: 37.653 Thread 0x000002098437fd20 DEOPT PACKING pc=0x00000209e7a4bcd9 sp=0x000000fba17f9240
Event: 37.653 Thread 0x000002098437fd20 DEOPT UNPACKING pc=0x00000209ee9c7143 sp=0x000000fba17f8730 mode 0

Classes unloaded (11 events):
Event: 9.359 Thread 0x00000209fe01e820 Unloading class 0x0000000100e8ec00 'java/lang/invoke/LambdaForm$DMH+0x0000000100e8ec00'
Event: 9.359 Thread 0x00000209fe01e820 Unloading class 0x0000000100e8e400 'java/lang/invoke/LambdaForm$DMH+0x0000000100e8e400'
Event: 9.359 Thread 0x00000209fe01e820 Unloading class 0x0000000100e8e800 'java/lang/invoke/LambdaForm$DMH+0x0000000100e8e800'
Event: 9.359 Thread 0x00000209fe01e820 Unloading class 0x0000000100e8dc00 'java/lang/invoke/LambdaForm$DMH+0x0000000100e8dc00'
Event: 9.359 Thread 0x00000209fe01e820 Unloading class 0x0000000100e8e000 'java/lang/invoke/LambdaForm$DMH+0x0000000100e8e000'
Event: 9.359 Thread 0x00000209fe01e820 Unloading class 0x0000000100e8d800 'java/lang/invoke/LambdaForm$DMH+0x0000000100e8d800'
Event: 9.359 Thread 0x00000209fe01e820 Unloading class 0x0000000100e8d400 'java/lang/invoke/LambdaForm$DMH+0x0000000100e8d400'
Event: 9.359 Thread 0x00000209fe01e820 Unloading class 0x0000000100e8cc00 'java/lang/invoke/LambdaForm$DMH+0x0000000100e8cc00'
Event: 9.359 Thread 0x00000209fe01e820 Unloading class 0x0000000100e8c000 'java/lang/invoke/LambdaForm$DMH+0x0000000100e8c000'
Event: 9.359 Thread 0x00000209fe01e820 Unloading class 0x0000000100e8d000 'java/lang/invoke/LambdaForm$DMH+0x0000000100e8d000'
Event: 9.359 Thread 0x00000209fe01e820 Unloading class 0x0000000100e8c800 'java/lang/invoke/LambdaForm$DMH+0x0000000100e8c800'

Classes redefined (0 events):
No events

Internal exceptions (20 events):
Event: 11.531 Thread 0x000002098437fd20 Exception <a 'java/lang/NoSuchMethodError'{0x000000008e521ff8}: static Lorg/jetbrains/kotlin/gradle/plugin/statistics/MetricContainer;.<clinit>()V> (0x000000008e521ff8) 
thrown [s\src\hotspot\share\prims\jni.cpp, line 1108]
Event: 11.548 Thread 0x000002098437fd20 Exception <a 'sun/nio/fs/WindowsException'{0x000000008e4b88b8}> (0x000000008e4b88b8) 
thrown [s\src\hotspot\share\prims\jni.cpp, line 517]
Event: 11.548 Thread 0x000002098437fd20 Exception <a 'sun/nio/fs/WindowsException'{0x000000008e4b8bc8}> (0x000000008e4b8bc8) 
thrown [s\src\hotspot\share\prims\jni.cpp, line 517]
Event: 11.548 Thread 0x000002098437fd20 Exception <a 'sun/nio/fs/WindowsException'{0x000000008e4d47c0}> (0x000000008e4d47c0) 
thrown [s\src\hotspot\share\prims\jni.cpp, line 517]
Event: 11.569 Thread 0x000002098437fd20 Exception <a 'java/lang/NoSuchMethodError'{0x000000008e1afe30}: 'void java.lang.invoke.DirectMethodHandle$Holder.invokeSpecial(java.lang.Object, java.lang.Object, int)'> (0x000000008e1afe30) 
thrown [s\src\hotspot\share\interpreter\linkResolver.cpp, line 771]
Event: 11.571 Thread 0x000002098437fd20 Exception <a 'java/lang/NoSuchMethodError'{0x000000008e1df850}: 'void java.lang.invoke.DirectMethodHandle$Holder.invokeStatic(java.lang.Object, int, java.lang.Object)'> (0x000000008e1df850) 
thrown [s\src\hotspot\share\interpreter\linkResolver.cpp, line 771]
Event: 11.620 Thread 0x000002098437fd20 Implicit null exception at 0x00000209ef224c8f to 0x00000209ef224cdc
Event: 11.671 Thread 0x000002098437fd20 Implicit null exception at 0x00000209ef590d60 to 0x00000209ef590f4c
Event: 11.683 Thread 0x0000020984df3440 Exception <a 'java/lang/NoSuchMethodError'{0x00000000931a1908}: static Lorg/gradle/tooling/internal/provider/serialization/ClassLoaderDetails;.<clinit>()V> (0x00000000931a1908) 
thrown [s\src\hotspot\share\prims\jni.cpp, line 1108]
Event: 11.684 Thread 0x0000020984df3440 Exception <a 'java/lang/NoSuchMethodError'{0x00000000931b4080}: static Lorg/gradle/tooling/internal/provider/serialization/WellKnownClassLoaderRegistry$KnownClassLoaderSpec;.<clinit>()V> (0x00000000931b4080) 
thrown [s\src\hotspot\share\prims\jni.cpp, line 1108]
Event: 11.684 Thread 0x0000020984df3440 Exception <a 'java/lang/NoSuchMethodError'{0x00000000931b56f8}: static Lorg/gradle/internal/classloader/ClassLoaderSpec;.<clinit>()V> (0x00000000931b56f8) 
thrown [s\src\hotspot\share\prims\jni.cpp, line 1108]
Event: 11.684 Thread 0x0000020984df3440 Exception <a 'java/lang/NoSuchMethodError'{0x00000000931c8088}: static Lorg/gradle/internal/classloader/ClassLoaderSpec;.<clinit>()V> (0x00000000931c8088) 
thrown [s\src\hotspot\share\prims\jni.cpp, line 1108]
Event: 11.684 Thread 0x0000020984df3440 Exception <a 'java/lang/NoSuchMethodError'{0x00000000931d4250}: static Lorg/gradle/internal/classloader/VisitableURLClassLoader$Spec;.<clinit>()V> (0x00000000931d4250) 
thrown [s\src\hotspot\share\prims\jni.cpp, line 1108]
Event: 11.685 Thread 0x0000020984df3440 Exception <a 'java/lang/NoSuchMethodError'{0x00000000931e7a50}: static [Ljava/net/URL;.<clinit>()V> (0x00000000931e7a50) 
thrown [s\src\hotspot\share\prims\jni.cpp, line 1108]
Event: 11.686 Thread 0x0000020984df3440 Exception <a 'java/lang/NoSuchMethodError'{0x00000000931fe330}: static Lorg/gradle/internal/classloader/FilteringClassLoader$Spec;.<clinit>()V> (0x00000000931fe330) 
thrown [s\src\hotspot\share\prims\jni.cpp, line 1108]
Event: 11.687 Thread 0x0000020984df3440 Exception <a 'java/lang/NoSuchMethodError'{0x000000009300cb58}: static Lorg/gradle/internal/classloader/CachingClassLoader$Spec;.<clinit>()V> (0x000000009300cb58) 
thrown [s\src\hotspot\share\prims\jni.cpp, line 1108]
Event: 37.636 Thread 0x000002098437fd20 Exception <a 'sun/nio/fs/WindowsException'{0x0000000092d48ab8}> (0x0000000092d48ab8) 
thrown [s\src\hotspot\share\prims\jni.cpp, line 517]
Event: 37.637 Thread 0x000002098437fd20 Exception <a 'sun/nio/fs/WindowsException'{0x0000000092d4a030}> (0x0000000092d4a030) 
thrown [s\src\hotspot\share\prims\jni.cpp, line 517]
Event: 37.637 Thread 0x000002098437fd20 Exception <a 'sun/nio/fs/WindowsException'{0x0000000092d4b5a8}> (0x0000000092d4b5a8) 
thrown [s\src\hotspot\share\prims\jni.cpp, line 517]
Event: 37.637 Thread 0x000002098437fd20 Exception <a 'sun/nio/fs/WindowsException'{0x0000000092d4cb10}> (0x0000000092d4cb10) 
thrown [s\src\hotspot\share\prims\jni.cpp, line 517]

VM Operations (20 events):
Event: 11.626 Executing VM operation: HandshakeAllThreads
Event: 11.626 Executing VM operation: HandshakeAllThreads done
Event: 11.632 Executing VM operation: HandshakeAllThreads
Event: 11.632 Executing VM operation: HandshakeAllThreads done
Event: 11.651 Executing VM operation: G1CollectForAllocation
Event: 11.655 Executing VM operation: G1CollectForAllocation done
Event: 12.656 Executing VM operation: Cleanup
Event: 12.656 Executing VM operation: Cleanup done
Event: 14.656 Executing VM operation: Cleanup
Event: 14.656 Executing VM operation: Cleanup done
Event: 15.657 Executing VM operation: Cleanup
Event: 15.657 Executing VM operation: Cleanup done
Event: 25.662 Executing VM operation: Cleanup
Event: 25.662 Executing VM operation: Cleanup done
Event: 31.665 Executing VM operation: Cleanup
Event: 31.665 Executing VM operation: Cleanup done
Event: 32.666 Executing VM operation: Cleanup
Event: 32.666 Executing VM operation: Cleanup done
Event: 36.668 Executing VM operation: Cleanup
Event: 36.668 Executing VM operation: Cleanup done

Events (20 events):
Event: 13.834 Thread 0x0000020988bb2290 Thread exited: 0x0000020988bb2290
Event: 37.598 Thread 0x0000020989c03a00 Thread added: 0x0000020989c03a00
Event: 37.600 Thread 0x0000020989c04e40 Thread added: 0x0000020989c04e40
Event: 37.606 Thread 0x0000020989c06ca0 Thread added: 0x0000020989c06ca0
Event: 37.606 loading class jdk/internal/math/FormattedFloatingDecimal$Form
Event: 37.606 loading class jdk/internal/math/FormattedFloatingDecimal$Form done
Event: 37.606 loading class jdk/internal/math/FormattedFloatingDecimal
Event: 37.606 loading class jdk/internal/math/FormattedFloatingDecimal done
Event: 37.606 loading class jdk/internal/math/FormattedFloatingDecimal$1
Event: 37.606 loading class jdk/internal/math/FormattedFloatingDecimal$1 done
Event: 37.607 loading class jdk/internal/math/FormattedFloatingDecimal$2
Event: 37.607 loading class jdk/internal/math/FormattedFloatingDecimal$2 done
Event: 37.608 Thread 0x0000020989c06790 Thread added: 0x0000020989c06790
Event: 37.608 Thread 0x0000020989c09f40 Thread added: 0x0000020989c09f40
Event: 37.612 Thread 0x0000020988baed70 Thread added: 0x0000020988baed70
Event: 37.620 Thread 0x0000020988bad830 Thread added: 0x0000020988bad830
Event: 37.624 Thread 0x0000020989c03f10 Thread added: 0x0000020989c03f10
Event: 37.626 Thread 0x0000020989c0a450 Thread added: 0x0000020989c0a450
Event: 37.629 Thread 0x0000020989c05860 Thread added: 0x0000020989c05860
Event: 37.632 Thread 0x0000020989c076c0 Thread added: 0x0000020989c076c0


Dynamic libraries:
0x00007ff747ca0000 - 0x00007ff747caa000 	C:\Program Files\Android\Android Studio4\jbr\bin\java.exe
0x00007ffa9ee50000 - 0x00007ffa9f067000 	C:\WINDOWS\SYSTEM32\ntdll.dll
0x00007ffa9d1b0000 - 0x00007ffa9d274000 	C:\WINDOWS\System32\KERNEL32.DLL
0x00007ffa9c470000 - 0x00007ffa9c827000 	C:\WINDOWS\System32\KERNELBASE.dll
0x00007ffa9c830000 - 0x00007ffa9c941000 	C:\WINDOWS\System32\ucrtbase.dll
0x00007ffa53420000 - 0x00007ffa53437000 	C:\Program Files\Android\Android Studio4\jbr\bin\jli.dll
0x00007ffa672d0000 - 0x00007ffa672eb000 	C:\Program Files\Android\Android Studio4\jbr\bin\VCRUNTIME140.dll
0x00007ffa9ec40000 - 0x00007ffa9edef000 	C:\WINDOWS\System32\USER32.dll
0x00007ffa9c1d0000 - 0x00007ffa9c1f6000 	C:\WINDOWS\System32\win32u.dll
0x00007ffa9e530000 - 0x00007ffa9e559000 	C:\WINDOWS\System32\GDI32.dll
0x00007ffa9c350000 - 0x00007ffa9c468000 	C:\WINDOWS\System32\gdi32full.dll
0x00007ffa801e0000 - 0x00007ffa80473000 	C:\WINDOWS\WinSxS\amd64_microsoft.windows.common-controls_6595b64144ccf1df_6.0.22621.3672_none_2713b9d173822955\COMCTL32.dll
0x00007ffa9c230000 - 0x00007ffa9c2ca000 	C:\WINDOWS\System32\msvcp_win.dll
0x00007ffa9e5e0000 - 0x00007ffa9e687000 	C:\WINDOWS\System32\msvcrt.dll
0x00007ffa9e870000 - 0x00007ffa9e8a1000 	C:\WINDOWS\System32\IMM32.DLL
0x00000000770a0000 - 0x00000000770ac000 	C:\Program Files (x86)\360\Total Security\safemon\SafeWrapper.dll
0x00007ffa9d800000 - 0x00007ffa9d8b2000 	C:\WINDOWS\System32\ADVAPI32.dll
0x00007ffa9d0b0000 - 0x00007ffa9d158000 	C:\WINDOWS\System32\sechost.dll
0x00007ffa9c200000 - 0x00007ffa9c228000 	C:\WINDOWS\System32\bcrypt.dll
0x00007ffa9cdf0000 - 0x00007ffa9cf04000 	C:\WINDOWS\System32\RPCRT4.dll
0x00007ffa2fa10000 - 0x00007ffa2fabc000 	C:\Program Files (x86)\360\Total Security\safemon\libzdtp64.dll
0x00007ffa9d930000 - 0x00007ffa9e199000 	C:\WINDOWS\System32\SHELL32.dll
0x00007ffa9cf10000 - 0x00007ffa9cf6e000 	C:\WINDOWS\System32\SHLWAPI.dll
0x00007ffa9bdc0000 - 0x00007ffa9bdca000 	C:\WINDOWS\SYSTEM32\VERSION.dll
0x00007ffa6c810000 - 0x00007ffa6c81c000 	C:\Program Files\Android\Android Studio4\jbr\bin\vcruntime140_1.dll
0x00007ffa2f980000 - 0x00007ffa2fa0d000 	C:\Program Files\Android\Android Studio4\jbr\bin\msvcp140.dll
0x00007ffa37ea0000 - 0x00007ffa38b23000 	C:\Program Files\Android\Android Studio4\jbr\bin\server\jvm.dll
0x00007ffa949b0000 - 0x00007ffa949e4000 	C:\WINDOWS\SYSTEM32\WINMM.dll
0x00007ffa94af0000 - 0x00007ffa94af9000 	C:\WINDOWS\SYSTEM32\WSOCK32.dll
0x00007ffa9afa0000 - 0x00007ffa9afed000 	C:\WINDOWS\SYSTEM32\POWRPROF.dll
0x00007ffa9d700000 - 0x00007ffa9d771000 	C:\WINDOWS\System32\WS2_32.dll
0x00007ffa9af80000 - 0x00007ffa9af93000 	C:\WINDOWS\SYSTEM32\UMPDC.dll
0x00007ffa9b230000 - 0x00007ffa9b248000 	C:\WINDOWS\SYSTEM32\kernel.appcore.dll
0x00007ffa94ae0000 - 0x00007ffa94aea000 	C:\Program Files\Android\Android Studio4\jbr\bin\jimage.dll
0x00007ffa99b20000 - 0x00007ffa99d52000 	C:\WINDOWS\SYSTEM32\DBGHELP.DLL
0x00007ffa9e1a0000 - 0x00007ffa9e52e000 	C:\WINDOWS\System32\combase.dll
0x00007ffa9e8b0000 - 0x00007ffa9e987000 	C:\WINDOWS\System32\OLEAUT32.dll
0x00007ffa6e570000 - 0x00007ffa6e5a2000 	C:\WINDOWS\SYSTEM32\dbgcore.DLL
0x00007ffa9c2d0000 - 0x00007ffa9c34b000 	C:\WINDOWS\System32\bcryptPrimitives.dll
0x00007ffa53440000 - 0x00007ffa5344e000 	C:\Program Files\Android\Android Studio4\jbr\bin\instrument.dll
0x00007ffa94a50000 - 0x00007ffa94a75000 	C:\Program Files\Android\Android Studio4\jbr\bin\java.dll
0x00007ffa53560000 - 0x00007ffa53578000 	C:\Program Files\Android\Android Studio4\jbr\bin\zip.dll
0x00007ffa9a060000 - 0x00007ffa9a95f000 	C:\WINDOWS\SYSTEM32\windows.storage.dll
0x00007ffa99f20000 - 0x00007ffa9a05f000 	C:\WINDOWS\SYSTEM32\wintypes.dll
0x00007ffa9eb40000 - 0x00007ffa9ec39000 	C:\WINDOWS\System32\SHCORE.dll
0x00007ffa9c090000 - 0x00007ffa9c0b7000 	C:\WINDOWS\SYSTEM32\profapi.dll
0x00007ffa53540000 - 0x00007ffa53559000 	C:\Program Files\Android\Android Studio4\jbr\bin\net.dll
0x00007ffa95e20000 - 0x00007ffa95f56000 	C:\WINDOWS\SYSTEM32\WINHTTP.dll
0x00007ffa9b6a0000 - 0x00007ffa9b709000 	C:\WINDOWS\system32\mswsock.dll
0x00007ffa53520000 - 0x00007ffa53536000 	C:\Program Files\Android\Android Studio4\jbr\bin\nio.dll
0x00007ffa949f0000 - 0x00007ffa94a00000 	C:\Program Files\Android\Android Studio4\jbr\bin\verify.dll
0x00007ffa54a00000 - 0x00007ffa54a27000 	C:\Users\user\.gradle\native\c067742578af261105cb4f569cf0c3c89f3d7b1fecec35dd04571415982c5e48\windows-amd64\native-platform.dll
0x00007ffa60610000 - 0x00007ffa60754000 	C:\Users\user\.gradle\native\38dada09dfb8b06ba9b0570ebf7e218e3eb74d4ef43ca46872605cf95ebc2f47\windows-amd64\native-platform-file-events.dll
0x00007ffa94ad0000 - 0x00007ffa94ad9000 	C:\Program Files\Android\Android Studio4\jbr\bin\management.dll
0x00007ffa94a40000 - 0x00007ffa94a4b000 	C:\Program Files\Android\Android Studio4\jbr\bin\management_ext.dll
0x00007ffa9e5d0000 - 0x00007ffa9e5d8000 	C:\WINDOWS\System32\PSAPI.DLL
0x00007ffa9b8f0000 - 0x00007ffa9b90b000 	C:\WINDOWS\SYSTEM32\CRYPTSP.dll
0x00007ffa9b190000 - 0x00007ffa9b1c5000 	C:\WINDOWS\system32\rsaenh.dll
0x00007ffa9b790000 - 0x00007ffa9b7b8000 	C:\WINDOWS\SYSTEM32\USERENV.dll
0x00007ffa9b910000 - 0x00007ffa9b91c000 	C:\WINDOWS\SYSTEM32\CRYPTBASE.dll
0x00007ffa9ac30000 - 0x00007ffa9ac5d000 	C:\WINDOWS\SYSTEM32\IPHLPAPI.DLL
0x00007ffa9e5c0000 - 0x00007ffa9e5c9000 	C:\WINDOWS\System32\NSI.dll
0x00007ffa95c30000 - 0x00007ffa95c49000 	C:\WINDOWS\SYSTEM32\dhcpcsvc6.DLL
0x00007ffa95c10000 - 0x00007ffa95c2f000 	C:\WINDOWS\SYSTEM32\dhcpcsvc.DLL
0x00007ffa9ac60000 - 0x00007ffa9ad62000 	C:\WINDOWS\SYSTEM32\DNSAPI.dll
0x00007ffa678d0000 - 0x00007ffa678d8000 	C:\WINDOWS\system32\wshunix.dll
0x00007ffa94e70000 - 0x00007ffa94e7a000 	C:\Windows\System32\rasadhlp.dll
0x00007ffa94860000 - 0x00007ffa94877000 	C:\WINDOWS\system32\napinsp.dll
0x00007ffa7c920000 - 0x00007ffa7c93b000 	C:\WINDOWS\system32\pnrpnsp.dll
0x00007ffa742e0000 - 0x00007ffa742f1000 	C:\WINDOWS\System32\winrnr.dll
0x00007ffa63ab0000 - 0x00007ffa63ac5000 	C:\WINDOWS\system32\wshbth.dll
0x00007ffa74300000 - 0x00007ffa74327000 	C:\WINDOWS\system32\nlansp_c.dll
0x00007ffa95120000 - 0x00007ffa951a3000 	C:\WINDOWS\System32\fwpuclnt.dll
0x00007ffa9b340000 - 0x00007ffa9b374000 	C:\WINDOWS\SYSTEM32\ntmarta.dll

dbghelp: loaded successfully - version: 4.0.5 - missing functions: none
symbol engine: initialized successfully - sym options: 0x614 - pdb path: .;C:\Program Files\Android\Android Studio4\jbr\bin;C:\WINDOWS\SYSTEM32;C:\WINDOWS\WinSxS\amd64_microsoft.windows.common-controls_6595b64144ccf1df_6.0.22621.3672_none_2713b9d173822955;C:\Program Files (x86)\360\Total Security\safemon;C:\Program Files\Android\Android Studio4\jbr\bin\server;C:\Users\user\.gradle\native\c067742578af261105cb4f569cf0c3c89f3d7b1fecec35dd04571415982c5e48\windows-amd64;C:\Users\user\.gradle\native\38dada09dfb8b06ba9b0570ebf7e218e3eb74d4ef43ca46872605cf95ebc2f47\windows-amd64

VM Arguments:
jvm_args: --add-opens=java.base/java.util=ALL-UNNAMED --add-opens=java.base/java.lang=ALL-UNNAMED --add-opens=java.base/java.lang.invoke=ALL-UNNAMED --add-opens=java.prefs/java.util.prefs=ALL-UNNAMED --add-opens=java.base/java.nio.charset=ALL-UNNAMED --add-opens=java.base/java.net=ALL-UNNAMED --add-opens=java.base/java.util.concurrent.atomic=ALL-UNNAMED -Xmx2048m -Dfile.encoding=UTF-8 -Duser.country=US -Duser.language=en -Duser.variant -javaagent:C:\Users\user\.gradle\wrapper\dists\gradle-8.4-bin\1w5dpkrfk8irigvoxmyhowfim\gradle-8.4\lib\agents\gradle-instrumentation-agent-8.4.jar 
java_command: org.gradle.launcher.daemon.bootstrap.GradleDaemon 8.4
java_class_path (initial): C:\Users\user\.gradle\wrapper\dists\gradle-8.4-bin\1w5dpkrfk8irigvoxmyhowfim\gradle-8.4\lib\gradle-launcher-8.4.jar
Launcher Type: SUN_STANDARD

[Global flags]
     intx CICompilerCount                          = 4                                         {product} {ergonomic}
     uint ConcGCThreads                            = 3                                         {product} {ergonomic}
     uint G1ConcRefinementThreads                  = 10                                        {product} {ergonomic}
   size_t G1HeapRegionSize                         = 1048576                                   {product} {ergonomic}
    uintx GCDrainStackTargetSize                   = 64                                        {product} {ergonomic}
   size_t InitialHeapSize                          = 130023424                                 {product} {ergonomic}
   size_t MarkStackSize                            = 4194304                                   {product} {ergonomic}
   size_t MaxHeapSize                              = 2147483648                                {product} {command line}
   size_t MaxNewSize                               = 1287651328                                {product} {ergonomic}
   size_t MinHeapDeltaBytes                        = 1048576                                   {product} {ergonomic}
   size_t MinHeapSize                              = 8388608                                   {product} {ergonomic}
    uintx NonNMethodCodeHeapSize                   = 5839372                                {pd product} {ergonomic}
    uintx NonProfiledCodeHeapSize                  = 122909434                              {pd product} {ergonomic}
    uintx ProfiledCodeHeapSize                     = 122909434                              {pd product} {ergonomic}
    uintx ReservedCodeCacheSize                    = 251658240                              {pd product} {ergonomic}
     bool SegmentedCodeCache                       = true                                      {product} {ergonomic}
   size_t SoftMaxHeapSize                          = 2147483648                             {manageable} {ergonomic}
     bool UseCompressedClassPointers               = true                           {product lp64_product} {ergonomic}
     bool UseCompressedOops                        = true                           {product lp64_product} {ergonomic}
     bool UseG1GC                                  = true                                      {product} {ergonomic}
     bool UseLargePagesIndividualAllocation        = false                                  {pd product} {ergonomic}

Logging:
Log output configuration:
 #0: stdout all=warning uptime,level,tags
 #1: stderr all=off uptime,level,tags

Environment Variables:
PATH=C:\Program Files\Common Files\Oracle\Java\javapath;C:\Program Files (x86)\Common Files\Oracle\Java\javapath;C:\WINDOWS\system32;C:\WINDOWS;C:\WINDOWS\System32\Wbem;C:\WINDOWS\System32\WindowsPowerShell\v1.0\;C:\WINDOWS\System32\OpenSSH\;C:\Program Files\Git\cmd;C:\Users\user\AppData\Local\Microsoft\WindowsApps;
USERNAME=user
OS=Windows_NT
PROCESSOR_IDENTIFIER=Intel64 Family 6 Model 186 Stepping 2, GenuineIntel
TMP=C:\Users\user\AppData\Local\Temp
TEMP=C:\Users\user\AppData\Local\Temp



Periodic native trim disabled

JNI global refs:
JNI global refs: 31, weak refs: 4

JNI global refs memory usage: 843, weak refs: 841

OOME stack traces (most recent first):
Classloader memory used:
Loader org.gradle.internal.classloader.VisitableURLClassLoader                         : 4953K
Loader org.gradle.internal.classloader.VisitableURLClassLoader$InstrumentingVisitableURLClassLoader: 4168K
Loader bootstrap                                                                       : 3582K
Loader org.gradle.initialization.MixInLegacyTypesClassLoader                           : 1518K
Loader jdk.internal.reflect.DelegatingClassLoader                                      : 116K
Loader jdk.internal.loader.ClassLoaders$PlatformClassLoader                            : 89847B
Loader jdk.internal.loader.ClassLoaders$AppClassLoader                                 : 28124B
Loader org.gradle.internal.classloader.VisitableURLClassLoader                         : 8457B
Loader sun.reflect.misc.MethodUtil                                                     : 373B


[error occurred during error reporting (Classloader stats), id 0xe0000001, Out of Memory Error (s\src\hotspot\share\memory\arena.cpp:79)]


---------------  S Y S T E M  ---------------

OS:
 Windows 11 , 64 bit Build 22621 (10.0.22621.3958)
OS uptime: 0 days 0:05 hours

CPU: total 12 (initial active 12) (6 cores per cpu, 2 threads per core) family 6 model 186 stepping 2 microcode 0x4121, cx8, cmov, fxsr, ht, mmx, 3dnowpref, sse, sse2, sse3, ssse3, sse4.1, sse4.2, popcnt, lzcnt, tsc, tscinvbit, avx, avx2, aes, erms, clmul, bmi1, bmi2, adx, sha, fma, vzeroupper, clflush, clflushopt, clwb
Processor Information for processor 0
  Max Mhz: 2100, Current Mhz: 2100, Mhz Limit: 2100
Processor Information for processor 1
  Max Mhz: 2100, Current Mhz: 2100, Mhz Limit: 2100
Processor Information for processor 2
  Max Mhz: 2100, Current Mhz: 2100, Mhz Limit: 2100
Processor Information for processor 3
  Max Mhz: 2100, Current Mhz: 1453, Mhz Limit: 2100
Processor Information for processor 4
  Max Mhz: 2100, Current Mhz: 2100, Mhz Limit: 2100
Processor Information for processor 5
  Max Mhz: 2100, Current Mhz: 2100, Mhz Limit: 2100
Processor Information for processor 6
  Max Mhz: 2100, Current Mhz: 2100, Mhz Limit: 2100
Processor Information for processor 7
  Max Mhz: 2100, Current Mhz: 2100, Mhz Limit: 2100
Processor Information for processor 8
  Max Mhz: 2100, Current Mhz: 2100, Mhz Limit: 2100
Processor Information for processor 9
  Max Mhz: 2100, Current Mhz: 1540, Mhz Limit: 2100
Processor Information for processor 10
  Max Mhz: 2100, Current Mhz: 2100, Mhz Limit: 2100
Processor Information for processor 11
  Max Mhz: 2100, Current Mhz: 1540, Mhz Limit: 2100

Memory: 4k page, system-wide physical 7832M (992M free)
TotalPageFile size 7832M (AvailPageFile size 4M)
current process WorkingSet (physical memory assigned to process): 600M, peak: 620M
current process commit charge ("private bytes"): 639M, peak: 678M

vm_info: OpenJDK 64-Bit Server VM (17.0.9+0--11185874) for windows-amd64 JRE (17.0.9+0--11185874), built on Dec  6 2023 18:57:44 by "androidbuild" with MS VC++ 16.10 / 16.11 (VS2019)

END.
