#
# There is insufficient memory for the Java Runtime Environment to continue.
# Native memory allocation (malloc) failed to allocate 1924816 bytes for Chunk::new
# Possible reasons:
#   The system is out of physical RAM or swap space
#   The process is running with CompressedOops enabled, and the Java Heap may be blocking the growth of the native heap
# Possible solutions:
#   Reduce memory load on the system
#   Increase physical memory or swap space
#   Check if swap backing store is full
#   Decrease Java heap size (-Xmx/-Xms)
#   Decrease number of Java threads
#   Decrease Java thread stack sizes (-Xss)
#   Set larger code cache with -XX:ReservedCodeCacheSize=
#   JVM is running with Unscaled Compressed Oops mode in which the Java heap is
#     placed in the first 4GB address space. The Java Heap base address is the
#     maximum limit for the native heap growth. Please use -XX:HeapBaseMinAddress
#     to set the Java Heap base and to place the Java Heap above 4GB virtual address.
# This output file may be truncated or incomplete.
#
#  Out of Memory Error (arena.cpp:191), pid=5496, tid=2728
#
# JRE version: OpenJDK Runtime Environment (17.0.9) (build 17.0.9+0--11185874)
# Java VM: OpenJDK 64-Bit Server VM (17.0.9+0--11185874, mixed mode, tiered, compressed oops, compressed class ptrs, g1 gc, windows-amd64)
# No core dump will be written. Minidumps are not enabled by default on client versions of Windows
#

---------------  S U M M A R Y ------------

Command Line: --add-opens=java.base/java.util=ALL-UNNAMED --add-opens=java.base/java.lang=ALL-UNNAMED --add-opens=java.base/java.lang.invoke=ALL-UNNAMED --add-opens=java.prefs/java.util.prefs=ALL-UNNAMED --add-opens=java.base/java.nio.charset=ALL-UNNAMED --add-opens=java.base/java.net=ALL-UNNAMED --add-opens=java.base/java.util.concurrent.atomic=ALL-UNNAMED -Xmx2048m -Dfile.encoding=UTF-8 -Duser.country=US -Duser.language=en -Duser.variant -javaagent:C:\Users\user\.gradle\wrapper\dists\gradle-8.4-bin\1w5dpkrfk8irigvoxmyhowfim\gradle-8.4\lib\agents\gradle-instrumentation-agent-8.4.jar org.gradle.launcher.daemon.bootstrap.GradleDaemon 8.4

Host: 13th Gen Intel(R) Core(TM) i5-13420H, 12 cores, 7G,  Windows 11 , 64 bit Build 22621 (10.0.22621.3958)
Time: Tue Oct 22 20:14:49 2024 West Asia Standard Time elapsed time: 2.781755 seconds (0d 0h 0m 2s)

---------------  T H R E A D  ---------------

Current thread (0x0000022c575c6770):  JavaThread "C2 CompilerThread1" daemon [_thread_in_native, id=2728, stack(0x000000ef4af00000,0x000000ef4b000000)]


Current CompileTask:
C2:   2781 2747       4       java.lang.invoke.MethodType::makeImpl (109 bytes)

Stack: [0x000000ef4af00000,0x000000ef4b000000]
Native frames: (J=compiled Java code, j=interpreted, Vv=VM code, C=native code)
V  [jvm.dll+0x6886e9]
V  [jvm.dll+0x841e4a]
V  [jvm.dll+0x843a8e]
V  [jvm.dll+0x8440f3]
V  [jvm.dll+0x24c14f]
V  [jvm.dll+0xac44c]
V  [jvm.dll+0xaca9c]
V  [jvm.dll+0x36c1a2]
V  [jvm.dll+0x33651a]
V  [jvm.dll+0x3359ba]
V  [jvm.dll+0x21ddb1]
V  [jvm.dll+0x21d1d1]
V  [jvm.dll+0x1a674d]
V  [jvm.dll+0x22d088]
V  [jvm.dll+0x22b1c0]
V  [jvm.dll+0x7f62f7]
V  [jvm.dll+0x7f06aa]
V  [jvm.dll+0x687565]
C  [ucrtbase.dll+0x29333]
C  [KERNEL32.DLL+0x1257d]
C  [ntdll.dll+0x5af08]


---------------  P R O C E S S  ---------------

Threads class SMR info:
_java_thread_list=0x0000022c5f659180, length=34, elements={
0x0000022c3cc6d7b0, 0x0000022c57066780, 0x0000022c57068520, 0x0000022c570bd990,
0x0000022c570be810, 0x0000022c5707d370, 0x0000022c5707fe40, 0x0000022c57082b40,
0x0000022c570ea5a0, 0x0000022c570eafa0, 0x0000022c56656510, 0x0000022c573286e0,
0x0000022c575c6770, 0x0000022c5cf97030, 0x0000022c5df63240, 0x0000022c5cfca000,
0x0000022c5ddfdf70, 0x0000022c5d736ba0, 0x0000022c5d69a020, 0x0000022c5d69a500,
0x0000022c5dec7d40, 0x0000022c5d1ec430, 0x0000022c5d1ea0c0, 0x0000022c5d1ece50,
0x0000022c5d1ed870, 0x0000022c5d1ea5d0, 0x0000022c5d1eaae0, 0x0000022c5d1ed360,
0x0000022c5d1eaff0, 0x0000022c5d1eb500, 0x0000022c5d1eba10, 0x0000022c5d1ebf20,
0x0000022c5e5d2200, 0x0000022c5e5cea50
}

Java Threads: ( => current thread )
  0x0000022c3cc6d7b0 JavaThread "main" [_thread_blocked, id=12572, stack(0x000000ef49c00000,0x000000ef49d00000)]
  0x0000022c57066780 JavaThread "Reference Handler" daemon [_thread_blocked, id=4996, stack(0x000000ef4a300000,0x000000ef4a400000)]
  0x0000022c57068520 JavaThread "Finalizer" daemon [_thread_blocked, id=772, stack(0x000000ef4a400000,0x000000ef4a500000)]
  0x0000022c570bd990 JavaThread "Signal Dispatcher" daemon [_thread_blocked, id=13944, stack(0x000000ef4a500000,0x000000ef4a600000)]
  0x0000022c570be810 JavaThread "Attach Listener" daemon [_thread_blocked, id=2640, stack(0x000000ef4a600000,0x000000ef4a700000)]
  0x0000022c5707d370 JavaThread "Service Thread" daemon [_thread_blocked, id=15932, stack(0x000000ef4a700000,0x000000ef4a800000)]
  0x0000022c5707fe40 JavaThread "Monitor Deflation Thread" daemon [_thread_blocked, id=15348, stack(0x000000ef4a800000,0x000000ef4a900000)]
  0x0000022c57082b40 JavaThread "C2 CompilerThread0" daemon [_thread_in_native, id=12592, stack(0x000000ef4a900000,0x000000ef4aa00000)]
  0x0000022c570ea5a0 JavaThread "C1 CompilerThread0" daemon [_thread_blocked, id=2564, stack(0x000000ef4aa00000,0x000000ef4ab00000)]
  0x0000022c570eafa0 JavaThread "Sweeper thread" daemon [_thread_blocked, id=10044, stack(0x000000ef4ab00000,0x000000ef4ac00000)]
  0x0000022c56656510 JavaThread "Common-Cleaner" daemon [_thread_blocked, id=12068, stack(0x000000ef4ac00000,0x000000ef4ad00000)]
  0x0000022c573286e0 JavaThread "Notification Thread" daemon [_thread_blocked, id=16936, stack(0x000000ef4ad00000,0x000000ef4ae00000)]
=>0x0000022c575c6770 JavaThread "C2 CompilerThread1" daemon [_thread_in_native, id=2728, stack(0x000000ef4af00000,0x000000ef4b000000)]
  0x0000022c5cf97030 JavaThread "Daemon health stats" [_thread_blocked, id=8112, stack(0x000000ef4b500000,0x000000ef4b600000)]
  0x0000022c5df63240 JavaThread "Incoming local TCP Connector on port 54452" [_thread_in_native, id=8668, stack(0x000000ef4b600000,0x000000ef4b700000)]
  0x0000022c5cfca000 JavaThread "Daemon periodic checks" [_thread_blocked, id=16120, stack(0x000000ef4b700000,0x000000ef4b800000)]
  0x0000022c5ddfdf70 JavaThread "Daemon" [_thread_blocked, id=9952, stack(0x000000ef4b800000,0x000000ef4b900000)]
  0x0000022c5d736ba0 JavaThread "Handler for socket connection from /127.0.0.1:54452 to /127.0.0.1:54453" [_thread_in_native, id=17068, stack(0x000000ef4b900000,0x000000ef4ba00000)]
  0x0000022c5d69a020 JavaThread "Cancel handler" [_thread_blocked, id=12772, stack(0x000000ef4ba00000,0x000000ef4bb00000)]
  0x0000022c5d69a500 JavaThread "Daemon worker" [_thread_in_vm, id=16048, stack(0x000000ef4bb00000,0x000000ef4bc00000)]
  0x0000022c5dec7d40 JavaThread "Asynchronous log dispatcher for DefaultDaemonConnection: socket connection from /127.0.0.1:54452 to /127.0.0.1:54453" [_thread_blocked, id=10388, stack(0x000000ef4bc00000,0x000000ef4bd00000)]
  0x0000022c5d1ec430 JavaThread "Stdin handler" [_thread_blocked, id=11472, stack(0x000000ef4bd00000,0x000000ef4be00000)]
  0x0000022c5d1ea0c0 JavaThread "Daemon client event forwarder" [_thread_blocked, id=2684, stack(0x000000ef4be00000,0x000000ef4bf00000)]
  0x0000022c5d1ece50 JavaThread "Cache worker for journal cache (C:\Users\user\.gradle\caches\journal-1)" [_thread_blocked, id=8944, stack(0x000000ef4b000000,0x000000ef4b100000)]
  0x0000022c5d1ed870 JavaThread "File lock request listener" [_thread_in_native, id=8960, stack(0x000000ef4c600000,0x000000ef4c700000)]
  0x0000022c5d1ea5d0 JavaThread "Cache worker for file hash cache (C:\Users\user\.gradle\caches\8.4\fileHashes)" [_thread_blocked, id=6888, stack(0x000000ef4c700000,0x000000ef4c800000)]
  0x0000022c5d1eaae0 JavaThread "File watcher server" daemon [_thread_in_native, id=13176, stack(0x000000ef4c900000,0x000000ef4ca00000)]
  0x0000022c5d1ed360 JavaThread "File watcher consumer" daemon [_thread_blocked, id=12228, stack(0x000000ef4ca00000,0x000000ef4cb00000)]
  0x0000022c5d1eaff0 JavaThread "Cache worker for checksums cache (D:\viewpager2\.gradle\8.4\checksums)" [_thread_blocked, id=12188, stack(0x000000ef4cb00000,0x000000ef4cc00000)]
  0x0000022c5d1eb500 JavaThread "Cache worker for file hash cache (D:\viewpager2\.gradle\8.4\fileHashes)" [_thread_blocked, id=7204, stack(0x000000ef4cc00000,0x000000ef4cd00000)]
  0x0000022c5d1eba10 JavaThread "Cache worker for cache directory md-supplier (C:\Users\user\.gradle\caches\8.4\md-supplier)" [_thread_blocked, id=6788, stack(0x000000ef4cd00000,0x000000ef4ce00000)]
  0x0000022c5d1ebf20 JavaThread "Cache worker for file content cache (C:\Users\user\.gradle\caches\8.4\fileContent)" [_thread_blocked, id=10468, stack(0x000000ef4ce00000,0x000000ef4cf00000)]
  0x0000022c5e5d2200 JavaThread "Cache worker for cache directory md-rule (C:\Users\user\.gradle\caches\8.4\md-rule)" [_thread_blocked, id=4784, stack(0x000000ef4c800000,0x000000ef4c900000)]
  0x0000022c5e5cea50 JavaThread "Cache worker for execution history cache (C:\Users\user\.gradle\caches\8.4\executionHistory)" [_thread_blocked, id=3880, stack(0x000000ef4cf00000,0x000000ef4d000000)]

Other Threads:
  0x0000022c56673ba0 VMThread "VM Thread" [stack: 0x000000ef4a200000,0x000000ef4a300000] [id=16604]
  0x0000022c3cc6e2e0 WatcherThread [stack: 0x000000ef4ae00000,0x000000ef4af00000] [id=12072]
  0x0000022c3ccc7be0 GCTaskThread "GC Thread#0" [stack: 0x000000ef49d00000,0x000000ef49e00000] [id=11728]
  0x0000022c5c97d510 GCTaskThread "GC Thread#1" [stack: 0x000000ef4b100000,0x000000ef4b200000] [id=2116]
  0x0000022c5c72e3c0 GCTaskThread "GC Thread#2" [stack: 0x000000ef4b200000,0x000000ef4b300000] [id=10184]
  0x0000022c5d11ac70 GCTaskThread "GC Thread#3" [stack: 0x000000ef4b300000,0x000000ef4b400000] [id=9576]
  0x0000022c5c6b3370 GCTaskThread "GC Thread#4" [stack: 0x000000ef4b400000,0x000000ef4b500000] [id=17128]
  0x0000022c5d5bfac0 GCTaskThread "GC Thread#5" [stack: 0x000000ef4bf00000,0x000000ef4c000000] [id=13856]
  0x0000022c5d5c0e10 GCTaskThread "GC Thread#6" [stack: 0x000000ef4c000000,0x000000ef4c100000] [id=10700]
  0x0000022c5d636940 GCTaskThread "GC Thread#7" [stack: 0x000000ef4c100000,0x000000ef4c200000] [id=2744]
  0x0000022c5dec5850 GCTaskThread "GC Thread#8" [stack: 0x000000ef4c200000,0x000000ef4c300000] [id=9248]
  0x0000022c5d71e010 GCTaskThread "GC Thread#9" [stack: 0x000000ef4c300000,0x000000ef4c400000] [id=11240]
  0x0000022c3ccd8b30 ConcurrentGCThread "G1 Main Marker" [stack: 0x000000ef49e00000,0x000000ef49f00000] [id=10512]
  0x0000022c3ccd9550 ConcurrentGCThread "G1 Conc#0" [stack: 0x000000ef49f00000,0x000000ef4a000000] [id=14236]
  0x0000022c5db4e470 ConcurrentGCThread "G1 Conc#1" [stack: 0x000000ef4c400000,0x000000ef4c500000] [id=3652]
  0x0000022c5d412fb0 ConcurrentGCThread "G1 Conc#2" [stack: 0x000000ef4c500000,0x000000ef4c600000] [id=4792]
  0x0000022c56525fe0 ConcurrentGCThread "G1 Refine#0" [stack: 0x000000ef4a000000,0x000000ef4a100000] [id=7860]
  0x0000022c56526a10 ConcurrentGCThread "G1 Service" [stack: 0x000000ef4a100000,0x000000ef4a200000] [id=4896]

Threads with active compile tasks:
C2 CompilerThread0     2797 2768       4       org.objectweb.asm.SymbolTable::addConstantUtf8 (98 bytes)
C2 CompilerThread1     2797 2747       4       java.lang.invoke.MethodType::makeImpl (109 bytes)

VM state: not at safepoint (normal execution)

VM Mutex/Monitor currently owned by a thread: None

Heap address: 0x0000000080000000, size: 2048 MB, Compressed Oops mode: 32-bit

CDS archive(s) not mapped
Compressed class space mapped at: 0x0000000100000000-0x0000000140000000, reserved size: 1073741824
Narrow klass base: 0x0000000000000000, Narrow klass shift: 3, Narrow klass range: 0x140000000

GC Precious Log:
 CPUs: 12 total, 12 available
 Memory: 7832M
 Large Page Support: Disabled
 NUMA Support: Disabled
 Compressed Oops: Enabled (32-bit)
 Heap Region Size: 1M
 Heap Min Capacity: 8M
 Heap Initial Capacity: 124M
 Heap Max Capacity: 2G
 Pre-touch: Disabled
 Parallel Workers: 10
 Concurrent Workers: 3
 Concurrent Refinement Workers: 10
 Periodic GC: Disabled

Heap:
 garbage-first heap   total 71680K, used 50102K [0x0000000080000000, 0x0000000100000000)
  region size 1024K, 32 young (32768K), 4 survivors (4096K)
 Metaspace       used 33777K, committed 34048K, reserved 1114112K
  class space    used 4604K, committed 4736K, reserved 1048576K

Heap Regions: E=young(eden), S=young(survivor), O=old, HS=humongous(starts), HC=humongous(continues), CS=collection set, F=free, OA=open archive, CA=closed archive, TAMS=top-at-mark-start (previous, next)
|   0|0x0000000080000000, 0x0000000080100000, 0x0000000080100000|100%|HS|  |TAMS 0x0000000080100000, 0x0000000080000000| Complete 
|   1|0x0000000080100000, 0x0000000080200000, 0x0000000080200000|100%|HC|  |TAMS 0x0000000080200000, 0x0000000080100000| Complete 
|   2|0x0000000080200000, 0x0000000080300000, 0x0000000080300000|100%|HC|  |TAMS 0x0000000080300000, 0x0000000080200000| Complete 
|   3|0x0000000080300000, 0x0000000080400000, 0x0000000080400000|100%|HC|  |TAMS 0x0000000080400000, 0x0000000080300000| Complete 
|   4|0x0000000080400000, 0x0000000080500000, 0x0000000080500000|100%| O|  |TAMS 0x0000000080500000, 0x0000000080400000| Untracked 
|   5|0x0000000080500000, 0x0000000080600000, 0x0000000080600000|100%| O|  |TAMS 0x0000000080600000, 0x0000000080500000| Untracked 
|   6|0x0000000080600000, 0x0000000080700000, 0x0000000080700000|100%| O|  |TAMS 0x0000000080700000, 0x0000000080600000| Untracked 
|   7|0x0000000080700000, 0x0000000080800000, 0x0000000080800000|100%| O|  |TAMS 0x0000000080800000, 0x0000000080700000| Untracked 
|   8|0x0000000080800000, 0x0000000080900000, 0x0000000080900000|100%| O|  |TAMS 0x0000000080900000, 0x0000000080800000| Untracked 
|   9|0x0000000080900000, 0x0000000080a00000, 0x0000000080a00000|100%| O|  |TAMS 0x0000000080a00000, 0x0000000080900000| Untracked 
|  10|0x0000000080a00000, 0x0000000080a64200, 0x0000000080b00000| 39%| O|  |TAMS 0x0000000080a64200, 0x0000000080a00000| Untracked 
|  11|0x0000000080b00000, 0x0000000080c00000, 0x0000000080c00000|100%| O|  |TAMS 0x0000000080b00000, 0x0000000080b00000| Untracked 
|  12|0x0000000080c00000, 0x0000000080d00000, 0x0000000080d00000|100%| O|  |TAMS 0x0000000080c00000, 0x0000000080c00000| Untracked 
|  13|0x0000000080d00000, 0x0000000080e00000, 0x0000000080e00000|100%| O|  |TAMS 0x0000000080d00000, 0x0000000080d00000| Untracked 
|  14|0x0000000080e00000, 0x0000000080f00000, 0x0000000080f00000|100%| O|  |TAMS 0x0000000080e00000, 0x0000000080e00000| Untracked 
|  15|0x0000000080f00000, 0x0000000081000000, 0x0000000081000000|100%| O|  |TAMS 0x0000000080f00000, 0x0000000080f00000| Untracked 
|  16|0x0000000081000000, 0x0000000081100000, 0x0000000081100000|100%| O|  |TAMS 0x0000000081000000, 0x0000000081000000| Untracked 
|  17|0x0000000081100000, 0x0000000081200000, 0x0000000081200000|100%| O|  |TAMS 0x0000000081100000, 0x0000000081100000| Untracked 
|  18|0x0000000081200000, 0x0000000081300000, 0x0000000081300000|100%| O|  |TAMS 0x0000000081200000, 0x0000000081200000| Untracked 
|  19|0x0000000081300000, 0x0000000081323000, 0x0000000081400000| 13%| O|  |TAMS 0x0000000081300000, 0x0000000081300000| Untracked 
|  20|0x0000000081400000, 0x0000000081400000, 0x0000000081500000|  0%| F|  |TAMS 0x0000000081400000, 0x0000000081400000| Untracked 
|  21|0x0000000081500000, 0x0000000081500000, 0x0000000081600000|  0%| F|  |TAMS 0x0000000081500000, 0x0000000081500000| Untracked 
|  22|0x0000000081600000, 0x0000000081600000, 0x0000000081700000|  0%| F|  |TAMS 0x0000000081600000, 0x0000000081600000| Untracked 
|  23|0x0000000081700000, 0x0000000081700000, 0x0000000081800000|  0%| F|  |TAMS 0x0000000081700000, 0x0000000081700000| Untracked 
|  24|0x0000000081800000, 0x0000000081800000, 0x0000000081900000|  0%| F|  |TAMS 0x0000000081800000, 0x0000000081800000| Untracked 
|  25|0x0000000081900000, 0x0000000081900000, 0x0000000081a00000|  0%| F|  |TAMS 0x0000000081900000, 0x0000000081900000| Untracked 
|  26|0x0000000081a00000, 0x0000000081a00000, 0x0000000081b00000|  0%| F|  |TAMS 0x0000000081a00000, 0x0000000081a00000| Untracked 
|  27|0x0000000081b00000, 0x0000000081b00000, 0x0000000081c00000|  0%| F|  |TAMS 0x0000000081b00000, 0x0000000081b00000| Untracked 
|  28|0x0000000081c00000, 0x0000000081c00000, 0x0000000081d00000|  0%| F|  |TAMS 0x0000000081c00000, 0x0000000081c00000| Untracked 
|  29|0x0000000081d00000, 0x0000000081d00000, 0x0000000081e00000|  0%| F|  |TAMS 0x0000000081d00000, 0x0000000081d00000| Untracked 
|  30|0x0000000081e00000, 0x0000000081e00000, 0x0000000081f00000|  0%| F|  |TAMS 0x0000000081e00000, 0x0000000081e00000| Untracked 
|  31|0x0000000081f00000, 0x0000000081f00000, 0x0000000082000000|  0%| F|  |TAMS 0x0000000081f00000, 0x0000000081f00000| Untracked 
|  32|0x0000000082000000, 0x0000000082000000, 0x0000000082100000|  0%| F|  |TAMS 0x0000000082000000, 0x0000000082000000| Untracked 
|  33|0x0000000082100000, 0x0000000082100000, 0x0000000082200000|  0%| F|  |TAMS 0x0000000082100000, 0x0000000082100000| Untracked 
|  34|0x0000000082200000, 0x0000000082200000, 0x0000000082300000|  0%| F|  |TAMS 0x0000000082200000, 0x0000000082200000| Untracked 
|  35|0x0000000082300000, 0x0000000082300000, 0x0000000082400000|  0%| F|  |TAMS 0x0000000082300000, 0x0000000082300000| Untracked 
|  36|0x0000000082400000, 0x0000000082400000, 0x0000000082500000|  0%| F|  |TAMS 0x0000000082400000, 0x0000000082400000| Untracked 
|  37|0x0000000082500000, 0x0000000082500000, 0x0000000082600000|  0%| F|  |TAMS 0x0000000082500000, 0x0000000082500000| Untracked 
|  38|0x0000000082600000, 0x0000000082700000, 0x0000000082700000|100%| E|CS|TAMS 0x0000000082600000, 0x0000000082600000| Complete 
|  39|0x0000000082700000, 0x0000000082766690, 0x0000000082800000| 40%| E|CS|TAMS 0x0000000082700000, 0x0000000082700000| Complete 
|  40|0x0000000082800000, 0x0000000082900000, 0x0000000082900000|100%| E|CS|TAMS 0x0000000082800000, 0x0000000082800000| Complete 
|  41|0x0000000082900000, 0x0000000082a00000, 0x0000000082a00000|100%| E|CS|TAMS 0x0000000082900000, 0x0000000082900000| Complete 
|  42|0x0000000082a00000, 0x0000000082b00000, 0x0000000082b00000|100%| E|CS|TAMS 0x0000000082a00000, 0x0000000082a00000| Complete 
|  43|0x0000000082b00000, 0x0000000082c00000, 0x0000000082c00000|100%| E|CS|TAMS 0x0000000082b00000, 0x0000000082b00000| Complete 
|  44|0x0000000082c00000, 0x0000000082d00000, 0x0000000082d00000|100%| E|CS|TAMS 0x0000000082c00000, 0x0000000082c00000| Complete 
|  45|0x0000000082d00000, 0x0000000082e00000, 0x0000000082e00000|100%| E|CS|TAMS 0x0000000082d00000, 0x0000000082d00000| Complete 
|  46|0x0000000082e00000, 0x0000000082f00000, 0x0000000082f00000|100%| E|CS|TAMS 0x0000000082e00000, 0x0000000082e00000| Complete 
|  47|0x0000000082f00000, 0x0000000083000000, 0x0000000083000000|100%| E|CS|TAMS 0x0000000082f00000, 0x0000000082f00000| Complete 
|  48|0x0000000083000000, 0x0000000083100000, 0x0000000083100000|100%| E|CS|TAMS 0x0000000083000000, 0x0000000083000000| Complete 
|  49|0x0000000083100000, 0x0000000083200000, 0x0000000083200000|100%| E|CS|TAMS 0x0000000083100000, 0x0000000083100000| Complete 
|  50|0x0000000083200000, 0x0000000083300000, 0x0000000083300000|100%| E|CS|TAMS 0x0000000083200000, 0x0000000083200000| Complete 
|  51|0x0000000083300000, 0x0000000083400000, 0x0000000083400000|100%| E|CS|TAMS 0x0000000083300000, 0x0000000083300000| Complete 
|  52|0x0000000083400000, 0x0000000083500000, 0x0000000083500000|100%| E|CS|TAMS 0x0000000083400000, 0x0000000083400000| Complete 
|  53|0x0000000083500000, 0x0000000083600000, 0x0000000083600000|100%| E|CS|TAMS 0x0000000083500000, 0x0000000083500000| Complete 
|  54|0x0000000083600000, 0x0000000083700000, 0x0000000083700000|100%| E|CS|TAMS 0x0000000083600000, 0x0000000083600000| Complete 
|  55|0x0000000083700000, 0x0000000083800000, 0x0000000083800000|100%| E|CS|TAMS 0x0000000083700000, 0x0000000083700000| Complete 
|  56|0x0000000083800000, 0x0000000083900000, 0x0000000083900000|100%| E|CS|TAMS 0x0000000083800000, 0x0000000083800000| Complete 
|  57|0x0000000083900000, 0x0000000083a00000, 0x0000000083a00000|100%| E|CS|TAMS 0x0000000083900000, 0x0000000083900000| Complete 
|  58|0x0000000083a00000, 0x0000000083b00000, 0x0000000083b00000|100%| E|CS|TAMS 0x0000000083a00000, 0x0000000083a00000| Complete 
|  59|0x0000000083b00000, 0x0000000083c00000, 0x0000000083c00000|100%| E|CS|TAMS 0x0000000083b00000, 0x0000000083b00000| Complete 
|  68|0x0000000084400000, 0x0000000084500000, 0x0000000084500000|100%| E|CS|TAMS 0x0000000084400000, 0x0000000084400000| Complete 
|  69|0x0000000084500000, 0x0000000084600000, 0x0000000084600000|100%| E|CS|TAMS 0x0000000084500000, 0x0000000084500000| Complete 
|  70|0x0000000084600000, 0x0000000084700000, 0x0000000084700000|100%| E|CS|TAMS 0x0000000084600000, 0x0000000084600000| Complete 
|  71|0x0000000084700000, 0x0000000084800000, 0x0000000084800000|100%| E|CS|TAMS 0x0000000084700000, 0x0000000084700000| Complete 
|  72|0x0000000084800000, 0x0000000084900000, 0x0000000084900000|100%| E|CS|TAMS 0x0000000084800000, 0x0000000084800000| Complete 
|  73|0x0000000084900000, 0x0000000084a00000, 0x0000000084a00000|100%| E|CS|TAMS 0x0000000084900000, 0x0000000084900000| Complete 
|  74|0x0000000084a00000, 0x0000000084b00000, 0x0000000084b00000|100%| E|CS|TAMS 0x0000000084a00000, 0x0000000084a00000| Complete 
|  75|0x0000000084b00000, 0x0000000084c00000, 0x0000000084c00000|100%| E|CS|TAMS 0x0000000084b00000, 0x0000000084b00000| Complete 
|  76|0x0000000084c00000, 0x0000000084d00000, 0x0000000084d00000|100%| E|CS|TAMS 0x0000000084c00000, 0x0000000084c00000| Complete 
| 123|0x0000000087b00000, 0x0000000087c00000, 0x0000000087c00000|100%| E|CS|TAMS 0x0000000087b00000, 0x0000000087b00000| Complete 

Card table byte_map: [0x0000022c4fa70000,0x0000022c4fe70000] _byte_map_base: 0x0000022c4f670000

Marking Bits (Prev, Next): (CMBitMap*) 0x0000022c3ccc8240, (CMBitMap*) 0x0000022c3ccc8200
 Prev Bits: [0x0000022c52270000, 0x0000022c54270000)
 Next Bits: [0x0000022c50270000, 0x0000022c52270000)

Polling page: 0x0000022c3c360000

Metaspace:

Usage:
  Non-class:     28.49 MB used.
      Class:      4.50 MB used.
       Both:     32.99 MB used.

Virtual space:
  Non-class space:       64.00 MB reserved,      28.62 MB ( 45%) committed,  1 nodes.
      Class space:        1.00 GB reserved,       4.62 MB ( <1%) committed,  1 nodes.
             Both:        1.06 GB reserved,      33.25 MB (  3%) committed. 

Chunk freelists:
   Non-Class:  3.13 MB
       Class:  11.36 MB
        Both:  14.49 MB

MaxMetaspaceSize: unlimited
CompressedClassSpaceSize: 1.00 GB
Initial GC threshold: 21.00 MB
Current GC threshold: 35.25 MB
CDS: off
MetaspaceReclaimPolicy: balanced
 - commit_granule_bytes: 65536.
 - commit_granule_words: 8192.
 - virtual_space_node_default_size: 8388608.
 - enlarge_chunks_in_place: 1.
 - new_chunks_are_fully_committed: 0.
 - uncommit_free_chunks: 1.
 - use_allocation_guard: 0.
 - handle_deallocations: 1.


Internal statistics:

num_allocs_failed_limit: 3.
num_arena_births: 248.
num_arena_deaths: 0.
num_vsnodes_births: 2.
num_vsnodes_deaths: 0.
num_space_committed: 532.
num_space_uncommitted: 0.
num_chunks_returned_to_freelist: 3.
num_chunks_taken_from_freelist: 1145.
num_chunk_merges: 3.
num_chunk_splits: 772.
num_chunks_enlarged: 571.
num_inconsistent_stats: 0.

CodeHeap 'non-profiled nmethods': size=120000Kb used=1638Kb max_used=1638Kb free=118361Kb
 bounds [0x0000022c47bf0000, 0x0000022c47e60000, 0x0000022c4f120000]
CodeHeap 'profiled nmethods': size=120000Kb used=5632Kb max_used=5632Kb free=114367Kb
 bounds [0x0000022c40120000, 0x0000022c406b0000, 0x0000022c47650000]
CodeHeap 'non-nmethods': size=5760Kb used=1242Kb max_used=1293Kb free=4517Kb
 bounds [0x0000022c47650000, 0x0000022c478c0000, 0x0000022c47bf0000]
 total_blobs=3338 nmethods=2787 adapters=463
 compilation: enabled
              stopped_count=0, restarted_count=0
 full_count=0

Compilation events (20 events):
Event: 2.711 Thread 0x0000022c570ea5a0 nmethod 2769 0x0000022c40690910 code [0x0000022c40690ba0, 0x0000022c40691918]
Event: 2.711 Thread 0x0000022c570ea5a0 2766       3       org.objectweb.asm.Handler::putExceptionTable (63 bytes)
Event: 2.711 Thread 0x0000022c570ea5a0 nmethod 2766 0x0000022c40691e10 code [0x0000022c40692020, 0x0000022c40692488]
Event: 2.711 Thread 0x0000022c570ea5a0 2770       3       java.lang.invoke.MethodHandles$Lookup::checkMethod (87 bytes)
Event: 2.713 Thread 0x0000022c570ea5a0 nmethod 2770 0x0000022c40692790 code [0x0000022c406929a0, 0x0000022c40693118]
Event: 2.713 Thread 0x0000022c570ea5a0 2771       3       java.lang.invoke.MethodHandles$Lookup::maybeBindCaller (72 bytes)
Event: 2.713 Thread 0x0000022c570ea5a0 nmethod 2771 0x0000022c40693390 code [0x0000022c406935c0, 0x0000022c40693e88]
Event: 2.718 Thread 0x0000022c570ea5a0 2772       3       com.google.common.collect.ObjectArrays::checkElementNotNull (33 bytes)
Event: 2.719 Thread 0x0000022c570ea5a0 nmethod 2772 0x0000022c40694190 code [0x0000022c406943c0, 0x0000022c406949f8]
Event: 2.726 Thread 0x0000022c570ea5a0 2773       3       com.google.common.base.Preconditions::checkArgument (28 bytes)
Event: 2.727 Thread 0x0000022c570ea5a0 nmethod 2773 0x0000022c40694c90 code [0x0000022c40694e80, 0x0000022c40695478]
Event: 2.727 Thread 0x0000022c570ea5a0 2774       3       com.google.common.io.BaseEncoding$Alphabet::encode (7 bytes)
Event: 2.727 Thread 0x0000022c570ea5a0 nmethod 2774 0x0000022c40695690 code [0x0000022c40695820, 0x0000022c40695958]
Event: 2.767 Thread 0x0000022c570ea5a0 2775       1       java.lang.invoke.MethodHandleImpl$IntrinsicMethodHandle::getTarget (5 bytes)
Event: 2.767 Thread 0x0000022c570ea5a0 nmethod 2775 0x0000022c47d83a10 code [0x0000022c47d83ba0, 0x0000022c47d83c78]
Event: 2.779 Thread 0x0000022c570ea5a0 2776       3       jdk.internal.org.objectweb.asm.ClassWriter::visit (160 bytes)
Event: 2.780 Thread 0x0000022c570ea5a0 nmethod 2776 0x0000022c40695a10 code [0x0000022c40695c40, 0x0000022c40696478]
Event: 2.780 Thread 0x0000022c570ea5a0 2777       3       jdk.internal.org.objectweb.asm.SymbolTable::setMajorVersionAndClassName (19 bytes)
Event: 2.780 Thread 0x0000022c570ea5a0 nmethod 2777 0x0000022c40696890 code [0x0000022c40696a40, 0x0000022c40696c48]
Event: 2.780 Thread 0x0000022c570ea5a0 2778       3       jdk.internal.org.objectweb.asm.Type::getObjectType (31 bytes)

GC Heap History (10 events):
Event: 0.537 GC heap before
{Heap before GC invocations=0 (full 0):
 garbage-first heap   total 126976K, used 26624K [0x0000000080000000, 0x0000000100000000)
  region size 1024K, 23 young (23552K), 0 survivors (0K)
 Metaspace       used 10503K, committed 10624K, reserved 1114112K
  class space    used 1092K, committed 1152K, reserved 1048576K
}
Event: 0.542 GC heap after
{Heap after GC invocations=1 (full 0):
 garbage-first heap   total 126976K, used 10400K [0x0000000080000000, 0x0000000100000000)
  region size 1024K, 3 young (3072K), 3 survivors (3072K)
 Metaspace       used 10503K, committed 10624K, reserved 1114112K
  class space    used 1092K, committed 1152K, reserved 1048576K
}
Event: 0.776 GC heap before
{Heap before GC invocations=1 (full 0):
 garbage-first heap   total 126976K, used 38048K [0x0000000080000000, 0x0000000100000000)
  region size 1024K, 30 young (30720K), 3 survivors (3072K)
 Metaspace       used 11460K, committed 11648K, reserved 1114112K
  class space    used 1199K, committed 1280K, reserved 1048576K
}
Event: 0.780 GC heap after
{Heap after GC invocations=2 (full 0):
 garbage-first heap   total 126976K, used 11664K [0x0000000080000000, 0x0000000100000000)
  region size 1024K, 1 young (1024K), 1 survivors (1024K)
 Metaspace       used 11460K, committed 11648K, reserved 1114112K
  class space    used 1199K, committed 1280K, reserved 1048576K
}
Event: 1.595 GC heap before
{Heap before GC invocations=2 (full 0):
 garbage-first heap   total 126976K, used 58768K [0x0000000080000000, 0x0000000100000000)
  region size 1024K, 47 young (48128K), 1 survivors (1024K)
 Metaspace       used 21334K, committed 21504K, reserved 1114112K
  class space    used 2528K, committed 2624K, reserved 1048576K
}
Event: 1.602 GC heap after
{Heap after GC invocations=3 (full 0):
 garbage-first heap   total 126976K, used 19000K [0x0000000080000000, 0x0000000100000000)
  region size 1024K, 9 young (9216K), 9 survivors (9216K)
 Metaspace       used 21334K, committed 21504K, reserved 1114112K
  class space    used 2528K, committed 2624K, reserved 1048576K
}
Event: 2.068 GC heap before
{Heap before GC invocations=4 (full 0):
 garbage-first heap   total 71680K, used 52792K [0x0000000080000000, 0x0000000100000000)
  region size 1024K, 42 young (43008K), 9 survivors (9216K)
 Metaspace       used 26557K, committed 26816K, reserved 1114112K
  class space    used 3428K, committed 3584K, reserved 1048576K
}
Event: 2.073 GC heap after
{Heap after GC invocations=5 (full 0):
 garbage-first heap   total 71680K, used 21332K [0x0000000080000000, 0x0000000100000000)
  region size 1024K, 3 young (3072K), 3 survivors (3072K)
 Metaspace       used 26557K, committed 26816K, reserved 1114112K
  class space    used 3428K, committed 3584K, reserved 1048576K
}
Event: 2.466 GC heap before
{Heap before GC invocations=5 (full 0):
 garbage-first heap   total 71680K, used 47956K [0x0000000080000000, 0x0000000100000000)
  region size 1024K, 30 young (30720K), 3 survivors (3072K)
 Metaspace       used 30393K, committed 30656K, reserved 1114112K
  class space    used 4049K, committed 4160K, reserved 1048576K
}
Event: 2.469 GC heap after
{Heap after GC invocations=6 (full 0):
 garbage-first heap   total 71680K, used 22454K [0x0000000080000000, 0x0000000100000000)
  region size 1024K, 4 young (4096K), 4 survivors (4096K)
 Metaspace       used 30393K, committed 30656K, reserved 1114112K
  class space    used 4049K, committed 4160K, reserved 1048576K
}

Dll operation events (3 events):
Event: 0.008 Loaded shared library C:\Program Files\Android\Android Studio4\jbr\bin\java.dll
Event: 0.117 Loaded shared library C:\Program Files\Android\Android Studio4\jbr\bin\zip.dll
Event: 0.337 Loaded shared library C:\Program Files\Android\Android Studio4\jbr\bin\verify.dll

Deoptimization events (20 events):
Event: 2.164 Thread 0x0000022c5d69a500 DEOPT PACKING pc=0x0000022c47d044fc sp=0x000000ef4bbfaaf0
Event: 2.164 Thread 0x0000022c5d69a500 DEOPT UNPACKING pc=0x0000022c476a69a3 sp=0x000000ef4bbfaa10 mode 2
Event: 2.190 Thread 0x0000022c5d69a500 DEOPT PACKING pc=0x0000022c40531554 sp=0x000000ef4bbf8970
Event: 2.190 Thread 0x0000022c5d69a500 DEOPT UNPACKING pc=0x0000022c476a7143 sp=0x000000ef4bbf7ec8 mode 0
Event: 2.239 Thread 0x0000022c5d69a500 Uncommon trap: trap_request=0xffffff45 fr.pc=0x0000022c47c24874 relative=0x00000000000000d4
Event: 2.239 Thread 0x0000022c5d69a500 Uncommon trap: reason=unstable_if action=reinterpret pc=0x0000022c47c24874 method=java.util.HashMap.hash(Ljava/lang/Object;)I @ 1 c2
Event: 2.239 Thread 0x0000022c5d69a500 DEOPT PACKING pc=0x0000022c47c24874 sp=0x000000ef4bbf9a20
Event: 2.239 Thread 0x0000022c5d69a500 DEOPT UNPACKING pc=0x0000022c476a69a3 sp=0x000000ef4bbf9960 mode 2
Event: 2.396 Thread 0x0000022c5d69a500 Uncommon trap: trap_request=0xffffff76 fr.pc=0x0000022c47d60374 relative=0x0000000000000154
Event: 2.396 Thread 0x0000022c5d69a500 Uncommon trap: reason=predicate action=maybe_recompile pc=0x0000022c47d60374 method=com.google.common.base.CharMatcher.indexIn(Ljava/lang/CharSequence;I)I @ 19 c2
Event: 2.396 Thread 0x0000022c5d69a500 DEOPT PACKING pc=0x0000022c47d60374 sp=0x000000ef4bbfa1b0
Event: 2.396 Thread 0x0000022c5d69a500 DEOPT UNPACKING pc=0x0000022c476a69a3 sp=0x000000ef4bbfa140 mode 2
Event: 2.448 Thread 0x0000022c5d69a500 Uncommon trap: trap_request=0xffffff45 fr.pc=0x0000022c47cd85f0 relative=0x00000000000005d0
Event: 2.448 Thread 0x0000022c5d69a500 Uncommon trap: reason=unstable_if action=reinterpret pc=0x0000022c47cd85f0 method=java.util.Properties$LineReader.readLine()I @ 95 c2
Event: 2.448 Thread 0x0000022c5d69a500 DEOPT PACKING pc=0x0000022c47cd85f0 sp=0x000000ef4bbfb080
Event: 2.448 Thread 0x0000022c5d69a500 DEOPT UNPACKING pc=0x0000022c476a69a3 sp=0x000000ef4bbfb030 mode 2
Event: 2.619 Thread 0x0000022c5d69a500 Uncommon trap: trap_request=0xffffff45 fr.pc=0x0000022c47c4a068 relative=0x00000000000005a8
Event: 2.619 Thread 0x0000022c5d69a500 Uncommon trap: reason=unstable_if action=reinterpret pc=0x0000022c47c4a068 method=java.util.HashMap.hash(Ljava/lang/Object;)I @ 1 c2
Event: 2.619 Thread 0x0000022c5d69a500 DEOPT PACKING pc=0x0000022c47c4a068 sp=0x000000ef4bbf7770
Event: 2.619 Thread 0x0000022c5d69a500 DEOPT UNPACKING pc=0x0000022c476a69a3 sp=0x000000ef4bbf7618 mode 2

Classes unloaded (0 events):
No events

Classes redefined (0 events):
No events

Internal exceptions (20 events):
Event: 2.019 Thread 0x0000022c5d69a500 Exception <a 'java/lang/NoSuchMethodError'{0x0000000081f876e0}: 'int java.lang.invoke.DirectMethodHandle$Holder.invokeStatic(java.lang.Object, java.lang.Object, java.lang.Object, java.lang.Object)'> (0x0000000081f876e0) 
thrown [s\src\hotspot\share\interpreter\linkResolver.cpp, line 771]
Event: 2.019 Thread 0x0000022c5d69a500 Exception <a 'java/lang/NoSuchMethodError'{0x0000000081f8b308}: 'java.lang.Object java.lang.invoke.Invokers$Holder.invokeExact_MT(java.lang.Object, java.lang.Object, java.lang.Object, java.lang.Object, java.lang.Object, java.lang.Object)'> (0x0000000081f8b308) 
thrown [s\src\hotspot\share\interpreter\linkResolver.cpp, line 771]
Event: 2.078 Thread 0x0000022c5d69a500 Exception <a 'java/lang/NoSuchMethodError'{0x0000000087b99428}: 'java.lang.Object java.lang.invoke.DirectMethodHandle$Holder.invokeSpecial(java.lang.Object, java.lang.Object, java.lang.Object, java.lang.Object, java.lang.Object, java.lang.Object, java.lang.Object, java.lang.Object, java.lang.Object)'> (0x0000000087b99428) 
thrown [s\src\hotspot\share\interpreter\linkResolver.cpp, line 771]
Event: 2.150 Thread 0x0000022c5d69a500 Exception <a 'java/lang/NoSuchMethodError'{0x0000000084710910}: 'java.lang.Object java.lang.invoke.DirectMethodHandle$Holder.invokeVirtual(java.lang.Object, java.lang.Object, java.lang.Object, java.lang.Object)'> (0x0000000084710910) 
thrown [s\src\hotspot\share\interpreter\linkResolver.cpp, line 771]
Event: 2.172 Thread 0x0000022c5d69a500 Exception <a 'java/lang/NoSuchMethodError'{0x0000000084658ab0}: 'java.lang.Object java.lang.invoke.DirectMethodHandle$Holder.newInvokeSpecial(java.lang.Object, java.lang.Object, java.lang.Object, java.lang.Object, java.lang.Object, java.lang.Object, java.lang.Object)'> (0x0000000084658ab0) 
thrown [s\src\hotspot\share\interpreter\linkResolver.cpp, line 771]
Event: 2.172 Thread 0x0000022c5d69a500 Exception <a 'java/lang/NoSuchMethodError'{0x000000008465d780}: 'java.lang.Object java.lang.invoke.Invokers$Holder.linkToTargetMethod(java.lang.Object, java.lang.Object, java.lang.Object, java.lang.Object, java.lang.Object, java.lang.Object, java.lang.Object)'> (0x000000008465d780) 
thrown [s\src\hotspot\share\interpreter\linkResolver.cpp, line 771]
Event: 2.193 Thread 0x0000022c5d69a500 Exception <a 'java/lang/NoSuchMethodError'{0x00000000845b0fd8}: 'java.lang.Object java.lang.invoke.DirectMethodHandle$Holder.invokeVirtual(java.lang.Object, java.lang.Object, java.lang.Object, java.lang.Object, java.lang.Object, java.lang.Object, java.lang.Object, java.lang.Object, java.lang.Object, java.lang.Object, java.lang.Object, java.lang.Object, java.lang.Object, java.lang.Object, java.lang.Object, java.lang.Object, java.lang.Object, java.lang.Object, java.lang.Object, java.lang.Object, java.lang.Ob
Event: 2.239 Thread 0x0000022c5d69a500 Implicit null exception at 0x0000022c47c247d8 to 0x0000022c47c2486a
Event: 2.420 Thread 0x0000022c5d69a500 Exception <a 'java/lang/NoSuchMethodError'{0x0000000082e567c8}: 'void java.lang.invoke.DirectMethodHandle$Holder.invokeStatic(java.lang.Object, java.lang.Object, java.lang.Object, java.lang.Object)'> (0x0000000082e567c8) 
thrown [s\src\hotspot\share\interpreter\linkResolver.cpp, line 771]
Event: 2.423 Thread 0x0000022c5d69a500 Exception <a 'java/lang/NoSuchMethodError'{0x0000000082e6b130}: 'int java.lang.invoke.DirectMethodHandle$Holder.invokeVirtual(java.lang.Object, java.lang.Object)'> (0x0000000082e6b130) 
thrown [s\src\hotspot\share\interpreter\linkResolver.cpp, line 771]
Event: 2.424 Thread 0x0000022c5d69a500 Exception <a 'java/lang/NoSuchMethodError'{0x0000000082e7d9f8}: 'java.lang.Object java.lang.invoke.DirectMethodHandle$Holder.invokeStaticInit(java.lang.Object, java.lang.Object, java.lang.Object)'> (0x0000000082e7d9f8) 
thrown [s\src\hotspot\share\interpreter\linkResolver.cpp, line 771]
Event: 2.426 Thread 0x0000022c5d69a500 Exception <a 'java/lang/NoSuchMethodError'{0x0000000082ebbdb0}: 'int java.lang.invoke.DirectMethodHandle$Holder.invokeVirtual(java.lang.Object, java.lang.Object, java.lang.Object)'> (0x0000000082ebbdb0) 
thrown [s\src\hotspot\share\interpreter\linkResolver.cpp, line 771]
Event: 2.550 Thread 0x0000022c5d69a500 Exception <a 'java/lang/NoSuchMethodError'{0x0000000084562040}: 'java.lang.Object java.lang.invoke.DirectMethodHandle$Holder.invokeSpecialIFC(java.lang.Object, java.lang.Object, java.lang.Object, java.lang.Object)'> (0x0000000084562040) 
thrown [s\src\hotspot\share\interpreter\linkResolver.cpp, line 771]
Event: 2.554 Thread 0x0000022c5d69a500 Exception <a 'java/lang/NoSuchMethodError'{0x00000000845fbd20}: 'java.lang.Object java.lang.invoke.DirectMethodHandle$Holder.newInvokeSpecial(java.lang.Object, java.lang.Object, java.lang.Object, java.lang.Object, java.lang.Object, java.lang.Object, java.lang.Object, java.lang.Object, java.lang.Object, java.lang.Object)'> (0x00000000845fbd20) 
thrown [s\src\hotspot\share\interpreter\linkResolver.cpp, line 771]
Event: 2.554 Thread 0x0000022c5d69a500 Exception <a 'java/lang/NoSuchMethodError'{0x0000000084401430}: 'java.lang.Object java.lang.invoke.Invokers$Holder.linkToTargetMethod(java.lang.Object, java.lang.Object, java.lang.Object, java.lang.Object, java.lang.Object, java.lang.Object, java.lang.Object, java.lang.Object, java.lang.Object, java.lang.Object)'> (0x0000000084401430) 
thrown [s\src\hotspot\share\interpreter\linkResolver.cpp, line 771]
Event: 2.558 Thread 0x0000022c5d69a500 Exception <a 'java/lang/NoSuchMethodError'{0x0000000084477e48}: 'java.lang.Object java.lang.invoke.DirectMethodHandle$Holder.newInvokeSpecial(java.lang.Object, java.lang.Object, java.lang.Object, java.lang.Object, java.lang.Object, java.lang.Object, java.lang.Object, java.lang.Object, java.lang.Object, java.lang.Object, java.lang.Object)'> (0x0000000084477e48) 
thrown [s\src\hotspot\share\interpreter\linkResolver.cpp, line 771]
Event: 2.558 Thread 0x0000022c5d69a500 Exception <a 'java/lang/NoSuchMethodError'{0x000000008447d980}: 'java.lang.Object java.lang.invoke.DirectMethodHandle$Holder.invokeSpecial(java.lang.Object, java.lang.Object, java.lang.Object, java.lang.Object, java.lang.Object, java.lang.Object, java.lang.Object, java.lang.Object, java.lang.Object, java.lang.Object, java.lang.Object, java.lang.Object)'> (0x000000008447d980) 
thrown [s\src\hotspot\share\interpreter\linkResolver.cpp, line 771]
Event: 2.558 Thread 0x0000022c5d69a500 Exception <a 'java/lang/NoSuchMethodError'{0x0000000084483018}: 'java.lang.Object java.lang.invoke.Invokers$Holder.linkToTargetMethod(java.lang.Object, java.lang.Object, java.lang.Object, java.lang.Object, java.lang.Object, java.lang.Object, java.lang.Object, java.lang.Object, java.lang.Object, java.lang.Object, java.lang.Object)'> (0x0000000084483018) 
thrown [s\src\hotspot\share\interpreter\linkResolver.cpp, line 771]
Event: 2.565 Thread 0x0000022c5d69a500 Exception <a 'java/lang/NoSuchMethodError'{0x0000000083b129b0}: 'java.lang.Object java.lang.invoke.DirectMethodHandle$Holder.invokeStaticInit(java.lang.Object, java.lang.Object, java.lang.Object, java.lang.Object)'> (0x0000000083b129b0) 
thrown [s\src\hotspot\share\interpreter\linkResolver.cpp, line 771]
Event: 2.619 Thread 0x0000022c5d69a500 Implicit null exception at 0x0000022c47c49b0c to 0x0000022c47c4a048

VM Operations (20 events):
Event: 1.605 Executing VM operation: G1PauseRemark
Event: 1.607 Executing VM operation: G1PauseRemark done
Event: 1.608 Executing VM operation: G1PauseCleanup
Event: 1.611 Executing VM operation: G1PauseCleanup done
Event: 1.661 Executing VM operation: HandshakeAllThreads
Event: 1.661 Executing VM operation: HandshakeAllThreads done
Event: 1.866 Executing VM operation: HandshakeAllThreads
Event: 1.866 Executing VM operation: HandshakeAllThreads done
Event: 1.866 Executing VM operation: HandshakeAllThreads
Event: 1.866 Executing VM operation: HandshakeAllThreads done
Event: 2.068 Executing VM operation: G1CollectForAllocation
Event: 2.073 Executing VM operation: G1CollectForAllocation done
Event: 2.450 Executing VM operation: HandshakeAllThreads
Event: 2.450 Executing VM operation: HandshakeAllThreads done
Event: 2.450 Executing VM operation: HandshakeAllThreads
Event: 2.450 Executing VM operation: HandshakeAllThreads done
Event: 2.465 Executing VM operation: G1CollectForAllocation
Event: 2.469 Executing VM operation: G1CollectForAllocation done
Event: 2.621 Executing VM operation: HandshakeAllThreads
Event: 2.621 Executing VM operation: HandshakeAllThreads done

Events (20 events):
Event: 2.590 Thread 0x0000022c5d1ebf20 Thread added: 0x0000022c5d1ebf20
Event: 2.614 loading class java/lang/invoke/SerializedLambda
Event: 2.614 loading class java/lang/invoke/SerializedLambda done
Event: 2.617 loading class java/lang/reflect/AnnotatedType
Event: 2.617 loading class java/lang/reflect/AnnotatedType done
Event: 2.619 loading class sun/reflect/misc/ReflectUtil
Event: 2.619 loading class sun/reflect/misc/ReflectUtil done
Event: 2.622 loading class java/lang/Class$EnclosingMethodInfo
Event: 2.622 loading class java/lang/Class$EnclosingMethodInfo done
Event: 2.623 loading class sun/reflect/generics/tree/IntSignature
Event: 2.623 loading class sun/reflect/generics/tree/IntSignature done
Event: 2.623 loading class sun/reflect/generics/tree/ArrayTypeSignature
Event: 2.623 loading class sun/reflect/generics/tree/ArrayTypeSignature done
Event: 2.627 loading class java/lang/SafeVarargs
Event: 2.627 loading class java/lang/SafeVarargs done
Event: 2.628 Thread 0x0000022c5eab89c0 Thread exited: 0x0000022c5eab89c0
Event: 2.665 loading class java/util/regex/Pattern$GroupCurly
Event: 2.665 loading class java/util/regex/Pattern$GroupCurly done
Event: 2.675 Thread 0x0000022c5e5d2200 Thread added: 0x0000022c5e5d2200
Event: 2.755 Thread 0x0000022c5e5cea50 Thread added: 0x0000022c5e5cea50


Dynamic libraries:
0x00007ff660450000 - 0x00007ff66045a000 	C:\Program Files\Android\Android Studio4\jbr\bin\java.exe
0x00007fffa9310000 - 0x00007fffa9527000 	C:\WINDOWS\SYSTEM32\ntdll.dll
0x00007fffa8240000 - 0x00007fffa8304000 	C:\WINDOWS\System32\KERNEL32.DLL
0x00007fffa6c80000 - 0x00007fffa7037000 	C:\WINDOWS\System32\KERNELBASE.dll
0x00007fffa6710000 - 0x00007fffa6821000 	C:\WINDOWS\System32\ucrtbase.dll
0x00007fff7bf60000 - 0x00007fff7bf77000 	C:\Program Files\Android\Android Studio4\jbr\bin\jli.dll
0x00007fff838d0000 - 0x00007fff838eb000 	C:\Program Files\Android\Android Studio4\jbr\bin\VCRUNTIME140.dll
0x00007fffa8570000 - 0x00007fffa871f000 	C:\WINDOWS\System32\USER32.dll
0x00007fffa68d0000 - 0x00007fffa68f6000 	C:\WINDOWS\System32\win32u.dll
0x00007fffa8c90000 - 0x00007fffa8cb9000 	C:\WINDOWS\System32\GDI32.dll
0x00007fff8a880000 - 0x00007fff8ab13000 	C:\WINDOWS\WinSxS\amd64_microsoft.windows.common-controls_6595b64144ccf1df_6.0.22621.3672_none_2713b9d173822955\COMCTL32.dll
0x00007fffa6b60000 - 0x00007fffa6c78000 	C:\WINDOWS\System32\gdi32full.dll
0x00007fffa8800000 - 0x00007fffa88a7000 	C:\WINDOWS\System32\msvcrt.dll
0x00007fffa6830000 - 0x00007fffa68ca000 	C:\WINDOWS\System32\msvcp_win.dll
0x00007fffa8ef0000 - 0x00007fffa8f21000 	C:\WINDOWS\System32\IMM32.DLL
0x0000000072660000 - 0x000000007266c000 	C:\Program Files (x86)\360\Total Security\safemon\SafeWrapper.dll
0x00007fffa8180000 - 0x00007fffa8232000 	C:\WINDOWS\System32\ADVAPI32.dll
0x00007fffa7ff0000 - 0x00007fffa8098000 	C:\WINDOWS\System32\sechost.dll
0x00007fffa66e0000 - 0x00007fffa6708000 	C:\WINDOWS\System32\bcrypt.dll
0x00007fffa8a60000 - 0x00007fffa8b74000 	C:\WINDOWS\System32\RPCRT4.dll
0x00007fff6ed30000 - 0x00007fff6eddc000 	C:\Program Files (x86)\360\Total Security\safemon\libzdtp64.dll
0x00007fffa70d0000 - 0x00007fffa7939000 	C:\WINDOWS\System32\SHELL32.dll
0x00007fffa8b80000 - 0x00007fffa8bde000 	C:\WINDOWS\System32\SHLWAPI.dll
0x00007fffa6280000 - 0x00007fffa628a000 	C:\WINDOWS\SYSTEM32\VERSION.dll
0x00007fff9cc40000 - 0x00007fff9cc4c000 	C:\Program Files\Android\Android Studio4\jbr\bin\vcruntime140_1.dll
0x00007fff6eca0000 - 0x00007fff6ed2d000 	C:\Program Files\Android\Android Studio4\jbr\bin\msvcp140.dll
0x00007fff5e820000 - 0x00007fff5f4a3000 	C:\Program Files\Android\Android Studio4\jbr\bin\server\jvm.dll
0x00007fffa5460000 - 0x00007fffa54ad000 	C:\WINDOWS\SYSTEM32\POWRPROF.dll
0x00007fff9d0d0000 - 0x00007fff9d104000 	C:\WINDOWS\SYSTEM32\WINMM.dll
0x00007fff9fb60000 - 0x00007fff9fb69000 	C:\WINDOWS\SYSTEM32\WSOCK32.dll
0x00007fffa84f0000 - 0x00007fffa8561000 	C:\WINDOWS\System32\WS2_32.dll
0x00007fffa5440000 - 0x00007fffa5453000 	C:\WINDOWS\SYSTEM32\UMPDC.dll
0x00007fffa56f0000 - 0x00007fffa5708000 	C:\WINDOWS\SYSTEM32\kernel.appcore.dll
0x00007fff9de70000 - 0x00007fff9de7a000 	C:\Program Files\Android\Android Studio4\jbr\bin\jimage.dll
0x00007fffa3e50000 - 0x00007fffa4082000 	C:\WINDOWS\SYSTEM32\DBGHELP.DLL
0x00007fffa8f30000 - 0x00007fffa92be000 	C:\WINDOWS\System32\combase.dll
0x00007fffa8720000 - 0x00007fffa87f7000 	C:\WINDOWS\System32\OLEAUT32.dll
0x00007fff86910000 - 0x00007fff86942000 	C:\WINDOWS\SYSTEM32\dbgcore.DLL
0x00007fffa6ae0000 - 0x00007fffa6b5b000 	C:\WINDOWS\System32\bcryptPrimitives.dll
0x00007fff82200000 - 0x00007fff8220e000 	C:\Program Files\Android\Android Studio4\jbr\bin\instrument.dll
0x00007fff87a80000 - 0x00007fff87aa5000 	C:\Program Files\Android\Android Studio4\jbr\bin\java.dll
0x00007fff9de50000 - 0x00007fff9de68000 	C:\Program Files\Android\Android Studio4\jbr\bin\zip.dll
0x00007fffa4520000 - 0x00007fffa4e1f000 	C:\WINDOWS\SYSTEM32\windows.storage.dll
0x00007fffa43e0000 - 0x00007fffa451f000 	C:\WINDOWS\SYSTEM32\wintypes.dll
0x00007fffa7a70000 - 0x00007fffa7b69000 	C:\WINDOWS\System32\SHCORE.dll
0x00007fffa6550000 - 0x00007fffa6577000 	C:\WINDOWS\SYSTEM32\profapi.dll
0x00007fff8ac00000 - 0x00007fff8ac19000 	C:\Program Files\Android\Android Studio4\jbr\bin\net.dll
0x00007fffa02e0000 - 0x00007fffa0416000 	C:\WINDOWS\SYSTEM32\WINHTTP.dll
0x00007fffa5b60000 - 0x00007fffa5bc9000 	C:\WINDOWS\system32\mswsock.dll
0x00007fff82210000 - 0x00007fff82226000 	C:\Program Files\Android\Android Studio4\jbr\bin\nio.dll
0x00007fff82470000 - 0x00007fff82480000 	C:\Program Files\Android\Android Studio4\jbr\bin\verify.dll
0x00007fff69120000 - 0x00007fff69147000 	C:\Users\user\.gradle\native\c067742578af261105cb4f569cf0c3c89f3d7b1fecec35dd04571415982c5e48\windows-amd64\native-platform.dll
0x00007fff4b580000 - 0x00007fff4b6c4000 	C:\Users\user\.gradle\native\38dada09dfb8b06ba9b0570ebf7e218e3eb74d4ef43ca46872605cf95ebc2f47\windows-amd64\native-platform-file-events.dll
0x00007fff83680000 - 0x00007fff83689000 	C:\Program Files\Android\Android Studio4\jbr\bin\management.dll
0x00007fff82e20000 - 0x00007fff82e2b000 	C:\Program Files\Android\Android Studio4\jbr\bin\management_ext.dll
0x00007fffa7940000 - 0x00007fffa7948000 	C:\WINDOWS\System32\PSAPI.DLL
0x00007fffa5db0000 - 0x00007fffa5dcb000 	C:\WINDOWS\SYSTEM32\CRYPTSP.dll
0x00007fffa5650000 - 0x00007fffa5685000 	C:\WINDOWS\system32\rsaenh.dll
0x00007fffa5c50000 - 0x00007fffa5c78000 	C:\WINDOWS\SYSTEM32\USERENV.dll
0x00007fffa5dd0000 - 0x00007fffa5ddc000 	C:\WINDOWS\SYSTEM32\CRYPTBASE.dll
0x00007fffa5100000 - 0x00007fffa512d000 	C:\WINDOWS\SYSTEM32\IPHLPAPI.DLL
0x00007fffa8120000 - 0x00007fffa8129000 	C:\WINDOWS\System32\NSI.dll
0x00007fffa0100000 - 0x00007fffa0119000 	C:\WINDOWS\SYSTEM32\dhcpcsvc6.DLL
0x00007fffa00e0000 - 0x00007fffa00ff000 	C:\WINDOWS\SYSTEM32\dhcpcsvc.DLL
0x00007fffa5130000 - 0x00007fffa5232000 	C:\WINDOWS\SYSTEM32\DNSAPI.dll
0x00007fff86950000 - 0x00007fff86958000 	C:\WINDOWS\system32\wshunix.dll

dbghelp: loaded successfully - version: 4.0.5 - missing functions: none
symbol engine: initialized successfully - sym options: 0x614 - pdb path: .;C:\Program Files\Android\Android Studio4\jbr\bin;C:\WINDOWS\SYSTEM32;C:\WINDOWS\WinSxS\amd64_microsoft.windows.common-controls_6595b64144ccf1df_6.0.22621.3672_none_2713b9d173822955;C:\Program Files (x86)\360\Total Security\safemon;C:\Program Files\Android\Android Studio4\jbr\bin\server;C:\Users\user\.gradle\native\c067742578af261105cb4f569cf0c3c89f3d7b1fecec35dd04571415982c5e48\windows-amd64;C:\Users\user\.gradle\native\38dada09dfb8b06ba9b0570ebf7e218e3eb74d4ef43ca46872605cf95ebc2f47\windows-amd64

VM Arguments:
jvm_args: --add-opens=java.base/java.util=ALL-UNNAMED --add-opens=java.base/java.lang=ALL-UNNAMED --add-opens=java.base/java.lang.invoke=ALL-UNNAMED --add-opens=java.prefs/java.util.prefs=ALL-UNNAMED --add-opens=java.base/java.nio.charset=ALL-UNNAMED --add-opens=java.base/java.net=ALL-UNNAMED --add-opens=java.base/java.util.concurrent.atomic=ALL-UNNAMED -Xmx2048m -Dfile.encoding=UTF-8 -Duser.country=US -Duser.language=en -Duser.variant -javaagent:C:\Users\user\.gradle\wrapper\dists\gradle-8.4-bin\1w5dpkrfk8irigvoxmyhowfim\gradle-8.4\lib\agents\gradle-instrumentation-agent-8.4.jar 
java_command: org.gradle.launcher.daemon.bootstrap.GradleDaemon 8.4
java_class_path (initial): C:\Users\user\.gradle\wrapper\dists\gradle-8.4-bin\1w5dpkrfk8irigvoxmyhowfim\gradle-8.4\lib\gradle-launcher-8.4.jar
Launcher Type: SUN_STANDARD

[Global flags]
     intx CICompilerCount                          = 4                                         {product} {ergonomic}
     uint ConcGCThreads                            = 3                                         {product} {ergonomic}
     uint G1ConcRefinementThreads                  = 10                                        {product} {ergonomic}
   size_t G1HeapRegionSize                         = 1048576                                   {product} {ergonomic}
    uintx GCDrainStackTargetSize                   = 64                                        {product} {ergonomic}
   size_t InitialHeapSize                          = 130023424                                 {product} {ergonomic}
   size_t MarkStackSize                            = 4194304                                   {product} {ergonomic}
   size_t MaxHeapSize                              = 2147483648                                {product} {command line}
   size_t MaxNewSize                               = 1287651328                                {product} {ergonomic}
   size_t MinHeapDeltaBytes                        = 1048576                                   {product} {ergonomic}
   size_t MinHeapSize                              = 8388608                                   {product} {ergonomic}
    uintx NonNMethodCodeHeapSize                   = 5839372                                {pd product} {ergonomic}
    uintx NonProfiledCodeHeapSize                  = 122909434                              {pd product} {ergonomic}
    uintx ProfiledCodeHeapSize                     = 122909434                              {pd product} {ergonomic}
    uintx ReservedCodeCacheSize                    = 251658240                              {pd product} {ergonomic}
     bool SegmentedCodeCache                       = true                                      {product} {ergonomic}
   size_t SoftMaxHeapSize                          = 2147483648                             {manageable} {ergonomic}
     bool UseCompressedClassPointers               = true                           {product lp64_product} {ergonomic}
     bool UseCompressedOops                        = true                           {product lp64_product} {ergonomic}
     bool UseG1GC                                  = true                                      {product} {ergonomic}
     bool UseLargePagesIndividualAllocation        = false                                  {pd product} {ergonomic}

Logging:
Log output configuration:
 #0: stdout all=warning uptime,level,tags
 #1: stderr all=off uptime,level,tags

Environment Variables:
PATH=C:\Program Files\Common Files\Oracle\Java\javapath;C:\Program Files (x86)\Common Files\Oracle\Java\javapath;C:\WINDOWS\system32;C:\WINDOWS;C:\WINDOWS\System32\Wbem;C:\WINDOWS\System32\WindowsPowerShell\v1.0\;C:\WINDOWS\System32\OpenSSH\;C:\Program Files\Git\cmd;C:\Users\user\AppData\Local\Microsoft\WindowsApps;
USERNAME=user
OS=Windows_NT
PROCESSOR_IDENTIFIER=Intel64 Family 6 Model 186 Stepping 2, GenuineIntel
TMP=C:\Users\user\AppData\Local\Temp
TEMP=C:\Users\user\AppData\Local\Temp



Periodic native trim disabled

JNI global refs:
JNI global refs: 26, weak refs: 0

JNI global refs memory usage: 843, weak refs: 841

OOME stack traces (most recent first):
Classloader memory used:
Loader bootstrap                                                                       : 1915K
Loader org.gradle.internal.classloader.VisitableURLClassLoader                         : 1877K
Loader org.gradle.initialization.MixInLegacyTypesClassLoader                           : 389K
Loader jdk.internal.loader.ClassLoaders$AppClassLoader                                 : 28117B
Loader jdk.internal.loader.ClassLoaders$PlatformClassLoader                            : 14825B
Loader jdk.internal.reflect.DelegatingClassLoader                                      : 3001B

Classes loaded by more than one classloader:
Class org.gradle.internal.installation.GradleInstallation                             : loaded 2 times (x 73B)
Class org.gradle.internal.classpath.ClassPath                                         : loaded 2 times (x 68B)
Class org.gradle.api.internal.classpath.DefaultModuleRegistry                         : loaded 2 times (x 84B)
Class org.gradle.api.Action                                                           : loaded 2 times (x 68B)
Class org.gradle.api.internal.DefaultClassPathProvider                                : loaded 2 times (x 74B)
Class org.gradle.internal.installation.GradleInstallation$1                           : loaded 2 times (x 73B)
Class org.gradle.internal.classloader.FilteringClassLoader                            : loaded 2 times (x 103B)
Class org.gradle.internal.classpath.DefaultClassPath$ImmutableUniqueList$Builder      : loaded 2 times (x 73B)
Class org.gradle.internal.classloader.ClassLoaderVisitor                              : loaded 2 times (x 74B)
Class org.gradle.internal.service.DefaultServiceLocator                               : loaded 2 times (x 81B)
Class org.gradle.internal.service.UnknownServiceException                             : loaded 2 times (x 81B)
Class org.gradle.internal.classloader.DefaultClassLoaderFactory                       : loaded 2 times (x 80B)
Class org.gradle.internal.classloader.VisitableURLClassLoader$Spec                    : loaded 2 times (x 72B)
Class org.gradle.api.GradleException                                                  : loaded 2 times (x 80B)
Class org.gradle.api.internal.classpath.ModuleRegistry                                : loaded 2 times (x 68B)
Class org.gradle.api.internal.ClassPathProvider                                       : loaded 2 times (x 68B)
Class org.gradle.internal.classloader.ClasspathUtil$1                                 : loaded 2 times (x 74B)
Class org.gradle.internal.classloader.ClassLoaderFactory                              : loaded 2 times (x 68B)
Class org.gradle.api.internal.classpath.ManifestUtil                                  : loaded 2 times (x 69B)
Class org.gradle.api.specs.Spec                                                       : loaded 2 times (x 68B)
Class org.gradle.internal.IoActions                                                   : loaded 2 times (x 69B)
Class org.gradle.api.internal.classpath.EffectiveClassPath                            : loaded 2 times (x 88B)
Class org.gradle.internal.installation.CurrentGradleInstallation                      : loaded 2 times (x 71B)
Class org.gradle.internal.agents.InstrumentingClassLoader                             : loaded 2 times (x 68B)
Class org.gradle.internal.installation.CurrentGradleInstallationLocator               : loaded 2 times (x 69B)
Class org.gradle.api.internal.classpath.Module                                        : loaded 2 times (x 68B)
Class org.gradle.internal.service.CachingServiceLocator                               : loaded 2 times (x 80B)
Class org.gradle.internal.classpath.DefaultClassPath                                  : loaded 2 times (x 88B)
Class org.gradle.internal.classloader.SystemClassLoaderSpec                           : loaded 2 times (x 69B)
Class org.gradle.api.UncheckedIOException                                             : loaded 2 times (x 80B)
Class org.gradle.internal.classloader.ClasspathUtil                                   : loaded 2 times (x 69B)
Class org.gradle.api.internal.DefaultClassPathRegistry                                : loaded 2 times (x 74B)
Class org.gradle.api.internal.classpath.DefaultModuleRegistry$DefaultModule           : loaded 2 times (x 84B)
Class org.gradle.api.internal.classpath.UnknownModuleException                        : loaded 2 times (x 80B)
Class org.gradle.internal.service.ServiceLookupException                              : loaded 2 times (x 80B)
Class org.gradle.cache.GlobalCache                                                    : loaded 2 times (x 68B)
Class [Lorg.gradle.api.internal.ClassPathProvider;                                    : loaded 2 times (x 67B)
Class org.gradle.util.internal.GUtil                                                  : loaded 2 times (x 69B)
Class org.gradle.internal.classloader.ClassLoaderSpec                                 : loaded 2 times (x 69B)
Class org.gradle.internal.classloader.VisitableURLClassLoader                         : loaded 2 times (x 115B)
Class org.gradle.internal.Cast                                                        : loaded 2 times (x 69B)
Class org.gradle.api.internal.ClassPathRegistry                                       : loaded 2 times (x 68B)
Class org.gradle.internal.classloader.VisitableURLClassLoader$InstrumentingVisitableURLClassLoader: loaded 2 times (x 121B)
Class org.gradle.internal.classloader.ClassLoaderHierarchy                            : loaded 2 times (x 68B)
Class org.gradle.internal.InternalTransformer                                         : loaded 2 times (x 68B)
Class org.gradle.internal.service.ServiceLocator                                      : loaded 2 times (x 68B)
Class org.gradle.internal.classpath.DefaultClassPath$ImmutableUniqueList              : loaded 2 times (x 159B)
Class org.gradle.internal.classpath.TransformedClassPath                              : loaded 2 times (x 94B)


---------------  S Y S T E M  ---------------

OS:
 Windows 11 , 64 bit Build 22621 (10.0.22621.3958)
OS uptime: 0 days 22:08 hours

CPU: total 12 (initial active 12) (6 cores per cpu, 2 threads per core) family 6 model 186 stepping 2 microcode 0x4121, cx8, cmov, fxsr, ht, mmx, 3dnowpref, sse, sse2, sse3, ssse3, sse4.1, sse4.2, popcnt, lzcnt, tsc, tscinvbit, avx, avx2, aes, erms, clmul, bmi1, bmi2, adx, sha, fma, vzeroupper, clflush, clflushopt, clwb
Processor Information for processor 0
  Max Mhz: 2100, Current Mhz: 2100, Mhz Limit: 2100
Processor Information for processor 1
  Max Mhz: 2100, Current Mhz: 2100, Mhz Limit: 2100
Processor Information for processor 2
  Max Mhz: 2100, Current Mhz: 2100, Mhz Limit: 2100
Processor Information for processor 3
  Max Mhz: 2100, Current Mhz: 2100, Mhz Limit: 2100
Processor Information for processor 4
  Max Mhz: 2100, Current Mhz: 2100, Mhz Limit: 2100
Processor Information for processor 5
  Max Mhz: 2100, Current Mhz: 2100, Mhz Limit: 2100
Processor Information for processor 6
  Max Mhz: 2100, Current Mhz: 2100, Mhz Limit: 2100
Processor Information for processor 7
  Max Mhz: 2100, Current Mhz: 2100, Mhz Limit: 2100
Processor Information for processor 8
  Max Mhz: 2100, Current Mhz: 1540, Mhz Limit: 2100
Processor Information for processor 9
  Max Mhz: 2100, Current Mhz: 2100, Mhz Limit: 2100
Processor Information for processor 10
  Max Mhz: 2100, Current Mhz: 1540, Mhz Limit: 2100
Processor Information for processor 11
  Max Mhz: 2100, Current Mhz: 2100, Mhz Limit: 2100

Memory: 4k page, system-wide physical 7832M (1140M free)
TotalPageFile size 7832M (AvailPageFile size 9M)
current process WorkingSet (physical memory assigned to process): 198M, peak: 198M
current process commit charge ("private bytes"): 243M, peak: 271M

vm_info: OpenJDK 64-Bit Server VM (17.0.9+0--11185874) for windows-amd64 JRE (17.0.9+0--11185874), built on Dec  6 2023 18:57:44 by "androidbuild" with MS VC++ 16.10 / 16.11 (VS2019)

END.
