#
# There is insufficient memory for the Java Runtime Environment to continue.
# Native memory allocation (malloc) failed to allocate 1839696 bytes for Chunk::new
# Possible reasons:
#   The system is out of physical RAM or swap space
#   The process is running with CompressedOops enabled, and the Java Heap may be blocking the growth of the native heap
# Possible solutions:
#   Reduce memory load on the system
#   Increase physical memory or swap space
#   Check if swap backing store is full
#   Decrease Java heap size (-Xmx/-Xms)
#   Decrease number of Java threads
#   Decrease Java thread stack sizes (-Xss)
#   Set larger code cache with -XX:ReservedCodeCacheSize=
#   JVM is running with Unscaled Compressed Oops mode in which the Java heap is
#     placed in the first 4GB address space. The Java Heap base address is the
#     maximum limit for the native heap growth. Please use -XX:HeapBaseMinAddress
#     to set the Java Heap base and to place the Java Heap above 4GB virtual address.
# This output file may be truncated or incomplete.
#
#  Out of Memory Error (arena.cpp:191), pid=14412, tid=16104
#
# JRE version: OpenJDK Runtime Environment (17.0.9) (build 17.0.9+0--11185874)
# Java VM: OpenJDK 64-Bit Server VM (17.0.9+0--11185874, mixed mode, tiered, compressed oops, compressed class ptrs, g1 gc, windows-amd64)
# No core dump will be written. Minidumps are not enabled by default on client versions of Windows
#

---------------  S U M M A R Y ------------

Command Line: --add-opens=java.base/java.util=ALL-UNNAMED --add-opens=java.base/java.lang=ALL-UNNAMED --add-opens=java.base/java.lang.invoke=ALL-UNNAMED --add-opens=java.prefs/java.util.prefs=ALL-UNNAMED --add-opens=java.base/java.nio.charset=ALL-UNNAMED --add-opens=java.base/java.net=ALL-UNNAMED --add-opens=java.base/java.util.concurrent.atomic=ALL-UNNAMED -Xmx2048m -Dfile.encoding=UTF-8 -Duser.country=US -Duser.language=en -Duser.variant -javaagent:C:\Users\user\.gradle\wrapper\dists\gradle-8.4-bin\1w5dpkrfk8irigvoxmyhowfim\gradle-8.4\lib\agents\gradle-instrumentation-agent-8.4.jar org.gradle.launcher.daemon.bootstrap.GradleDaemon 8.4

Host: 13th Gen Intel(R) Core(TM) i5-13420H, 12 cores, 7G,  Windows 11 , 64 bit Build 22621 (10.0.22621.3958)
Time: Tue Oct 22 20:13:04 2024 West Asia Standard Time elapsed time: 2.067071 seconds (0d 0h 0m 2s)

---------------  T H R E A D  ---------------

Current thread (0x00000293b3d80ac0):  JavaThread "C2 CompilerThread1" daemon [_thread_in_native, id=16104, stack(0x000000cb7c900000,0x000000cb7ca00000)]


Current CompileTask:
C2:   2067 2193   !   4       java.net.URLClassLoader::findClass (47 bytes)

Stack: [0x000000cb7c900000,0x000000cb7ca00000]
Native frames: (J=compiled Java code, j=interpreted, Vv=VM code, C=native code)
V  [jvm.dll+0x6886e9]
V  [jvm.dll+0x841e4a]
V  [jvm.dll+0x843a8e]
V  [jvm.dll+0x8440f3]
V  [jvm.dll+0x24c14f]
V  [jvm.dll+0xac44c]
V  [jvm.dll+0xaca9c]
V  [jvm.dll+0x36c1a2]
V  [jvm.dll+0x33651a]
V  [jvm.dll+0x3359ba]
V  [jvm.dll+0x21ddb1]
V  [jvm.dll+0x21d1d1]
V  [jvm.dll+0x1a674d]
V  [jvm.dll+0x22d088]
V  [jvm.dll+0x22b1c0]
V  [jvm.dll+0x7f62f7]
V  [jvm.dll+0x7f06aa]
V  [jvm.dll+0x687565]
C  [ucrtbase.dll+0x29333]
C  [KERNEL32.DLL+0x1257d]
C  [ntdll.dll+0x5af08]


---------------  P R O C E S S  ---------------

Threads class SMR info:
_java_thread_list=0x00000293baccdec0, length=26, elements={
0x000002939967e350, 0x00000293b3aba020, 0x00000293b3abf910, 0x00000293b3ae82e0,
0x00000293b3b04f80, 0x00000293b3b05950, 0x00000293b3b08820, 0x00000293b3b09cb0,
0x00000293b3b0c6c0, 0x00000293b3b0e780, 0x00000293b3c4bed0, 0x00000293b3d31740,
0x00000293b3d80ac0, 0x00000293b9dee8c0, 0x00000293b9b77250, 0x00000293b9dec160,
0x00000293b9794820, 0x00000293b9f5d8a0, 0x00000293ba039fe0, 0x00000293ba03a4c0,
0x00000293b98ba610, 0x00000293b98bbf60, 0x00000293b98bb030, 0x00000293b98bce90,
0x00000293b98bd3a0, 0x00000293b98bab20
}

Java Threads: ( => current thread )
  0x000002939967e350 JavaThread "main" [_thread_blocked, id=10744, stack(0x000000cb7b600000,0x000000cb7b700000)]
  0x00000293b3aba020 JavaThread "Reference Handler" daemon [_thread_blocked, id=2768, stack(0x000000cb7bd00000,0x000000cb7be00000)]
  0x00000293b3abf910 JavaThread "Finalizer" daemon [_thread_blocked, id=2224, stack(0x000000cb7be00000,0x000000cb7bf00000)]
  0x00000293b3ae82e0 JavaThread "Signal Dispatcher" daemon [_thread_blocked, id=17188, stack(0x000000cb7bf00000,0x000000cb7c000000)]
  0x00000293b3b04f80 JavaThread "Attach Listener" daemon [_thread_blocked, id=14748, stack(0x000000cb7c000000,0x000000cb7c100000)]
  0x00000293b3b05950 JavaThread "Service Thread" daemon [_thread_blocked, id=2000, stack(0x000000cb7c100000,0x000000cb7c200000)]
  0x00000293b3b08820 JavaThread "Monitor Deflation Thread" daemon [_thread_blocked, id=15476, stack(0x000000cb7c200000,0x000000cb7c300000)]
  0x00000293b3b09cb0 JavaThread "C2 CompilerThread0" daemon [_thread_blocked, id=16656, stack(0x000000cb7c300000,0x000000cb7c400000)]
  0x00000293b3b0c6c0 JavaThread "C1 CompilerThread0" daemon [_thread_blocked, id=15344, stack(0x000000cb7c400000,0x000000cb7c500000)]
  0x00000293b3b0e780 JavaThread "Sweeper thread" daemon [_thread_blocked, id=16524, stack(0x000000cb7c500000,0x000000cb7c600000)]
  0x00000293b3c4bed0 JavaThread "Common-Cleaner" daemon [_thread_blocked, id=14792, stack(0x000000cb7c600000,0x000000cb7c700000)]
  0x00000293b3d31740 JavaThread "Notification Thread" daemon [_thread_blocked, id=14204, stack(0x000000cb7c700000,0x000000cb7c800000)]
=>0x00000293b3d80ac0 JavaThread "C2 CompilerThread1" daemon [_thread_in_native, id=16104, stack(0x000000cb7c900000,0x000000cb7ca00000)]
  0x00000293b9dee8c0 JavaThread "Daemon health stats" [_thread_blocked, id=17384, stack(0x000000cb7cf00000,0x000000cb7d000000)]
  0x00000293b9b77250 JavaThread "Incoming local TCP Connector on port 54430" [_thread_in_native, id=11816, stack(0x000000cb7d000000,0x000000cb7d100000)]
  0x00000293b9dec160 JavaThread "Daemon periodic checks" [_thread_blocked, id=13052, stack(0x000000cb7d100000,0x000000cb7d200000)]
  0x00000293b9794820 JavaThread "Daemon" [_thread_blocked, id=16300, stack(0x000000cb7d200000,0x000000cb7d300000)]
  0x00000293b9f5d8a0 JavaThread "Handler for socket connection from /127.0.0.1:54430 to /127.0.0.1:54431" [_thread_in_native, id=12504, stack(0x000000cb7d300000,0x000000cb7d400000)]
  0x00000293ba039fe0 JavaThread "Cancel handler" [_thread_blocked, id=15356, stack(0x000000cb7d400000,0x000000cb7d500000)]
  0x00000293ba03a4c0 JavaThread "Daemon worker" [_thread_in_native, id=16608, stack(0x000000cb7d500000,0x000000cb7d600000)]
  0x00000293b98ba610 JavaThread "Asynchronous log dispatcher for DefaultDaemonConnection: socket connection from /127.0.0.1:54430 to /127.0.0.1:54431" [_thread_blocked, id=12600, stack(0x000000cb7d600000,0x000000cb7d700000)]
  0x00000293b98bbf60 JavaThread "Stdin handler" [_thread_blocked, id=14744, stack(0x000000cb7d700000,0x000000cb7d800000)]
  0x00000293b98bb030 JavaThread "Daemon client event forwarder" [_thread_blocked, id=9768, stack(0x000000cb7d800000,0x000000cb7d900000)]
  0x00000293b98bce90 JavaThread "Cache worker for journal cache (C:\Users\user\.gradle\caches\journal-1)" [_thread_blocked, id=14256, stack(0x000000cb7ca00000,0x000000cb7cb00000)]
  0x00000293b98bd3a0 JavaThread "File lock request listener" [_thread_in_native, id=1120, stack(0x000000cb7e000000,0x000000cb7e100000)]
  0x00000293b98bab20 JavaThread "Cache worker for file hash cache (C:\Users\user\.gradle\caches\8.4\fileHashes)" [_thread_blocked, id=16316, stack(0x000000cb7e100000,0x000000cb7e200000)]

Other Threads:
  0x00000293b32cec10 VMThread "VM Thread" [stack: 0x000000cb7bc00000,0x000000cb7bd00000] [id=5724]
  0x000002939967ec20 WatcherThread [stack: 0x000000cb7c800000,0x000000cb7c900000] [id=3848]
  0x00000293996d7ae0 GCTaskThread "GC Thread#0" [stack: 0x000000cb7b700000,0x000000cb7b800000] [id=8124]
  0x00000293b8c76020 GCTaskThread "GC Thread#1" [stack: 0x000000cb7cb00000,0x000000cb7cc00000] [id=17368]
  0x00000293b97ae5c0 GCTaskThread "GC Thread#2" [stack: 0x000000cb7cc00000,0x000000cb7cd00000] [id=12248]
  0x00000293b913aec0 GCTaskThread "GC Thread#3" [stack: 0x000000cb7cd00000,0x000000cb7ce00000] [id=11736]
  0x00000293b92fefd0 GCTaskThread "GC Thread#4" [stack: 0x000000cb7ce00000,0x000000cb7cf00000] [id=11752]
  0x00000293b99e43b0 GCTaskThread "GC Thread#5" [stack: 0x000000cb7d900000,0x000000cb7da00000] [id=16008]
  0x00000293b99e35f0 GCTaskThread "GC Thread#6" [stack: 0x000000cb7da00000,0x000000cb7db00000] [id=8608]
  0x00000293b99e38b0 GCTaskThread "GC Thread#7" [stack: 0x000000cb7db00000,0x000000cb7dc00000] [id=6940]
  0x00000293b99e3e30 GCTaskThread "GC Thread#8" [stack: 0x000000cb7dc00000,0x000000cb7dd00000] [id=9948]
  0x00000293b99e3070 GCTaskThread "GC Thread#9" [stack: 0x000000cb7dd00000,0x000000cb7de00000] [id=2276]
  0x00000293996e88d0 ConcurrentGCThread "G1 Main Marker" [stack: 0x000000cb7b800000,0x000000cb7b900000] [id=5664]
  0x00000293996e9190 ConcurrentGCThread "G1 Conc#0" [stack: 0x000000cb7b900000,0x000000cb7ba00000] [id=14984]
  0x00000293b99e3b70 ConcurrentGCThread "G1 Conc#1" [stack: 0x000000cb7de00000,0x000000cb7df00000] [id=9252]
  0x00000293b99e40f0 ConcurrentGCThread "G1 Conc#2" [stack: 0x000000cb7df00000,0x000000cb7e000000] [id=15828]
  0x000002939970d830 ConcurrentGCThread "G1 Refine#0" [stack: 0x000000cb7ba00000,0x000000cb7bb00000] [id=2240]
  0x000002939970e100 ConcurrentGCThread "G1 Service" [stack: 0x000000cb7bb00000,0x000000cb7bc00000] [id=17056]

Threads with active compile tasks:
C2 CompilerThread1     2108 2193   !   4       java.net.URLClassLoader::findClass (47 bytes)

VM state: not at safepoint (normal execution)

VM Mutex/Monitor currently owned by a thread: None

Heap address: 0x0000000080000000, size: 2048 MB, Compressed Oops mode: 32-bit

CDS archive(s) not mapped
Compressed class space mapped at: 0x0000000100000000-0x0000000140000000, reserved size: 1073741824
Narrow klass base: 0x0000000000000000, Narrow klass shift: 3, Narrow klass range: 0x140000000

GC Precious Log:
 CPUs: 12 total, 12 available
 Memory: 7832M
 Large Page Support: Disabled
 NUMA Support: Disabled
 Compressed Oops: Enabled (32-bit)
 Heap Region Size: 1M
 Heap Min Capacity: 8M
 Heap Initial Capacity: 124M
 Heap Max Capacity: 2G
 Pre-touch: Disabled
 Parallel Workers: 10
 Concurrent Workers: 3
 Concurrent Refinement Workers: 10
 Periodic GC: Disabled

Heap:
 garbage-first heap   total 71680K, used 21331K [0x0000000080000000, 0x0000000100000000)
  region size 1024K, 4 young (4096K), 3 survivors (3072K)
 Metaspace       used 26563K, committed 26816K, reserved 1114112K
  class space    used 3433K, committed 3584K, reserved 1048576K

Heap Regions: E=young(eden), S=young(survivor), O=old, HS=humongous(starts), HC=humongous(continues), CS=collection set, F=free, OA=open archive, CA=closed archive, TAMS=top-at-mark-start (previous, next)
|   0|0x0000000080000000, 0x0000000080100000, 0x0000000080100000|100%|HS|  |TAMS 0x0000000080100000, 0x0000000080000000| Complete 
|   1|0x0000000080100000, 0x0000000080200000, 0x0000000080200000|100%|HC|  |TAMS 0x0000000080200000, 0x0000000080100000| Complete 
|   2|0x0000000080200000, 0x0000000080300000, 0x0000000080300000|100%|HC|  |TAMS 0x0000000080300000, 0x0000000080200000| Complete 
|   3|0x0000000080300000, 0x0000000080400000, 0x0000000080400000|100%|HC|  |TAMS 0x0000000080400000, 0x0000000080300000| Complete 
|   4|0x0000000080400000, 0x0000000080500000, 0x0000000080500000|100%| O|  |TAMS 0x0000000080500000, 0x0000000080400000| Untracked 
|   5|0x0000000080500000, 0x0000000080600000, 0x0000000080600000|100%| O|  |TAMS 0x0000000080600000, 0x0000000080500000| Untracked 
|   6|0x0000000080600000, 0x0000000080700000, 0x0000000080700000|100%| O|  |TAMS 0x0000000080700000, 0x0000000080600000| Untracked 
|   7|0x0000000080700000, 0x0000000080800000, 0x0000000080800000|100%| O|  |TAMS 0x0000000080800000, 0x0000000080700000| Untracked 
|   8|0x0000000080800000, 0x0000000080900000, 0x0000000080900000|100%| O|  |TAMS 0x0000000080900000, 0x0000000080800000| Untracked 
|   9|0x0000000080900000, 0x0000000080a00000, 0x0000000080a00000|100%| O|  |TAMS 0x0000000080a00000, 0x0000000080900000| Untracked 
|  10|0x0000000080a00000, 0x0000000080aece00, 0x0000000080b00000| 92%| O|  |TAMS 0x0000000080aece00, 0x0000000080a00000| Untracked 
|  11|0x0000000080b00000, 0x0000000080c00000, 0x0000000080c00000|100%| O|  |TAMS 0x0000000080b00000, 0x0000000080b00000| Untracked 
|  12|0x0000000080c00000, 0x0000000080d00000, 0x0000000080d00000|100%| O|  |TAMS 0x0000000080c00000, 0x0000000080c00000| Untracked 
|  13|0x0000000080d00000, 0x0000000080e00000, 0x0000000080e00000|100%| O|  |TAMS 0x0000000080d00000, 0x0000000080d00000| Untracked 
|  14|0x0000000080e00000, 0x0000000080f00000, 0x0000000080f00000|100%| O|  |TAMS 0x0000000080e00000, 0x0000000080e00000| Untracked 
|  15|0x0000000080f00000, 0x0000000081000000, 0x0000000081000000|100%| O|  |TAMS 0x0000000080f00000, 0x0000000080f00000| Untracked 
|  16|0x0000000081000000, 0x0000000081100000, 0x0000000081100000|100%| O|  |TAMS 0x0000000081000000, 0x0000000081000000| Untracked 
|  17|0x0000000081100000, 0x0000000081200000, 0x0000000081200000|100%| O|  |TAMS 0x0000000081100000, 0x0000000081100000| Untracked 
|  18|0x0000000081200000, 0x00000000812c1a00, 0x0000000081300000| 75%| O|  |TAMS 0x0000000081200000, 0x0000000081200000| Untracked 
|  19|0x0000000081300000, 0x0000000081300000, 0x0000000081400000|  0%| F|  |TAMS 0x0000000081300000, 0x0000000081300000| Untracked 
|  20|0x0000000081400000, 0x0000000081400000, 0x0000000081500000|  0%| F|  |TAMS 0x0000000081400000, 0x0000000081400000| Untracked 
|  21|0x0000000081500000, 0x0000000081500000, 0x0000000081600000|  0%| F|  |TAMS 0x0000000081500000, 0x0000000081500000| Untracked 
|  22|0x0000000081600000, 0x0000000081600000, 0x0000000081700000|  0%| F|  |TAMS 0x0000000081600000, 0x0000000081600000| Untracked 
|  23|0x0000000081700000, 0x0000000081700000, 0x0000000081800000|  0%| F|  |TAMS 0x0000000081700000, 0x0000000081700000| Untracked 
|  24|0x0000000081800000, 0x0000000081800000, 0x0000000081900000|  0%| F|  |TAMS 0x0000000081800000, 0x0000000081800000| Untracked 
|  25|0x0000000081900000, 0x0000000081926760, 0x0000000081a00000| 15%| S|CS|TAMS 0x0000000081900000, 0x0000000081900000| Complete 
|  26|0x0000000081a00000, 0x0000000081b00000, 0x0000000081b00000|100%| S|CS|TAMS 0x0000000081a00000, 0x0000000081a00000| Complete 
|  27|0x0000000081b00000, 0x0000000081c00000, 0x0000000081c00000|100%| S|CS|TAMS 0x0000000081b00000, 0x0000000081b00000| Complete 
|  28|0x0000000081c00000, 0x0000000081c00000, 0x0000000081d00000|  0%| F|  |TAMS 0x0000000081c00000, 0x0000000081c00000| Untracked 
|  29|0x0000000081d00000, 0x0000000081d00000, 0x0000000081e00000|  0%| F|  |TAMS 0x0000000081d00000, 0x0000000081d00000| Untracked 
|  30|0x0000000081e00000, 0x0000000081e00000, 0x0000000081f00000|  0%| F|  |TAMS 0x0000000081e00000, 0x0000000081e00000| Untracked 
|  31|0x0000000081f00000, 0x0000000081f00000, 0x0000000082000000|  0%| F|  |TAMS 0x0000000081f00000, 0x0000000081f00000| Untracked 
|  32|0x0000000082000000, 0x0000000082000000, 0x0000000082100000|  0%| F|  |TAMS 0x0000000082000000, 0x0000000082000000| Untracked 
|  33|0x0000000082100000, 0x0000000082100000, 0x0000000082200000|  0%| F|  |TAMS 0x0000000082100000, 0x0000000082100000| Untracked 
|  34|0x0000000082200000, 0x0000000082200000, 0x0000000082300000|  0%| F|  |TAMS 0x0000000082200000, 0x0000000082200000| Untracked 
|  35|0x0000000082300000, 0x0000000082300000, 0x0000000082400000|  0%| F|  |TAMS 0x0000000082300000, 0x0000000082300000| Untracked 
|  36|0x0000000082400000, 0x0000000082400000, 0x0000000082500000|  0%| F|  |TAMS 0x0000000082400000, 0x0000000082400000| Untracked 
|  37|0x0000000082500000, 0x0000000082500000, 0x0000000082600000|  0%| F|  |TAMS 0x0000000082500000, 0x0000000082500000| Untracked 
|  38|0x0000000082600000, 0x0000000082600000, 0x0000000082700000|  0%| F|  |TAMS 0x0000000082600000, 0x0000000082600000| Untracked 
|  39|0x0000000082700000, 0x0000000082700000, 0x0000000082800000|  0%| F|  |TAMS 0x0000000082700000, 0x0000000082700000| Untracked 
|  40|0x0000000082800000, 0x0000000082800000, 0x0000000082900000|  0%| F|  |TAMS 0x0000000082800000, 0x0000000082800000| Untracked 
|  41|0x0000000082900000, 0x0000000082900000, 0x0000000082a00000|  0%| F|  |TAMS 0x0000000082900000, 0x0000000082900000| Untracked 
|  42|0x0000000082a00000, 0x0000000082a00000, 0x0000000082b00000|  0%| F|  |TAMS 0x0000000082a00000, 0x0000000082a00000| Untracked 
|  43|0x0000000082b00000, 0x0000000082b00000, 0x0000000082c00000|  0%| F|  |TAMS 0x0000000082b00000, 0x0000000082b00000| Untracked 
|  44|0x0000000082c00000, 0x0000000082c00000, 0x0000000082d00000|  0%| F|  |TAMS 0x0000000082c00000, 0x0000000082c00000| Untracked 
|  45|0x0000000082d00000, 0x0000000082d00000, 0x0000000082e00000|  0%| F|  |TAMS 0x0000000082d00000, 0x0000000082d00000| Untracked 
|  46|0x0000000082e00000, 0x0000000082e00000, 0x0000000082f00000|  0%| F|  |TAMS 0x0000000082e00000, 0x0000000082e00000| Untracked 
|  47|0x0000000082f00000, 0x0000000082f00000, 0x0000000083000000|  0%| F|  |TAMS 0x0000000082f00000, 0x0000000082f00000| Untracked 
|  48|0x0000000083000000, 0x0000000083000000, 0x0000000083100000|  0%| F|  |TAMS 0x0000000083000000, 0x0000000083000000| Untracked 
|  49|0x0000000083100000, 0x0000000083100000, 0x0000000083200000|  0%| F|  |TAMS 0x0000000083100000, 0x0000000083100000| Untracked 
|  50|0x0000000083200000, 0x0000000083200000, 0x0000000083300000|  0%| F|  |TAMS 0x0000000083200000, 0x0000000083200000| Untracked 
|  51|0x0000000083300000, 0x0000000083300000, 0x0000000083400000|  0%| F|  |TAMS 0x0000000083300000, 0x0000000083300000| Untracked 
|  52|0x0000000083400000, 0x0000000083400000, 0x0000000083500000|  0%| F|  |TAMS 0x0000000083400000, 0x0000000083400000| Untracked 
|  53|0x0000000083500000, 0x0000000083500000, 0x0000000083600000|  0%| F|  |TAMS 0x0000000083500000, 0x0000000083500000| Untracked 
|  54|0x0000000083600000, 0x0000000083600000, 0x0000000083700000|  0%| F|  |TAMS 0x0000000083600000, 0x0000000083600000| Untracked 
|  55|0x0000000083700000, 0x0000000083700000, 0x0000000083800000|  0%| F|  |TAMS 0x0000000083700000, 0x0000000083700000| Untracked 
|  56|0x0000000083800000, 0x0000000083800000, 0x0000000083900000|  0%| F|  |TAMS 0x0000000083800000, 0x0000000083800000| Untracked 
|  57|0x0000000083900000, 0x0000000083900000, 0x0000000083a00000|  0%| F|  |TAMS 0x0000000083900000, 0x0000000083900000| Untracked 
|  58|0x0000000083a00000, 0x0000000083a00000, 0x0000000083b00000|  0%| F|  |TAMS 0x0000000083a00000, 0x0000000083a00000| Untracked 
|  59|0x0000000083b00000, 0x0000000083b00000, 0x0000000083c00000|  0%| F|  |TAMS 0x0000000083b00000, 0x0000000083b00000| Untracked 
|  68|0x0000000084400000, 0x0000000084400000, 0x0000000084500000|  0%| F|  |TAMS 0x0000000084400000, 0x0000000084400000| Untracked 
|  69|0x0000000084500000, 0x0000000084500000, 0x0000000084600000|  0%| F|  |TAMS 0x0000000084500000, 0x0000000084500000| Untracked 
|  70|0x0000000084600000, 0x0000000084600000, 0x0000000084700000|  0%| F|  |TAMS 0x0000000084600000, 0x0000000084600000| Untracked 
|  71|0x0000000084700000, 0x0000000084700000, 0x0000000084800000|  0%| F|  |TAMS 0x0000000084700000, 0x0000000084700000| Untracked 
|  72|0x0000000084800000, 0x0000000084800000, 0x0000000084900000|  0%| F|  |TAMS 0x0000000084800000, 0x0000000084800000| Untracked 
|  73|0x0000000084900000, 0x0000000084900000, 0x0000000084a00000|  0%| F|  |TAMS 0x0000000084900000, 0x0000000084900000| Untracked 
|  74|0x0000000084a00000, 0x0000000084a00000, 0x0000000084b00000|  0%| F|  |TAMS 0x0000000084a00000, 0x0000000084a00000| Untracked 
|  75|0x0000000084b00000, 0x0000000084b00000, 0x0000000084c00000|  0%| F|  |TAMS 0x0000000084b00000, 0x0000000084b00000| Untracked 
|  76|0x0000000084c00000, 0x0000000084c00000, 0x0000000084d00000|  0%| F|  |TAMS 0x0000000084c00000, 0x0000000084c00000| Untracked 
| 123|0x0000000087b00000, 0x0000000087b59570, 0x0000000087c00000| 34%| E|  |TAMS 0x0000000087b00000, 0x0000000087b00000| Complete 

Card table byte_map: [0x00000293ac490000,0x00000293ac890000] _byte_map_base: 0x00000293ac090000

Marking Bits (Prev, Next): (CMBitMap*) 0x00000293996d7fe0, (CMBitMap*) 0x00000293996d7fa0
 Prev Bits: [0x00000293aec90000, 0x00000293b0c90000)
 Next Bits: [0x00000293acc90000, 0x00000293aec90000)

Polling page: 0x00000293975a0000

Metaspace:

Usage:
  Non-class:     22.60 MB used.
      Class:      3.36 MB used.
       Both:     25.95 MB used.

Virtual space:
  Non-class space:       64.00 MB reserved,      22.75 MB ( 36%) committed,  1 nodes.
      Class space:        1.00 GB reserved,       3.50 MB ( <1%) committed,  1 nodes.
             Both:        1.06 GB reserved,      26.25 MB (  2%) committed. 

Chunk freelists:
   Non-Class:  9.30 MB
       Class:  12.48 MB
        Both:  21.78 MB

MaxMetaspaceSize: unlimited
CompressedClassSpaceSize: 1.00 GB
Initial GC threshold: 21.00 MB
Current GC threshold: 35.25 MB
CDS: off
MetaspaceReclaimPolicy: balanced
 - commit_granule_bytes: 65536.
 - commit_granule_words: 8192.
 - virtual_space_node_default_size: 8388608.
 - enlarge_chunks_in_place: 1.
 - new_chunks_are_fully_committed: 0.
 - uncommit_free_chunks: 1.
 - use_allocation_guard: 0.
 - handle_deallocations: 1.


Internal statistics:

num_allocs_failed_limit: 3.
num_arena_births: 204.
num_arena_deaths: 0.
num_vsnodes_births: 2.
num_vsnodes_deaths: 0.
num_space_committed: 420.
num_space_uncommitted: 0.
num_chunks_returned_to_freelist: 3.
num_chunks_taken_from_freelist: 788.
num_chunk_merges: 3.
num_chunk_splits: 526.
num_chunks_enlarged: 397.
num_inconsistent_stats: 0.

CodeHeap 'non-profiled nmethods': size=120000Kb used=1276Kb max_used=1276Kb free=118723Kb
 bounds [0x00000293a4600000, 0x00000293a4870000, 0x00000293abb30000]
CodeHeap 'profiled nmethods': size=120000Kb used=4394Kb max_used=4394Kb free=115605Kb
 bounds [0x000002939cb30000, 0x000002939cf80000, 0x00000293a4060000]
CodeHeap 'non-nmethods': size=5760Kb used=1224Kb max_used=1274Kb free=4535Kb
 bounds [0x00000293a4060000, 0x00000293a42d0000, 0x00000293a4600000]
 total_blobs=2806 nmethods=2267 adapters=451
 compilation: enabled
              stopped_count=0, restarted_count=0
 full_count=0

Compilation events (20 events):
Event: 2.025 Thread 0x00000293b3b0c6c0 nmethod 2244 0x000002939cf6fb90 code [0x000002939cf6fd20, 0x000002939cf6fe38]
Event: 2.027 Thread 0x00000293b3b09cb0 2246       4       java.lang.StringBuilder::append (8 bytes)
Event: 2.033 Thread 0x00000293b3b09cb0 nmethod 2246 0x00000293a4739590 code [0x00000293a4739740, 0x00000293a4739cd8]
Event: 2.038 Thread 0x00000293b3b0c6c0 2247       3       jdk.internal.perf.PerfCounter::getParentDelegationTime (4 bytes)
Event: 2.039 Thread 0x00000293b3b0c6c0 nmethod 2247 0x000002939cf6ff10 code [0x000002939cf700a0, 0x000002939cf70198]
Event: 2.039 Thread 0x00000293b3b0c6c0 2248       3       jdk.internal.perf.PerfCounter::addTime (6 bytes)
Event: 2.039 Thread 0x00000293b3b0c6c0 nmethod 2248 0x000002939cf70210 code [0x000002939cf703a0, 0x000002939cf704e8]
Event: 2.039 Thread 0x00000293b3b0c6c0 2249       3       jdk.internal.perf.PerfCounter::getFindClassTime (4 bytes)
Event: 2.039 Thread 0x00000293b3b0c6c0 nmethod 2249 0x000002939cf70590 code [0x000002939cf70720, 0x000002939cf70818]
Event: 2.039 Thread 0x00000293b3b0c6c0 2250       3       jdk.internal.perf.PerfCounter::getFindClasses (4 bytes)
Event: 2.039 Thread 0x00000293b3b0c6c0 nmethod 2250 0x000002939cf70890 code [0x000002939cf70a20, 0x000002939cf70b18]
Event: 2.039 Thread 0x00000293b3b0c6c0 2251       3       java.lang.reflect.ProxyGenerator$ProxyMethod::emitIconstInsn (75 bytes)
Event: 2.039 Thread 0x00000293b3b0c6c0 nmethod 2251 0x000002939cf70b90 code [0x000002939cf70dc0, 0x000002939cf71678]
Event: 2.040 Thread 0x00000293b3b0c6c0 2252       3       java.util.Collections$EmptyList::iterator (4 bytes)
Event: 2.040 Thread 0x00000293b3b0c6c0 nmethod 2252 0x000002939cf71890 code [0x000002939cf71a20, 0x000002939cf71b98]
Event: 2.040 Thread 0x00000293b3b0c6c0 2253       3       jdk.internal.reflect.ReflectionFactory::newConstructorAccessor (155 bytes)
Event: 2.041 Thread 0x00000293b3b0c6c0 nmethod 2253 0x000002939cf71c90 code [0x000002939cf72000, 0x000002939cf73678]
Event: 2.044 Thread 0x00000293b3b09cb0 2255       4       java.lang.Class::getClassLoader (28 bytes)
Event: 2.045 Thread 0x00000293b3b09cb0 nmethod 2255 0x00000293a473a290 code [0x00000293a473a400, 0x00000293a473a4b8]
Event: 2.048 Thread 0x00000293b3b09cb0 2256   !   4       java.util.concurrent.ConcurrentHashMap::transfer (849 bytes)

GC Heap History (6 events):
Event: 0.532 GC heap before
{Heap before GC invocations=0 (full 0):
 garbage-first heap   total 126976K, used 26624K [0x0000000080000000, 0x0000000100000000)
  region size 1024K, 23 young (23552K), 0 survivors (0K)
 Metaspace       used 10462K, committed 10624K, reserved 1114112K
  class space    used 1090K, committed 1152K, reserved 1048576K
}
Event: 0.536 GC heap after
{Heap after GC invocations=1 (full 0):
 garbage-first heap   total 126976K, used 10624K [0x0000000080000000, 0x0000000100000000)
  region size 1024K, 3 young (3072K), 3 survivors (3072K)
 Metaspace       used 10462K, committed 10624K, reserved 1114112K
  class space    used 1090K, committed 1152K, reserved 1048576K
}
Event: 0.750 GC heap before
{Heap before GC invocations=1 (full 0):
 garbage-first heap   total 126976K, used 38272K [0x0000000080000000, 0x0000000100000000)
  region size 1024K, 30 young (30720K), 3 survivors (3072K)
 Metaspace       used 11461K, committed 11648K, reserved 1114112K
  class space    used 1200K, committed 1280K, reserved 1048576K
}
Event: 0.753 GC heap after
{Heap after GC invocations=2 (full 0):
 garbage-first heap   total 126976K, used 12211K [0x0000000080000000, 0x0000000100000000)
  region size 1024K, 1 young (1024K), 1 survivors (1024K)
 Metaspace       used 11461K, committed 11648K, reserved 1114112K
  class space    used 1200K, committed 1280K, reserved 1048576K
}
Event: 1.577 GC heap before
{Heap before GC invocations=2 (full 0):
 garbage-first heap   total 126976K, used 59315K [0x0000000080000000, 0x0000000100000000)
  region size 1024K, 47 young (48128K), 1 survivors (1024K)
 Metaspace       used 21329K, committed 21504K, reserved 1114112K
  class space    used 2530K, committed 2624K, reserved 1048576K
}
Event: 1.585 GC heap after
{Heap after GC invocations=3 (full 0):
 garbage-first heap   total 126976K, used 19598K [0x0000000080000000, 0x0000000100000000)
  region size 1024K, 9 young (9216K), 9 survivors (9216K)
 Metaspace       used 21329K, committed 21504K, reserved 1114112K
  class space    used 2530K, committed 2624K, reserved 1048576K
}

Dll operation events (3 events):
Event: 0.009 Loaded shared library C:\Program Files\Android\Android Studio4\jbr\bin\java.dll
Event: 0.123 Loaded shared library C:\Program Files\Android\Android Studio4\jbr\bin\zip.dll
Event: 0.319 Loaded shared library C:\Program Files\Android\Android Studio4\jbr\bin\verify.dll

Deoptimization events (20 events):
Event: 1.642 Thread 0x00000293ba03a4c0 Uncommon trap: trap_request=0xffffff45 fr.pc=0x00000293a46d61b8 relative=0x0000000000000198
Event: 1.642 Thread 0x00000293ba03a4c0 Uncommon trap: reason=unstable_if action=reinterpret pc=0x00000293a46d61b8 method=java.util.WeakHashMap.expungeStaleEntries()V @ 9 c2
Event: 1.642 Thread 0x00000293ba03a4c0 DEOPT PACKING pc=0x00000293a46d61b8 sp=0x000000cb7d5fb3e0
Event: 1.642 Thread 0x00000293ba03a4c0 DEOPT UNPACKING pc=0x00000293a40b69a3 sp=0x000000cb7d5fb378 mode 2
Event: 1.834 Thread 0x00000293ba03a4c0 Uncommon trap: trap_request=0xffffff45 fr.pc=0x00000293a46207a0 relative=0x0000000000000aa0
Event: 1.834 Thread 0x00000293ba03a4c0 Uncommon trap: reason=unstable_if action=reinterpret pc=0x00000293a46207a0 method=java.io.WinNTFileSystem.resolve(Ljava/lang/String;Ljava/lang/String;)Ljava/lang/String; @ 19 c2
Event: 1.834 Thread 0x00000293ba03a4c0 DEOPT PACKING pc=0x00000293a46207a0 sp=0x000000cb7d5fd100
Event: 1.834 Thread 0x00000293ba03a4c0 DEOPT UNPACKING pc=0x00000293a40b69a3 sp=0x000000cb7d5fd0a8 mode 2
Event: 1.836 Thread 0x00000293ba03a4c0 Uncommon trap: trap_request=0xffffff45 fr.pc=0x00000293a467e1c8 relative=0x00000000000005a8
Event: 1.836 Thread 0x00000293ba03a4c0 Uncommon trap: reason=unstable_if action=reinterpret pc=0x00000293a467e1c8 method=java.io.File.getName()Ljava/lang/String; @ 16 c2
Event: 1.836 Thread 0x00000293ba03a4c0 DEOPT PACKING pc=0x00000293a467e1c8 sp=0x000000cb7d5fd0a0
Event: 1.836 Thread 0x00000293ba03a4c0 DEOPT UNPACKING pc=0x00000293a40b69a3 sp=0x000000cb7d5fd070 mode 2
Event: 1.850 Thread 0x00000293ba03a4c0 DEOPT PACKING pc=0x000002939ce92271 sp=0x000000cb7d5fbe90
Event: 1.850 Thread 0x00000293ba03a4c0 DEOPT UNPACKING pc=0x00000293a40b7143 sp=0x000000cb7d5fb3a0 mode 0
Event: 2.018 Thread 0x00000293ba03a4c0 DEOPT PACKING pc=0x000002939ce92292 sp=0x000000cb7d5f79d0
Event: 2.018 Thread 0x00000293ba03a4c0 DEOPT UNPACKING pc=0x00000293a40b7143 sp=0x000000cb7d5f6ee0 mode 0
Event: 2.041 Thread 0x00000293ba03a4c0 DEOPT PACKING pc=0x000002939ce92271 sp=0x000000cb7d5f87d0
Event: 2.041 Thread 0x00000293ba03a4c0 DEOPT UNPACKING pc=0x00000293a40b7143 sp=0x000000cb7d5f7ce0 mode 0
Event: 2.048 Thread 0x00000293ba03a4c0 DEOPT PACKING pc=0x000002939ce92271 sp=0x000000cb7d5f94b0
Event: 2.048 Thread 0x00000293ba03a4c0 DEOPT UNPACKING pc=0x00000293a40b7143 sp=0x000000cb7d5f89c0 mode 0

Classes unloaded (0 events):
No events

Classes redefined (0 events):
No events

Internal exceptions (20 events):
Event: 1.493 Thread 0x00000293ba03a4c0 Exception <a 'java/lang/NoSuchMethodError'{0x0000000085491788}: 'long java.lang.invoke.DirectMethodHandle$Holder.invokeInterface(java.lang.Object, java.lang.Object)'> (0x0000000085491788) 
thrown [s\src\hotspot\share\interpreter\linkResolver.cpp, line 771]
Event: 1.497 Thread 0x00000293ba03a4c0 Exception <a 'java/lang/NoSuchMethodError'{0x00000000854c9560}: 'java.lang.Object java.lang.invoke.DirectMethodHandle$Holder.invokeVirtual(java.lang.Object, java.lang.Object, java.lang.Object)'> (0x00000000854c9560) 
thrown [s\src\hotspot\share\interpreter\linkResolver.cpp, line 771]
Event: 1.540 Thread 0x00000293ba03a4c0 Exception <a 'java/lang/NoSuchMethodError'{0x00000000850796a8}: 'void java.lang.invoke.DirectMethodHandle$Holder.invokeStatic(java.lang.Object, java.lang.Object)'> (0x00000000850796a8) 
thrown [s\src\hotspot\share\interpreter\linkResolver.cpp, line 771]
Event: 1.618 Thread 0x00000293ba03a4c0 Exception <a 'java/lang/NoSuchMethodError'{0x0000000083a0f208}: 'java.lang.Object java.lang.invoke.DirectMethodHandle$Holder.newInvokeSpecial(java.lang.Object, java.lang.Object, java.lang.Object, java.lang.Object, java.lang.Object, java.lang.Object)'> (0x0000000083a0f208) 
thrown [s\src\hotspot\share\interpreter\linkResolver.cpp, line 771]
Event: 1.619 Thread 0x00000293ba03a4c0 Exception <a 'java/lang/NoSuchMethodError'{0x0000000083a26d10}: 'void java.lang.invoke.DirectMethodHandle$Holder.invokeSpecial(java.lang.Object, java.lang.Object, java.lang.Object, java.lang.Object, java.lang.Object)'> (0x0000000083a26d10) 
thrown [s\src\hotspot\share\interpreter\linkResolver.cpp, line 771]
Event: 1.620 Thread 0x00000293ba03a4c0 Exception <a 'java/lang/NoSuchMethodError'{0x0000000083a3abb0}: 'void java.lang.invoke.DirectMethodHandle$Holder.invokeStaticInit(java.lang.Object, java.lang.Object)'> (0x0000000083a3abb0) 
thrown [s\src\hotspot\share\interpreter\linkResolver.cpp, line 771]
Event: 1.645 Thread 0x00000293ba03a4c0 Exception <a 'java/lang/NoSuchMethodError'{0x0000000083941e90}: 'java.lang.Object java.lang.invoke.DirectMethodHandle$Holder.newInvokeSpecial(java.lang.Object, java.lang.Object, java.lang.Object, int, java.lang.Object, java.lang.Object)'> (0x0000000083941e90) 
thrown [s\src\hotspot\share\interpreter\linkResolver.cpp, line 771]
Event: 1.673 Thread 0x00000293ba03a4c0 Exception <a 'java/lang/NoSuchMethodError'{0x0000000083702058}: 'void java.lang.invoke.DelegatingMethodHandle$Holder.reinvoke_L(java.lang.Object, java.lang.Object, java.lang.Object, java.lang.Object, java.lang.Object, java.lang.Object, java.lang.Object, java.lang.Object, java.lang.Object, java.lang.Object)'> (0x0000000083702058) 
thrown [s\src\hotspot\share\interpreter\linkResolver.cpp, line 771]
Event: 1.673 Thread 0x00000293ba03a4c0 Exception <a 'java/lang/NoSuchMethodError'{0x000000008370a608}: 'java.lang.Object java.lang.invoke.DirectMethodHandle$Holder.invokeSpecial(java.lang.Object, java.lang.Object, java.lang.Object, java.lang.Object, java.lang.Object, java.lang.Object, java.lang.Object, java.lang.Object, java.lang.Object, java.lang.Object)'> (0x000000008370a608) 
thrown [s\src\hotspot\share\interpreter\linkResolver.cpp, line 771]
Event: 1.674 Thread 0x00000293ba03a4c0 Exception <a 'java/lang/NoSuchMethodError'{0x000000008370eed8}: 'java.lang.Object java.lang.invoke.Invokers$Holder.invoker(java.lang.Object, java.lang.Object, java.lang.Object, java.lang.Object, java.lang.Object, java.lang.Object, java.lang.Object, java.lang.Object, java.lang.Object, java.lang.Object)'> (0x000000008370eed8) 
thrown [s\src\hotspot\share\interpreter\linkResolver.cpp, line 771]
Event: 1.674 Thread 0x00000293ba03a4c0 Exception <a 'java/lang/NoSuchMethodError'{0x0000000083714ae0}: 'java.lang.Object java.lang.invoke.DirectMethodHandle$Holder.invokeSpecial(java.lang.Object, java.lang.Object, java.lang.Object, java.lang.Object, java.lang.Object, java.lang.Object, java.lang.Object, java.lang.Object, java.lang.Object, java.lang.Object, java.lang.Object)'> (0x0000000083714ae0) 
thrown [s\src\hotspot\share\interpreter\linkResolver.cpp, line 771]
Event: 1.778 Thread 0x00000293ba03a4c0 Exception <a 'java/lang/NoSuchMethodError'{0x00000000832f1460}: 'void java.lang.invoke.DirectMethodHandle$Holder.invokeStaticInit(java.lang.Object)'> (0x00000000832f1460) 
thrown [s\src\hotspot\share\interpreter\linkResolver.cpp, line 771]
Event: 1.787 Thread 0x00000293ba03a4c0 Exception <a 'java/lang/NoSuchMethodError'{0x00000000831a5020}: 'java.lang.Object java.lang.invoke.DirectMethodHandle$Holder.newInvokeSpecial(java.lang.Object, java.lang.Object, java.lang.Object, int)'> (0x00000000831a5020) 
thrown [s\src\hotspot\share\interpreter\linkResolver.cpp, line 771]
Event: 1.788 Thread 0x00000293ba03a4c0 Exception <a 'java/lang/NoSuchMethodError'{0x00000000831a9950}: 'java.lang.Object java.lang.invoke.DirectMethodHandle$Holder.invokeSpecial(java.lang.Object, java.lang.Object, java.lang.Object, java.lang.Object, int)'> (0x00000000831a9950) 
thrown [s\src\hotspot\share\interpreter\linkResolver.cpp, line 771]
Event: 1.788 Thread 0x00000293ba03a4c0 Exception <a 'java/lang/NoSuchMethodError'{0x00000000831ada68}: 'java.lang.Object java.lang.invoke.Invokers$Holder.linkToTargetMethod(java.lang.Object, java.lang.Object, int, java.lang.Object)'> (0x00000000831ada68) 
thrown [s\src\hotspot\share\interpreter\linkResolver.cpp, line 771]
Event: 2.010 Thread 0x00000293ba03a4c0 Exception <a 'java/lang/NoSuchMethodError'{0x0000000082148e70}: 'int java.lang.invoke.DirectMethodHandle$Holder.invokeSpecialIFC(java.lang.Object, java.lang.Object, java.lang.Object, java.lang.Object)'> (0x0000000082148e70) 
thrown [s\src\hotspot\share\interpreter\linkResolver.cpp, line 771]
Event: 2.011 Thread 0x00000293ba03a4c0 Exception <a 'java/lang/NoSuchMethodError'{0x0000000082158170}: 'java.lang.Object java.lang.invoke.DirectMethodHandle$Holder.invokeInterface(java.lang.Object, java.lang.Object, java.lang.Object)'> (0x0000000082158170) 
thrown [s\src\hotspot\share\interpreter\linkResolver.cpp, line 771]
Event: 2.011 Thread 0x00000293ba03a4c0 Exception <a 'java/lang/IncompatibleClassChangeError'{0x000000008215c030}: Found class java.lang.Object, but interface was expected> (0x000000008215c030) 
thrown [s\src\hotspot\share\interpreter\linkResolver.cpp, line 838]
Event: 2.044 Thread 0x00000293ba03a4c0 Exception <a 'java/lang/NoSuchMethodError'{0x0000000081fbdbf8}: 'int java.lang.invoke.DirectMethodHandle$Holder.invokeStatic(java.lang.Object, java.lang.Object, java.lang.Object, java.lang.Object)'> (0x0000000081fbdbf8) 
thrown [s\src\hotspot\share\interpreter\linkResolver.cpp, line 771]
Event: 2.044 Thread 0x00000293ba03a4c0 Exception <a 'java/lang/NoSuchMethodError'{0x0000000081fc1820}: 'java.lang.Object java.lang.invoke.Invokers$Holder.invokeExact_MT(java.lang.Object, java.lang.Object, java.lang.Object, java.lang.Object, java.lang.Object, java.lang.Object)'> (0x0000000081fc1820) 
thrown [s\src\hotspot\share\interpreter\linkResolver.cpp, line 771]

VM Operations (20 events):
Event: 1.050 Executing VM operation: HandshakeAllThreads
Event: 1.050 Executing VM operation: HandshakeAllThreads done
Event: 1.138 Executing VM operation: HandshakeAllThreads
Event: 1.138 Executing VM operation: HandshakeAllThreads done
Event: 1.319 Executing VM operation: HandshakeAllThreads
Event: 1.319 Executing VM operation: HandshakeAllThreads done
Event: 1.381 Executing VM operation: HandshakeAllThreads
Event: 1.381 Executing VM operation: HandshakeAllThreads done
Event: 1.577 Executing VM operation: CollectForMetadataAllocation
Event: 1.585 Executing VM operation: CollectForMetadataAllocation done
Event: 1.589 Executing VM operation: G1PauseRemark
Event: 1.593 Executing VM operation: G1PauseRemark done
Event: 1.594 Executing VM operation: G1PauseCleanup
Event: 1.598 Executing VM operation: G1PauseCleanup done
Event: 1.656 Executing VM operation: HandshakeAllThreads
Event: 1.656 Executing VM operation: HandshakeAllThreads done
Event: 1.867 Executing VM operation: HandshakeAllThreads
Event: 1.868 Executing VM operation: HandshakeAllThreads done
Event: 1.868 Executing VM operation: HandshakeAllThreads
Event: 1.868 Executing VM operation: HandshakeAllThreads done

Events (20 events):
Event: 2.011 loading class java/util/stream/ReduceOps$1ReducingSink
Event: 2.011 loading class java/util/stream/ReduceOps$1ReducingSink done
Event: 2.016 loading class java/lang/management/MemoryType
Event: 2.016 loading class java/lang/management/MemoryType done
Event: 2.016 loading class java/lang/management/MemoryUsage
Event: 2.016 loading class java/lang/management/MemoryUsage done
Event: 2.016 loading class java/util/concurrent/LinkedBlockingDeque$Node
Event: 2.017 loading class java/util/concurrent/LinkedBlockingDeque$Node done
Event: 2.027 loading class java/util/regex/Pattern$Dollar
Event: 2.027 loading class java/util/regex/Pattern$Dollar done
Event: 2.035 loading class java/io/ObjectInputStream
Event: 2.036 loading class java/io/ObjectInput
Event: 2.036 loading class java/io/ObjectInput done
Event: 2.036 loading class java/io/ObjectStreamConstants
Event: 2.036 loading class java/io/ObjectStreamConstants done
Event: 2.036 loading class java/io/ObjectInputStream done
Event: 2.036 loading class java/io/ObjectOutputStream
Event: 2.037 loading class java/io/ObjectOutput
Event: 2.037 loading class java/io/ObjectOutput done
Event: 2.037 loading class java/io/ObjectOutputStream done


Dynamic libraries:
0x00007ff660450000 - 0x00007ff66045a000 	C:\Program Files\Android\Android Studio4\jbr\bin\java.exe
0x00007fffa9310000 - 0x00007fffa9527000 	C:\WINDOWS\SYSTEM32\ntdll.dll
0x00007fffa8240000 - 0x00007fffa8304000 	C:\WINDOWS\System32\KERNEL32.DLL
0x00007fffa6c80000 - 0x00007fffa7037000 	C:\WINDOWS\System32\KERNELBASE.dll
0x00007fffa6710000 - 0x00007fffa6821000 	C:\WINDOWS\System32\ucrtbase.dll
0x00007fff62aa0000 - 0x00007fff62abb000 	C:\Program Files\Android\Android Studio4\jbr\bin\VCRUNTIME140.dll
0x00007fff7bf60000 - 0x00007fff7bf77000 	C:\Program Files\Android\Android Studio4\jbr\bin\jli.dll
0x00007fffa8570000 - 0x00007fffa871f000 	C:\WINDOWS\System32\USER32.dll
0x00007fffa68d0000 - 0x00007fffa68f6000 	C:\WINDOWS\System32\win32u.dll
0x00007fffa8c90000 - 0x00007fffa8cb9000 	C:\WINDOWS\System32\GDI32.dll
0x00007fffa6b60000 - 0x00007fffa6c78000 	C:\WINDOWS\System32\gdi32full.dll
0x00007fffa6830000 - 0x00007fffa68ca000 	C:\WINDOWS\System32\msvcp_win.dll
0x00007fff8a880000 - 0x00007fff8ab13000 	C:\WINDOWS\WinSxS\amd64_microsoft.windows.common-controls_6595b64144ccf1df_6.0.22621.3672_none_2713b9d173822955\COMCTL32.dll
0x00007fffa8800000 - 0x00007fffa88a7000 	C:\WINDOWS\System32\msvcrt.dll
0x00007fffa8ef0000 - 0x00007fffa8f21000 	C:\WINDOWS\System32\IMM32.DLL
0x0000000072660000 - 0x000000007266c000 	C:\Program Files (x86)\360\Total Security\safemon\SafeWrapper.dll
0x00007fffa8180000 - 0x00007fffa8232000 	C:\WINDOWS\System32\ADVAPI32.dll
0x00007fffa7ff0000 - 0x00007fffa8098000 	C:\WINDOWS\System32\sechost.dll
0x00007fffa66e0000 - 0x00007fffa6708000 	C:\WINDOWS\System32\bcrypt.dll
0x00007fffa8a60000 - 0x00007fffa8b74000 	C:\WINDOWS\System32\RPCRT4.dll
0x00007fff4c4e0000 - 0x00007fff4c58c000 	C:\Program Files (x86)\360\Total Security\safemon\libzdtp64.dll
0x00007fffa70d0000 - 0x00007fffa7939000 	C:\WINDOWS\System32\SHELL32.dll
0x00007fffa8b80000 - 0x00007fffa8bde000 	C:\WINDOWS\System32\SHLWAPI.dll
0x00007fffa6280000 - 0x00007fffa628a000 	C:\WINDOWS\SYSTEM32\VERSION.dll
0x00007fff7c280000 - 0x00007fff7c28c000 	C:\Program Files\Android\Android Studio4\jbr\bin\vcruntime140_1.dll
0x00007fff58630000 - 0x00007fff586bd000 	C:\Program Files\Android\Android Studio4\jbr\bin\msvcp140.dll
0x00007fff5e820000 - 0x00007fff5f4a3000 	C:\Program Files\Android\Android Studio4\jbr\bin\server\jvm.dll
0x00007fffa5460000 - 0x00007fffa54ad000 	C:\WINDOWS\SYSTEM32\POWRPROF.dll
0x00007fff9fb60000 - 0x00007fff9fb69000 	C:\WINDOWS\SYSTEM32\WSOCK32.dll
0x00007fff9d0d0000 - 0x00007fff9d104000 	C:\WINDOWS\SYSTEM32\WINMM.dll
0x00007fffa84f0000 - 0x00007fffa8561000 	C:\WINDOWS\System32\WS2_32.dll
0x00007fffa5440000 - 0x00007fffa5453000 	C:\WINDOWS\SYSTEM32\UMPDC.dll
0x00007fffa56f0000 - 0x00007fffa5708000 	C:\WINDOWS\SYSTEM32\kernel.appcore.dll
0x00007fff9de70000 - 0x00007fff9de7a000 	C:\Program Files\Android\Android Studio4\jbr\bin\jimage.dll
0x00007fffa3e50000 - 0x00007fffa4082000 	C:\WINDOWS\SYSTEM32\DBGHELP.DLL
0x00007fffa8f30000 - 0x00007fffa92be000 	C:\WINDOWS\System32\combase.dll
0x00007fffa8720000 - 0x00007fffa87f7000 	C:\WINDOWS\System32\OLEAUT32.dll
0x00007fff86910000 - 0x00007fff86942000 	C:\WINDOWS\SYSTEM32\dbgcore.DLL
0x00007fffa6ae0000 - 0x00007fffa6b5b000 	C:\WINDOWS\System32\bcryptPrimitives.dll
0x00007fff82200000 - 0x00007fff8220e000 	C:\Program Files\Android\Android Studio4\jbr\bin\instrument.dll
0x00007fff87a80000 - 0x00007fff87aa5000 	C:\Program Files\Android\Android Studio4\jbr\bin\java.dll
0x00007fff9de50000 - 0x00007fff9de68000 	C:\Program Files\Android\Android Studio4\jbr\bin\zip.dll
0x00007fffa4520000 - 0x00007fffa4e1f000 	C:\WINDOWS\SYSTEM32\windows.storage.dll
0x00007fffa43e0000 - 0x00007fffa451f000 	C:\WINDOWS\SYSTEM32\wintypes.dll
0x00007fffa7a70000 - 0x00007fffa7b69000 	C:\WINDOWS\System32\SHCORE.dll
0x00007fffa6550000 - 0x00007fffa6577000 	C:\WINDOWS\SYSTEM32\profapi.dll
0x00007fff8ac00000 - 0x00007fff8ac19000 	C:\Program Files\Android\Android Studio4\jbr\bin\net.dll
0x00007fffa02e0000 - 0x00007fffa0416000 	C:\WINDOWS\SYSTEM32\WINHTTP.dll
0x00007fffa5b60000 - 0x00007fffa5bc9000 	C:\WINDOWS\system32\mswsock.dll
0x00007fff82210000 - 0x00007fff82226000 	C:\Program Files\Android\Android Studio4\jbr\bin\nio.dll
0x00007fff82470000 - 0x00007fff82480000 	C:\Program Files\Android\Android Studio4\jbr\bin\verify.dll
0x00007fff69120000 - 0x00007fff69147000 	C:\Users\user\.gradle\native\c067742578af261105cb4f569cf0c3c89f3d7b1fecec35dd04571415982c5e48\windows-amd64\native-platform.dll
0x00007fff4c390000 - 0x00007fff4c4d4000 	C:\Users\user\.gradle\native\38dada09dfb8b06ba9b0570ebf7e218e3eb74d4ef43ca46872605cf95ebc2f47\windows-amd64\native-platform-file-events.dll
0x00007fff83680000 - 0x00007fff83689000 	C:\Program Files\Android\Android Studio4\jbr\bin\management.dll
0x00007fff82e20000 - 0x00007fff82e2b000 	C:\Program Files\Android\Android Studio4\jbr\bin\management_ext.dll
0x00007fffa7940000 - 0x00007fffa7948000 	C:\WINDOWS\System32\PSAPI.DLL
0x00007fffa5db0000 - 0x00007fffa5dcb000 	C:\WINDOWS\SYSTEM32\CRYPTSP.dll
0x00007fffa5650000 - 0x00007fffa5685000 	C:\WINDOWS\system32\rsaenh.dll
0x00007fffa5c50000 - 0x00007fffa5c78000 	C:\WINDOWS\SYSTEM32\USERENV.dll
0x00007fffa5dd0000 - 0x00007fffa5ddc000 	C:\WINDOWS\SYSTEM32\CRYPTBASE.dll
0x00007fffa5100000 - 0x00007fffa512d000 	C:\WINDOWS\SYSTEM32\IPHLPAPI.DLL
0x00007fffa8120000 - 0x00007fffa8129000 	C:\WINDOWS\System32\NSI.dll
0x00007fffa0100000 - 0x00007fffa0119000 	C:\WINDOWS\SYSTEM32\dhcpcsvc6.DLL
0x00007fffa00e0000 - 0x00007fffa00ff000 	C:\WINDOWS\SYSTEM32\dhcpcsvc.DLL
0x00007fffa5130000 - 0x00007fffa5232000 	C:\WINDOWS\SYSTEM32\DNSAPI.dll
0x00007fff86950000 - 0x00007fff86958000 	C:\WINDOWS\system32\wshunix.dll

dbghelp: loaded successfully - version: 4.0.5 - missing functions: none
symbol engine: initialized successfully - sym options: 0x614 - pdb path: .;C:\Program Files\Android\Android Studio4\jbr\bin;C:\WINDOWS\SYSTEM32;C:\WINDOWS\WinSxS\amd64_microsoft.windows.common-controls_6595b64144ccf1df_6.0.22621.3672_none_2713b9d173822955;C:\Program Files (x86)\360\Total Security\safemon;C:\Program Files\Android\Android Studio4\jbr\bin\server;C:\Users\user\.gradle\native\c067742578af261105cb4f569cf0c3c89f3d7b1fecec35dd04571415982c5e48\windows-amd64;C:\Users\user\.gradle\native\38dada09dfb8b06ba9b0570ebf7e218e3eb74d4ef43ca46872605cf95ebc2f47\windows-amd64

VM Arguments:
jvm_args: --add-opens=java.base/java.util=ALL-UNNAMED --add-opens=java.base/java.lang=ALL-UNNAMED --add-opens=java.base/java.lang.invoke=ALL-UNNAMED --add-opens=java.prefs/java.util.prefs=ALL-UNNAMED --add-opens=java.base/java.nio.charset=ALL-UNNAMED --add-opens=java.base/java.net=ALL-UNNAMED --add-opens=java.base/java.util.concurrent.atomic=ALL-UNNAMED -Xmx2048m -Dfile.encoding=UTF-8 -Duser.country=US -Duser.language=en -Duser.variant -javaagent:C:\Users\user\.gradle\wrapper\dists\gradle-8.4-bin\1w5dpkrfk8irigvoxmyhowfim\gradle-8.4\lib\agents\gradle-instrumentation-agent-8.4.jar 
java_command: org.gradle.launcher.daemon.bootstrap.GradleDaemon 8.4
java_class_path (initial): C:\Users\user\.gradle\wrapper\dists\gradle-8.4-bin\1w5dpkrfk8irigvoxmyhowfim\gradle-8.4\lib\gradle-launcher-8.4.jar
Launcher Type: SUN_STANDARD

[Global flags]
     intx CICompilerCount                          = 4                                         {product} {ergonomic}
     uint ConcGCThreads                            = 3                                         {product} {ergonomic}
     uint G1ConcRefinementThreads                  = 10                                        {product} {ergonomic}
   size_t G1HeapRegionSize                         = 1048576                                   {product} {ergonomic}
    uintx GCDrainStackTargetSize                   = 64                                        {product} {ergonomic}
   size_t InitialHeapSize                          = 130023424                                 {product} {ergonomic}
   size_t MarkStackSize                            = 4194304                                   {product} {ergonomic}
   size_t MaxHeapSize                              = 2147483648                                {product} {command line}
   size_t MaxNewSize                               = 1287651328                                {product} {ergonomic}
   size_t MinHeapDeltaBytes                        = 1048576                                   {product} {ergonomic}
   size_t MinHeapSize                              = 8388608                                   {product} {ergonomic}
    uintx NonNMethodCodeHeapSize                   = 5839372                                {pd product} {ergonomic}
    uintx NonProfiledCodeHeapSize                  = 122909434                              {pd product} {ergonomic}
    uintx ProfiledCodeHeapSize                     = 122909434                              {pd product} {ergonomic}
    uintx ReservedCodeCacheSize                    = 251658240                              {pd product} {ergonomic}
     bool SegmentedCodeCache                       = true                                      {product} {ergonomic}
   size_t SoftMaxHeapSize                          = 2147483648                             {manageable} {ergonomic}
     bool UseCompressedClassPointers               = true                           {product lp64_product} {ergonomic}
     bool UseCompressedOops                        = true                           {product lp64_product} {ergonomic}
     bool UseG1GC                                  = true                                      {product} {ergonomic}
     bool UseLargePagesIndividualAllocation        = false                                  {pd product} {ergonomic}

Logging:
Log output configuration:
 #0: stdout all=warning uptime,level,tags
 #1: stderr all=off uptime,level,tags

Environment Variables:
PATH=C:\Program Files\Common Files\Oracle\Java\javapath;C:\Program Files (x86)\Common Files\Oracle\Java\javapath;C:\WINDOWS\system32;C:\WINDOWS;C:\WINDOWS\System32\Wbem;C:\WINDOWS\System32\WindowsPowerShell\v1.0\;C:\WINDOWS\System32\OpenSSH\;C:\Program Files\Git\cmd;C:\Users\user\AppData\Local\Microsoft\WindowsApps;
USERNAME=user
OS=Windows_NT
PROCESSOR_IDENTIFIER=Intel64 Family 6 Model 186 Stepping 2, GenuineIntel
TMP=C:\Users\user\AppData\Local\Temp
TEMP=C:\Users\user\AppData\Local\Temp



Periodic native trim disabled

JNI global refs:
JNI global refs: 24, weak refs: 0

JNI global refs memory usage: 843, weak refs: 841

OOME stack traces (most recent first):
Classloader memory used:
Loader bootstrap                                                                       : 1880K
Loader org.gradle.internal.classloader.VisitableURLClassLoader                         : 1272K
Loader org.gradle.initialization.MixInLegacyTypesClassLoader                           : 133K
Loader jdk.internal.loader.ClassLoaders$AppClassLoader                                 : 28117B
Loader jdk.internal.loader.ClassLoaders$PlatformClassLoader                            : 14834B
Loader jdk.internal.reflect.DelegatingClassLoader                                      : 2130B

Classes loaded by more than one classloader:
Class org.gradle.internal.installation.GradleInstallation                             : loaded 2 times (x 73B)
Class org.gradle.internal.classpath.ClassPath                                         : loaded 2 times (x 68B)
Class org.gradle.api.internal.classpath.DefaultModuleRegistry                         : loaded 2 times (x 84B)
Class org.gradle.api.Action                                                           : loaded 2 times (x 68B)
Class org.gradle.api.internal.DefaultClassPathProvider                                : loaded 2 times (x 74B)
Class org.gradle.internal.installation.GradleInstallation$1                           : loaded 2 times (x 73B)
Class org.gradle.internal.classloader.FilteringClassLoader                            : loaded 2 times (x 103B)
Class org.gradle.internal.classpath.DefaultClassPath$ImmutableUniqueList$Builder      : loaded 2 times (x 73B)
Class org.gradle.internal.classloader.ClassLoaderVisitor                              : loaded 2 times (x 74B)
Class org.gradle.internal.service.DefaultServiceLocator                               : loaded 2 times (x 81B)
Class org.gradle.internal.service.UnknownServiceException                             : loaded 2 times (x 81B)
Class org.gradle.internal.classloader.VisitableURLClassLoader$Spec                    : loaded 2 times (x 72B)
Class org.gradle.api.GradleException                                                  : loaded 2 times (x 80B)
Class org.gradle.api.internal.classpath.ModuleRegistry                                : loaded 2 times (x 68B)
Class org.gradle.api.internal.ClassPathProvider                                       : loaded 2 times (x 68B)
Class org.gradle.internal.classloader.ClasspathUtil$1                                 : loaded 2 times (x 74B)
Class org.gradle.internal.classloader.ClassLoaderFactory                              : loaded 2 times (x 68B)
Class org.gradle.api.internal.classpath.ManifestUtil                                  : loaded 2 times (x 69B)
Class org.gradle.api.specs.Spec                                                       : loaded 2 times (x 68B)
Class org.gradle.internal.IoActions                                                   : loaded 2 times (x 69B)
Class org.gradle.api.internal.classpath.EffectiveClassPath                            : loaded 2 times (x 88B)
Class org.gradle.internal.installation.CurrentGradleInstallation                      : loaded 2 times (x 71B)
Class org.gradle.internal.agents.InstrumentingClassLoader                             : loaded 2 times (x 68B)
Class org.gradle.internal.installation.CurrentGradleInstallationLocator               : loaded 2 times (x 69B)
Class org.gradle.api.internal.classpath.Module                                        : loaded 2 times (x 68B)
Class org.gradle.internal.service.CachingServiceLocator                               : loaded 2 times (x 80B)
Class org.gradle.internal.classpath.DefaultClassPath                                  : loaded 2 times (x 88B)
Class org.gradle.internal.classloader.SystemClassLoaderSpec                           : loaded 2 times (x 69B)
Class org.gradle.api.UncheckedIOException                                             : loaded 2 times (x 80B)
Class org.gradle.internal.classloader.ClasspathUtil                                   : loaded 2 times (x 69B)
Class org.gradle.api.internal.DefaultClassPathRegistry                                : loaded 2 times (x 74B)
Class org.gradle.api.internal.classpath.DefaultModuleRegistry$DefaultModule           : loaded 2 times (x 84B)
Class org.gradle.api.internal.classpath.UnknownModuleException                        : loaded 2 times (x 80B)
Class org.gradle.internal.service.ServiceLookupException                              : loaded 2 times (x 80B)
Class org.gradle.cache.GlobalCache                                                    : loaded 2 times (x 68B)
Class [Lorg.gradle.api.internal.ClassPathProvider;                                    : loaded 2 times (x 67B)
Class org.gradle.util.internal.GUtil                                                  : loaded 2 times (x 69B)
Class org.gradle.internal.classloader.ClassLoaderSpec                                 : loaded 2 times (x 69B)
Class org.gradle.internal.classloader.VisitableURLClassLoader                         : loaded 2 times (x 115B)
Class org.gradle.internal.Cast                                                        : loaded 2 times (x 69B)
Class org.gradle.api.internal.ClassPathRegistry                                       : loaded 2 times (x 68B)
Class org.gradle.internal.classloader.VisitableURLClassLoader$InstrumentingVisitableURLClassLoader: loaded 2 times (x 121B)
Class org.gradle.internal.classloader.ClassLoaderHierarchy                            : loaded 2 times (x 68B)
Class org.gradle.internal.InternalTransformer                                         : loaded 2 times (x 68B)
Class org.gradle.internal.service.ServiceLocator                                      : loaded 2 times (x 68B)
Class org.gradle.internal.classpath.DefaultClassPath$ImmutableUniqueList              : loaded 2 times (x 159B)
Class org.gradle.internal.classpath.TransformedClassPath                              : loaded 2 times (x 94B)


---------------  S Y S T E M  ---------------

OS:
 Windows 11 , 64 bit Build 22621 (10.0.22621.3958)
OS uptime: 0 days 22:07 hours

CPU: total 12 (initial active 12) (6 cores per cpu, 2 threads per core) family 6 model 186 stepping 2 microcode 0x4121, cx8, cmov, fxsr, ht, mmx, 3dnowpref, sse, sse2, sse3, ssse3, sse4.1, sse4.2, popcnt, lzcnt, tsc, tscinvbit, avx, avx2, aes, erms, clmul, bmi1, bmi2, adx, sha, fma, vzeroupper, clflush, clflushopt, clwb
Processor Information for processor 0
  Max Mhz: 2100, Current Mhz: 2100, Mhz Limit: 2100
Processor Information for processor 1
  Max Mhz: 2100, Current Mhz: 2100, Mhz Limit: 2100
Processor Information for processor 2
  Max Mhz: 2100, Current Mhz: 2100, Mhz Limit: 2100
Processor Information for processor 3
  Max Mhz: 2100, Current Mhz: 2100, Mhz Limit: 2100
Processor Information for processor 4
  Max Mhz: 2100, Current Mhz: 1453, Mhz Limit: 2100
Processor Information for processor 5
  Max Mhz: 2100, Current Mhz: 2100, Mhz Limit: 2100
Processor Information for processor 6
  Max Mhz: 2100, Current Mhz: 2100, Mhz Limit: 2100
Processor Information for processor 7
  Max Mhz: 2100, Current Mhz: 1453, Mhz Limit: 2100
Processor Information for processor 8
  Max Mhz: 2100, Current Mhz: 2100, Mhz Limit: 2100
Processor Information for processor 9
  Max Mhz: 2100, Current Mhz: 1540, Mhz Limit: 2100
Processor Information for processor 10
  Max Mhz: 2100, Current Mhz: 2100, Mhz Limit: 2100
Processor Information for processor 11
  Max Mhz: 2100, Current Mhz: 1540, Mhz Limit: 2100

Memory: 4k page, system-wide physical 7832M (482M free)
TotalPageFile size 7832M (AvailPageFile size 3M)
current process WorkingSet (physical memory assigned to process): 177M, peak: 177M
current process commit charge ("private bytes"): 227M, peak: 267M

vm_info: OpenJDK 64-Bit Server VM (17.0.9+0--11185874) for windows-amd64 JRE (17.0.9+0--11185874), built on Dec  6 2023 18:57:44 by "androidbuild" with MS VC++ 16.10 / 16.11 (VS2019)

END.
